logs/d5d946bd-2db8-4455-bc61-5c87c07413ec.txt
val_bpb:enabled tokenizer_kind=sentencepiece tokenizer_path=./data/tokenizers/fineweb_1024_bpe.model
train_loader:dataset:fineweb10B_sp1024 train_shards:80
val_loader:shards pattern=./data/datasets/fineweb10B_sp1024/fineweb_val_*.bin tokens:62021632
model_params:20519505
world_size:4 grad_accum_steps:2
sdp_backends:cudnn=False flash=True mem_efficient=False math=False
attention_mode:gqa num_heads:9 num_kv_heads:3
tie_embeddings:True embed_lr:0.05 head_lr:0.0 matrix_lr:0.04 scalar_lr:0.04
train_batch_tokens:524288 train_seq_len:1024 iterations:20000 warmup_steps:20 max_wallclock_seconds:600.000
seed:1337
warmup_step:1/20
warmup_step:2/20
warmup_step:3/20
warmup_step:4/20
warmup_step:5/20
warmup_step:6/20
warmup_step:7/20
warmup_step:8/20
warmup_step:9/20
warmup_step:10/20
warmup_step:11/20
warmup_step:12/20
warmup_step:13/20
warmup_step:14/20
warmup_step:15/20
warmup_step:16/20
warmup_step:17/20
warmup_step:18/20
warmup_step:19/20
warmup_step:20/20
step:1/20000 train_loss:6.9378 train_time:547ms step_avg:547.05ms
step:2/20000 train_loss:17.8012 train_time:640ms step_avg:320.24ms
step:3/20000 train_loss:9.3134 train_time:746ms step_avg:248.81ms
step:4/20000 train_loss:6.5102 train_time:853ms step_avg:213.13ms
step:5/20000 train_loss:6.3514 train_time:958ms step_avg:191.62ms
step:6/20000 train_loss:6.6715 train_time:1065ms step_avg:177.50ms
step:7/20000 train_loss:6.1819 train_time:1171ms step_avg:167.30ms
step:8/20000 train_loss:6.0693 train_time:1276ms step_avg:159.55ms
step:9/20000 train_loss:6.0239 train_time:1383ms step_avg:153.66ms
step:10/20000 train_loss:5.9358 train_time:1489ms step_avg:148.92ms
step:11/20000 train_loss:5.9207 train_time:1594ms step_avg:144.90ms
step:12/20000 train_loss:5.9351 train_time:1700ms step_avg:141.69ms
step:13/20000 train_loss:5.8341 train_time:1806ms step_avg:138.90ms
step:14/20000 train_loss:5.7987 train_time:1911ms step_avg:136.52ms
step:15/20000 train_loss:5.6521 train_time:2017ms step_avg:134.45ms
step:16/20000 train_loss:5.7271 train_time:2123ms step_avg:132.70ms
step:17/20000 train_loss:5.6348 train_time:2229ms step_avg:131.12ms
step:18/20000 train_loss:5.5039 train_time:2335ms step_avg:129.75ms
step:19/20000 train_loss:5.4099 train_time:2442ms step_avg:128.53ms
step:20/20000 train_loss:5.3219 train_time:2548ms step_avg:127.41ms
step:21/20000 train_loss:5.1705 train_time:2655ms step_avg:126.42ms
step:22/20000 train_loss:5.1571 train_time:2760ms step_avg:125.45ms
step:23/20000 train_loss:5.0052 train_time:2867ms step_avg:124.64ms
step:24/20000 train_loss:4.9647 train_time:2971ms step_avg:123.81ms
step:25/20000 train_loss:4.8650 train_time:3076ms step_avg:123.05ms
step:26/20000 train_loss:4.8285 train_time:3181ms step_avg:122.37ms
step:27/20000 train_loss:4.7464 train_time:3286ms step_avg:121.72ms
step:28/20000 train_loss:4.7647 train_time:3393ms step_avg:121.17ms
step:29/20000 train_loss:4.6558 train_time:3498ms step_avg:120.63ms
step:30/20000 train_loss:4.6433 train_time:3604ms step_avg:120.13ms
step:31/20000 train_loss:4.5816 train_time:3710ms step_avg:119.67ms
step:32/20000 train_loss:4.5154 train_time:3816ms step_avg:119.26ms
step:33/20000 train_loss:4.4825 train_time:3922ms step_avg:118.85ms
step:34/20000 train_loss:4.5290 train_time:4028ms step_avg:118.47ms
step:35/20000 train_loss:4.3892 train_time:4133ms step_avg:118.07ms
step:36/20000 train_loss:4.3943 train_time:4239ms step_avg:117.74ms
step:37/20000 train_loss:4.2820 train_time:4346ms step_avg:117.47ms
step:38/20000 train_loss:4.3187 train_time:4452ms step_avg:117.17ms
step:39/20000 train_loss:4.2918 train_time:4557ms step_avg:116.85ms
step:40/20000 train_loss:4.2535 train_time:4664ms step_avg:116.60ms
step:41/20000 train_loss:4.2118 train_time:4769ms step_avg:116.33ms
step:42/20000 train_loss:4.2142 train_time:4876ms step_avg:116.10ms
step:43/20000 train_loss:4.2669 train_time:4983ms step_avg:115.88ms
step:44/20000 train_loss:4.2496 train_time:5089ms step_avg:115.67ms
step:45/20000 train_loss:4.1540 train_time:5195ms step_avg:115.44ms
step:46/20000 train_loss:4.1063 train_time:5300ms step_avg:115.22ms
step:47/20000 train_loss:4.0465 train_time:5406ms step_avg:115.01ms
step:48/20000 train_loss:4.0596 train_time:5512ms step_avg:114.83ms
step:49/20000 train_loss:3.9984 train_time:5618ms step_avg:114.64ms
step:50/20000 train_loss:4.0490 train_time:5724ms step_avg:114.48ms
step:51/20000 train_loss:3.9268 train_time:5830ms step_avg:114.31ms
step:52/20000 train_loss:3.9606 train_time:5936ms step_avg:114.16ms
step:53/20000 train_loss:3.9015 train_time:6042ms step_avg:113.99ms
step:54/20000 train_loss:3.9203 train_time:6147ms step_avg:113.84ms
step:55/20000 train_loss:3.9506 train_time:6253ms step_avg:113.70ms
step:56/20000 train_loss:3.8467 train_time:6360ms step_avg:113.57ms
step:57/20000 train_loss:3.7927 train_time:6467ms step_avg:113.46ms
step:58/20000 train_loss:3.8230 train_time:6574ms step_avg:113.34ms
step:59/20000 train_loss:3.8925 train_time:6679ms step_avg:113.21ms
step:60/20000 train_loss:3.7661 train_time:6785ms step_avg:113.09ms
step:61/20000 train_loss:3.7304 train_time:6891ms step_avg:112.97ms
step:62/20000 train_loss:3.7349 train_time:6998ms step_avg:112.87ms
step:63/20000 train_loss:3.7258 train_time:7105ms step_avg:112.77ms
step:64/20000 train_loss:3.7625 train_time:7213ms step_avg:112.70ms
step:65/20000 train_loss:3.6762 train_time:7318ms step_avg:112.58ms
step:66/20000 train_loss:3.7099 train_time:7422ms step_avg:112.46ms
step:67/20000 train_loss:3.7072 train_time:7528ms step_avg:112.35ms
step:68/20000 train_loss:3.7462 train_time:7634ms step_avg:112.26ms
step:69/20000 train_loss:3.6771 train_time:7740ms step_avg:112.17ms
step:70/20000 train_loss:3.7102 train_time:7845ms step_avg:112.08ms
step:71/20000 train_loss:3.5858 train_time:7952ms step_avg:112.00ms
step:72/20000 train_loss:3.7664 train_time:8059ms step_avg:111.93ms
step:73/20000 train_loss:3.6663 train_time:8165ms step_avg:111.85ms
step:74/20000 train_loss:3.5918 train_time:8270ms step_avg:111.76ms
step:75/20000 train_loss:3.5622 train_time:8376ms step_avg:111.68ms
step:76/20000 train_loss:3.5720 train_time:8482ms step_avg:111.60ms
step:77/20000 train_loss:3.5473 train_time:8588ms step_avg:111.53ms
step:78/20000 train_loss:3.5590 train_time:8695ms step_avg:111.47ms
step:79/20000 train_loss:3.5609 train_time:8802ms step_avg:111.42ms
step:80/20000 train_loss:3.5976 train_time:8908ms step_avg:111.35ms
step:81/20000 train_loss:3.5711 train_time:9013ms step_avg:111.27ms
step:82/20000 train_loss:3.5258 train_time:9120ms step_avg:111.22ms
step:83/20000 train_loss:3.4746 train_time:9225ms step_avg:111.15ms
step:84/20000 train_loss:3.5000 train_time:9332ms step_avg:111.09ms
step:85/20000 train_loss:3.4562 train_time:9438ms step_avg:111.04ms
step:86/20000 train_loss:3.4501 train_time:9544ms step_avg:110.97ms
step:87/20000 train_loss:3.5073 train_time:9650ms step_avg:110.91ms
step:88/20000 train_loss:3.3724 train_time:9755ms step_avg:110.85ms
step:89/20000 train_loss:3.3883 train_time:9863ms step_avg:110.82ms
step:90/20000 train_loss:3.4238 train_time:9969ms step_avg:110.76ms
step:91/20000 train_loss:3.4087 train_time:10073ms step_avg:110.69ms
step:92/20000 train_loss:3.3746 train_time:10180ms step_avg:110.65ms
step:93/20000 train_loss:3.5103 train_time:10286ms step_avg:110.60ms
step:94/20000 train_loss:3.4276 train_time:10392ms step_avg:110.56ms
step:95/20000 train_loss:3.3658 train_time:10498ms step_avg:110.51ms
step:96/20000 train_loss:3.5011 train_time:10605ms step_avg:110.46ms
step:97/20000 train_loss:3.4224 train_time:10710ms step_avg:110.41ms
step:98/20000 train_loss:3.4067 train_time:10816ms step_avg:110.37ms
step:99/20000 train_loss:3.4462 train_time:10922ms step_avg:110.32ms
step:100/20000 train_loss:3.3981 train_time:11028ms step_avg:110.28ms
step:101/20000 train_loss:3.3651 train_time:11139ms step_avg:110.29ms
step:102/20000 train_loss:3.4055 train_time:11246ms step_avg:110.25ms
step:103/20000 train_loss:3.3557 train_time:11350ms step_avg:110.20ms
step:104/20000 train_loss:3.3850 train_time:11456ms step_avg:110.16ms
step:105/20000 train_loss:3.3337 train_time:11563ms step_avg:110.12ms
step:106/20000 train_loss:3.4191 train_time:11668ms step_avg:110.08ms
step:107/20000 train_loss:3.3907 train_time:11774ms step_avg:110.03ms
step:108/20000 train_loss:3.3455 train_time:11879ms step_avg:109.99ms
step:109/20000 train_loss:3.3165 train_time:11984ms step_avg:109.95ms
step:110/20000 train_loss:3.2877 train_time:12090ms step_avg:109.91ms
step:111/20000 train_loss:3.3415 train_time:12195ms step_avg:109.86ms
step:112/20000 train_loss:3.3239 train_time:12300ms step_avg:109.82ms
step:113/20000 train_loss:3.3181 train_time:12406ms step_avg:109.78ms
step:114/20000 train_loss:3.2810 train_time:12510ms step_avg:109.74ms
step:115/20000 train_loss:3.2691 train_time:12616ms step_avg:109.70ms
step:116/20000 train_loss:3.2497 train_time:12721ms step_avg:109.67ms
step:117/20000 train_loss:3.2095 train_time:12827ms step_avg:109.63ms
step:118/20000 train_loss:3.2857 train_time:12933ms step_avg:109.60ms
step:119/20000 train_loss:3.2604 train_time:13038ms step_avg:109.56ms
step:120/20000 train_loss:3.2423 train_time:13144ms step_avg:109.53ms
step:121/20000 train_loss:3.2609 train_time:13249ms step_avg:109.50ms
step:122/20000 train_loss:3.2913 train_time:13356ms step_avg:109.48ms
step:123/20000 train_loss:3.2377 train_time:13462ms step_avg:109.45ms
step:124/20000 train_loss:3.2798 train_time:13569ms step_avg:109.43ms
step:125/20000 train_loss:3.1726 train_time:13675ms step_avg:109.40ms
step:126/20000 train_loss:3.2198 train_time:13781ms step_avg:109.37ms
step:127/20000 train_loss:3.2516 train_time:13889ms step_avg:109.36ms
step:128/20000 train_loss:3.1068 train_time:13996ms step_avg:109.34ms
step:129/20000 train_loss:3.1615 train_time:14102ms step_avg:109.31ms
step:130/20000 train_loss:3.2455 train_time:14208ms step_avg:109.29ms
step:131/20000 train_loss:3.1779 train_time:14314ms step_avg:109.27ms
step:132/20000 train_loss:3.1414 train_time:14422ms step_avg:109.26ms
step:133/20000 train_loss:3.1675 train_time:14528ms step_avg:109.23ms
step:134/20000 train_loss:3.1361 train_time:14634ms step_avg:109.21ms
step:135/20000 train_loss:3.1035 train_time:14740ms step_avg:109.18ms
step:136/20000 train_loss:3.0792 train_time:14846ms step_avg:109.16ms
step:137/20000 train_loss:3.0294 train_time:14952ms step_avg:109.14ms
step:138/20000 train_loss:3.0545 train_time:15059ms step_avg:109.12ms
step:139/20000 train_loss:3.0951 train_time:15164ms step_avg:109.09ms
step:140/20000 train_loss:3.0737 train_time:15270ms step_avg:109.07ms
step:141/20000 train_loss:3.0460 train_time:15375ms step_avg:109.05ms
step:142/20000 train_loss:3.1286 train_time:15482ms step_avg:109.03ms
step:143/20000 train_loss:3.1126 train_time:15588ms step_avg:109.01ms
step:144/20000 train_loss:3.0423 train_time:15695ms step_avg:108.99ms
step:145/20000 train_loss:3.0625 train_time:15801ms step_avg:108.97ms
step:146/20000 train_loss:3.2237 train_time:15907ms step_avg:108.95ms
step:147/20000 train_loss:3.0753 train_time:16014ms step_avg:108.94ms
step:148/20000 train_loss:3.0169 train_time:16119ms step_avg:108.92ms
step:149/20000 train_loss:3.0777 train_time:16226ms step_avg:108.90ms
step:150/20000 train_loss:3.1040 train_time:16332ms step_avg:108.88ms
step:151/20000 train_loss:3.0267 train_time:16438ms step_avg:108.86ms
step:152/20000 train_loss:3.0921 train_time:16544ms step_avg:108.84ms
step:153/20000 train_loss:3.0820 train_time:16650ms step_avg:108.83ms
step:154/20000 train_loss:3.0671 train_time:16756ms step_avg:108.80ms
step:155/20000 train_loss:2.9932 train_time:16862ms step_avg:108.79ms
step:156/20000 train_loss:2.9616 train_time:16968ms step_avg:108.77ms
step:157/20000 train_loss:2.9519 train_time:17074ms step_avg:108.75ms
step:158/20000 train_loss:3.0306 train_time:17180ms step_avg:108.73ms
step:159/20000 train_loss:2.8827 train_time:17286ms step_avg:108.72ms
step:160/20000 train_loss:2.9821 train_time:17392ms step_avg:108.70ms
step:161/20000 train_loss:2.9036 train_time:17497ms step_avg:108.68ms
step:162/20000 train_loss:2.8998 train_time:17604ms step_avg:108.67ms
step:163/20000 train_loss:2.9455 train_time:17710ms step_avg:108.65ms
step:164/20000 train_loss:2.9472 train_time:17817ms step_avg:108.64ms
step:165/20000 train_loss:3.0322 train_time:17922ms step_avg:108.62ms
step:166/20000 train_loss:2.9804 train_time:18029ms step_avg:108.61ms
step:167/20000 train_loss:2.9616 train_time:18135ms step_avg:108.59ms
step:168/20000 train_loss:2.9252 train_time:18241ms step_avg:108.58ms
step:169/20000 train_loss:2.8777 train_time:18347ms step_avg:108.56ms
step:170/20000 train_loss:3.0763 train_time:18454ms step_avg:108.55ms
step:171/20000 train_loss:2.9508 train_time:18560ms step_avg:108.54ms
step:172/20000 train_loss:2.9465 train_time:18666ms step_avg:108.52ms
step:173/20000 train_loss:2.9544 train_time:18771ms step_avg:108.50ms
step:174/20000 train_loss:2.9079 train_time:18877ms step_avg:108.49ms
step:175/20000 train_loss:2.8815 train_time:18983ms step_avg:108.47ms
step:176/20000 train_loss:2.8607 train_time:19089ms step_avg:108.46ms
step:177/20000 train_loss:2.9306 train_time:19195ms step_avg:108.45ms
step:178/20000 train_loss:2.9246 train_time:19301ms step_avg:108.43ms
step:179/20000 train_loss:2.9373 train_time:19406ms step_avg:108.42ms
step:180/20000 train_loss:2.9022 train_time:19513ms step_avg:108.41ms
step:181/20000 train_loss:2.8134 train_time:19619ms step_avg:108.39ms
step:182/20000 train_loss:2.8464 train_time:19727ms step_avg:108.39ms
step:183/20000 train_loss:2.9251 train_time:19833ms step_avg:108.38ms
step:184/20000 train_loss:2.8958 train_time:19939ms step_avg:108.36ms
step:185/20000 train_loss:2.9220 train_time:20045ms step_avg:108.35ms
step:186/20000 train_loss:2.8198 train_time:20149ms step_avg:108.33ms
step:187/20000 train_loss:2.8723 train_time:20255ms step_avg:108.31ms
step:188/20000 train_loss:2.8486 train_time:20362ms step_avg:108.31ms
step:189/20000 train_loss:2.7216 train_time:20468ms step_avg:108.30ms
step:190/20000 train_loss:2.9610 train_time:20574ms step_avg:108.28ms
step:191/20000 train_loss:2.8722 train_time:20741ms step_avg:108.59ms
step:192/20000 train_loss:2.9261 train_time:21240ms step_avg:110.62ms
step:193/20000 train_loss:2.8379 train_time:21345ms step_avg:110.60ms
step:194/20000 train_loss:2.8586 train_time:21451ms step_avg:110.57ms
step:195/20000 train_loss:2.8365 train_time:21557ms step_avg:110.55ms
step:196/20000 train_loss:2.8608 train_time:21664ms step_avg:110.53ms
step:197/20000 train_loss:2.8651 train_time:21769ms step_avg:110.50ms
step:198/20000 train_loss:2.8793 train_time:21875ms step_avg:110.48ms
step:199/20000 train_loss:2.7911 train_time:21981ms step_avg:110.46ms
step:200/20000 train_loss:2.7888 train_time:22088ms step_avg:110.44ms
step:201/20000 train_loss:2.8094 train_time:22194ms step_avg:110.42ms
step:202/20000 train_loss:2.7532 train_time:22300ms step_avg:110.40ms
step:203/20000 train_loss:2.7850 train_time:22406ms step_avg:110.37ms
step:204/20000 train_loss:2.8563 train_time:22512ms step_avg:110.35ms
step:205/20000 train_loss:2.7802 train_time:22617ms step_avg:110.33ms
step:206/20000 train_loss:2.7364 train_time:22723ms step_avg:110.31ms
step:207/20000 train_loss:2.7963 train_time:22829ms step_avg:110.29ms
step:208/20000 train_loss:2.7247 train_time:22936ms step_avg:110.27ms
step:209/20000 train_loss:2.8662 train_time:23042ms step_avg:110.25ms
step:210/20000 train_loss:2.8242 train_time:23146ms step_avg:110.22ms
step:211/20000 train_loss:2.7884 train_time:23253ms step_avg:110.20ms
step:212/20000 train_loss:2.8389 train_time:23361ms step_avg:110.19ms
step:213/20000 train_loss:2.9082 train_time:23466ms step_avg:110.17ms
step:214/20000 train_loss:2.7347 train_time:23574ms step_avg:110.16ms
step:215/20000 train_loss:2.7210 train_time:23680ms step_avg:110.14ms
step:216/20000 train_loss:2.8254 train_time:23785ms step_avg:110.12ms
step:217/20000 train_loss:2.6921 train_time:23891ms step_avg:110.10ms
step:218/20000 train_loss:2.7425 train_time:23997ms step_avg:110.08ms
step:219/20000 train_loss:2.7857 train_time:24103ms step_avg:110.06ms
step:220/20000 train_loss:3.0012 train_time:24209ms step_avg:110.04ms
step:221/20000 train_loss:2.8096 train_time:24315ms step_avg:110.02ms
step:222/20000 train_loss:2.8148 train_time:24422ms step_avg:110.01ms
step:223/20000 train_loss:2.7860 train_time:24528ms step_avg:109.99ms
step:224/20000 train_loss:2.8160 train_time:24635ms step_avg:109.98ms
step:225/20000 train_loss:2.7851 train_time:24740ms step_avg:109.96ms
step:226/20000 train_loss:2.8285 train_time:24846ms step_avg:109.94ms
step:227/20000 train_loss:2.7869 train_time:24952ms step_avg:109.92ms
step:228/20000 train_loss:2.7747 train_time:25058ms step_avg:109.90ms
step:229/20000 train_loss:2.7606 train_time:25165ms step_avg:109.89ms
step:230/20000 train_loss:2.7708 train_time:25271ms step_avg:109.87ms
step:231/20000 train_loss:2.7824 train_time:25377ms step_avg:109.86ms
step:232/20000 train_loss:2.7520 train_time:25483ms step_avg:109.84ms
step:233/20000 train_loss:2.8072 train_time:25590ms step_avg:109.83ms
step:234/20000 train_loss:2.6373 train_time:25696ms step_avg:109.81ms
step:235/20000 train_loss:2.8018 train_time:25802ms step_avg:109.80ms
step:236/20000 train_loss:2.7379 train_time:25910ms step_avg:109.79ms
step:237/20000 train_loss:2.6895 train_time:26017ms step_avg:109.77ms
step:238/20000 train_loss:2.7344 train_time:26124ms step_avg:109.76ms
step:239/20000 train_loss:2.7529 train_time:26230ms step_avg:109.75ms
step:240/20000 train_loss:2.7528 train_time:26337ms step_avg:109.74ms
step:241/20000 train_loss:2.6670 train_time:26444ms step_avg:109.73ms
step:242/20000 train_loss:2.7441 train_time:26552ms step_avg:109.72ms
step:243/20000 train_loss:2.7636 train_time:26659ms step_avg:109.71ms
step:244/20000 train_loss:2.7091 train_time:26775ms step_avg:109.74ms
step:245/20000 train_loss:2.6965 train_time:26872ms step_avg:109.68ms
step:246/20000 train_loss:2.7445 train_time:26978ms step_avg:109.67ms
step:247/20000 train_loss:2.7332 train_time:27085ms step_avg:109.65ms
step:248/20000 train_loss:2.7438 train_time:27191ms step_avg:109.64ms
step:249/20000 train_loss:2.6541 train_time:27297ms step_avg:109.63ms
step:250/20000 train_loss:2.7654 train_time:27403ms step_avg:109.61ms
step:251/20000 train_loss:2.6731 train_time:27509ms step_avg:109.60ms
step:252/20000 train_loss:2.7538 train_time:27615ms step_avg:109.58ms
step:253/20000 train_loss:2.7121 train_time:27720ms step_avg:109.57ms
step:254/20000 train_loss:2.6683 train_time:27827ms step_avg:109.55ms
step:255/20000 train_loss:2.7083 train_time:27933ms step_avg:109.54ms
step:256/20000 train_loss:2.5879 train_time:28040ms step_avg:109.53ms
step:257/20000 train_loss:2.6924 train_time:28146ms step_avg:109.52ms
step:258/20000 train_loss:2.8114 train_time:28252ms step_avg:109.50ms
step:259/20000 train_loss:2.6834 train_time:28358ms step_avg:109.49ms
step:260/20000 train_loss:2.6745 train_time:28465ms step_avg:109.48ms
step:261/20000 train_loss:2.7492 train_time:28570ms step_avg:109.47ms
step:262/20000 train_loss:2.7550 train_time:28677ms step_avg:109.46ms
step:263/20000 train_loss:2.6981 train_time:28783ms step_avg:109.44ms
step:264/20000 train_loss:2.7136 train_time:28890ms step_avg:109.43ms
step:265/20000 train_loss:2.6670 train_time:28996ms step_avg:109.42ms
step:266/20000 train_loss:2.6872 train_time:29102ms step_avg:109.41ms
step:267/20000 train_loss:2.7032 train_time:29208ms step_avg:109.39ms
step:268/20000 train_loss:2.7289 train_time:29314ms step_avg:109.38ms
step:269/20000 train_loss:2.6784 train_time:29420ms step_avg:109.37ms
step:270/20000 train_loss:2.6875 train_time:29526ms step_avg:109.36ms
step:271/20000 train_loss:2.6130 train_time:29633ms step_avg:109.35ms
step:272/20000 train_loss:2.6619 train_time:29742ms step_avg:109.34ms
step:273/20000 train_loss:2.6051 train_time:29848ms step_avg:109.33ms
step:274/20000 train_loss:2.6753 train_time:29955ms step_avg:109.33ms
step:275/20000 train_loss:2.6930 train_time:30063ms step_avg:109.32ms
step:276/20000 train_loss:2.7084 train_time:30170ms step_avg:109.31ms
step:277/20000 train_loss:2.6661 train_time:30276ms step_avg:109.30ms
step:278/20000 train_loss:2.7130 train_time:30382ms step_avg:109.29ms
step:279/20000 train_loss:2.6713 train_time:30488ms step_avg:109.28ms
step:280/20000 train_loss:2.6867 train_time:30595ms step_avg:109.27ms
step:281/20000 train_loss:2.6498 train_time:30701ms step_avg:109.26ms
step:282/20000 train_loss:2.5906 train_time:30808ms step_avg:109.25ms
step:283/20000 train_loss:2.6731 train_time:30914ms step_avg:109.24ms
step:284/20000 train_loss:2.6656 train_time:31020ms step_avg:109.23ms
step:285/20000 train_loss:2.6727 train_time:31125ms step_avg:109.21ms
step:286/20000 train_loss:2.6982 train_time:31231ms step_avg:109.20ms
step:287/20000 train_loss:2.7338 train_time:31336ms step_avg:109.19ms
step:288/20000 train_loss:2.6465 train_time:31442ms step_avg:109.17ms
step:289/20000 train_loss:2.6648 train_time:31549ms step_avg:109.17ms
step:290/20000 train_loss:2.6416 train_time:31656ms step_avg:109.16ms
step:291/20000 train_loss:2.7134 train_time:31763ms step_avg:109.15ms
step:292/20000 train_loss:2.6684 train_time:31869ms step_avg:109.14ms
step:293/20000 train_loss:2.6858 train_time:31976ms step_avg:109.13ms
step:294/20000 train_loss:2.5866 train_time:32082ms step_avg:109.12ms
step:295/20000 train_loss:2.6991 train_time:32190ms step_avg:109.12ms
step:296/20000 train_loss:2.6927 train_time:32295ms step_avg:109.11ms
step:297/20000 train_loss:2.5691 train_time:32399ms step_avg:109.09ms
step:298/20000 train_loss:2.7066 train_time:32506ms step_avg:109.08ms
step:299/20000 train_loss:2.4044 train_time:32612ms step_avg:109.07ms
step:300/20000 train_loss:2.5699 train_time:32718ms step_avg:109.06ms
step:301/20000 train_loss:2.7327 train_time:32825ms step_avg:109.05ms
step:302/20000 train_loss:2.6358 train_time:32932ms step_avg:109.05ms
step:303/20000 train_loss:2.6765 train_time:33038ms step_avg:109.03ms
step:304/20000 train_loss:2.6319 train_time:33144ms step_avg:109.03ms
step:305/20000 train_loss:2.6274 train_time:33251ms step_avg:109.02ms
step:306/20000 train_loss:2.6660 train_time:33359ms step_avg:109.02ms
step:307/20000 train_loss:2.5891 train_time:33463ms step_avg:109.00ms
step:308/20000 train_loss:2.6620 train_time:33570ms step_avg:108.99ms
step:309/20000 train_loss:2.5804 train_time:33675ms step_avg:108.98ms
step:310/20000 train_loss:2.6802 train_time:33781ms step_avg:108.97ms
step:311/20000 train_loss:2.6382 train_time:33886ms step_avg:108.96ms
step:312/20000 train_loss:2.6593 train_time:33992ms step_avg:108.95ms
step:313/20000 train_loss:2.7291 train_time:34097ms step_avg:108.94ms
step:314/20000 train_loss:2.6236 train_time:34203ms step_avg:108.93ms
step:315/20000 train_loss:2.5849 train_time:34309ms step_avg:108.92ms
step:316/20000 train_loss:2.5707 train_time:34415ms step_avg:108.91ms
step:317/20000 train_loss:2.5474 train_time:34522ms step_avg:108.90ms
step:318/20000 train_loss:2.6072 train_time:34628ms step_avg:108.89ms
step:319/20000 train_loss:2.6194 train_time:34734ms step_avg:108.88ms
step:320/20000 train_loss:2.5991 train_time:34840ms step_avg:108.88ms
step:321/20000 train_loss:2.6279 train_time:34947ms step_avg:108.87ms
step:322/20000 train_loss:2.6555 train_time:35054ms step_avg:108.86ms
step:323/20000 train_loss:2.5746 train_time:35161ms step_avg:108.86ms
step:324/20000 train_loss:2.9297 train_time:35267ms step_avg:108.85ms
step:325/20000 train_loss:2.6077 train_time:35372ms step_avg:108.84ms
step:326/20000 train_loss:2.5771 train_time:35478ms step_avg:108.83ms
step:327/20000 train_loss:2.5663 train_time:35585ms step_avg:108.82ms
step:328/20000 train_loss:2.6453 train_time:35691ms step_avg:108.81ms
step:329/20000 train_loss:2.6120 train_time:35796ms step_avg:108.80ms
step:330/20000 train_loss:2.5844 train_time:35903ms step_avg:108.80ms
step:331/20000 train_loss:2.5466 train_time:36008ms step_avg:108.79ms
step:332/20000 train_loss:2.6068 train_time:36115ms step_avg:108.78ms
step:333/20000 train_loss:2.5553 train_time:36220ms step_avg:108.77ms
step:334/20000 train_loss:2.6412 train_time:36326ms step_avg:108.76ms
step:335/20000 train_loss:2.5488 train_time:36432ms step_avg:108.75ms
step:336/20000 train_loss:2.5905 train_time:36538ms step_avg:108.74ms
step:337/20000 train_loss:2.6754 train_time:36643ms step_avg:108.73ms
step:338/20000 train_loss:2.6677 train_time:36749ms step_avg:108.73ms
step:339/20000 train_loss:2.5639 train_time:36855ms step_avg:108.72ms
step:340/20000 train_loss:2.5774 train_time:36962ms step_avg:108.71ms
step:341/20000 train_loss:2.6291 train_time:37068ms step_avg:108.70ms
step:342/20000 train_loss:2.5668 train_time:37174ms step_avg:108.69ms
step:343/20000 train_loss:2.6509 train_time:37279ms step_avg:108.68ms
step:344/20000 train_loss:2.6032 train_time:37384ms step_avg:108.68ms
step:345/20000 train_loss:2.5790 train_time:37490ms step_avg:108.67ms
step:346/20000 train_loss:2.4875 train_time:37595ms step_avg:108.66ms
step:347/20000 train_loss:2.5334 train_time:37701ms step_avg:108.65ms
step:348/20000 train_loss:2.5399 train_time:37806ms step_avg:108.64ms
step:349/20000 train_loss:2.5912 train_time:37910ms step_avg:108.63ms
step:350/20000 train_loss:2.6257 train_time:38015ms step_avg:108.61ms
step:351/20000 train_loss:2.5591 train_time:38121ms step_avg:108.61ms
step:352/20000 train_loss:2.6437 train_time:38226ms step_avg:108.60ms
step:353/20000 train_loss:2.5131 train_time:38332ms step_avg:108.59ms
step:354/20000 train_loss:2.6220 train_time:38437ms step_avg:108.58ms
step:355/20000 train_loss:2.6056 train_time:38543ms step_avg:108.57ms
step:356/20000 train_loss:2.5947 train_time:38648ms step_avg:108.56ms
step:357/20000 train_loss:2.6370 train_time:38753ms step_avg:108.55ms
step:358/20000 train_loss:2.6605 train_time:38860ms step_avg:108.55ms
step:359/20000 train_loss:2.5824 train_time:38965ms step_avg:108.54ms
step:360/20000 train_loss:2.6056 train_time:39070ms step_avg:108.53ms
step:361/20000 train_loss:2.6199 train_time:39175ms step_avg:108.52ms
step:362/20000 train_loss:2.6037 train_time:39280ms step_avg:108.51ms
step:363/20000 train_loss:2.5584 train_time:39386ms step_avg:108.50ms
step:364/20000 train_loss:2.5711 train_time:39491ms step_avg:108.49ms
step:365/20000 train_loss:2.4856 train_time:39597ms step_avg:108.49ms
step:366/20000 train_loss:2.5297 train_time:39705ms step_avg:108.48ms
step:367/20000 train_loss:2.6602 train_time:39810ms step_avg:108.47ms
step:368/20000 train_loss:2.6477 train_time:39917ms step_avg:108.47ms
step:369/20000 train_loss:2.5184 train_time:40023ms step_avg:108.46ms
step:370/20000 train_loss:2.4753 train_time:40129ms step_avg:108.46ms
step:371/20000 train_loss:2.5036 train_time:40235ms step_avg:108.45ms
step:372/20000 train_loss:2.4701 train_time:40341ms step_avg:108.44ms
step:373/20000 train_loss:2.5049 train_time:40446ms step_avg:108.43ms
step:374/20000 train_loss:2.5178 train_time:40612ms step_avg:108.59ms
step:375/20000 train_loss:2.5934 train_time:40719ms step_avg:108.58ms
step:376/20000 train_loss:2.5923 train_time:40826ms step_avg:108.58ms
step:377/20000 train_loss:2.5750 train_time:40932ms step_avg:108.57ms
step:378/20000 train_loss:2.5785 train_time:41039ms step_avg:108.57ms
step:379/20000 train_loss:2.5575 train_time:41147ms step_avg:108.57ms
step:380/20000 train_loss:2.4822 train_time:41254ms step_avg:108.56ms
step:381/20000 train_loss:2.6246 train_time:41361ms step_avg:108.56ms
step:382/20000 train_loss:2.5934 train_time:41945ms step_avg:109.80ms
step:383/20000 train_loss:2.6137 train_time:42049ms step_avg:109.79ms
step:384/20000 train_loss:2.7574 train_time:42156ms step_avg:109.78ms
step:385/20000 train_loss:2.6290 train_time:42261ms step_avg:109.77ms
step:386/20000 train_loss:2.5904 train_time:42368ms step_avg:109.76ms
step:387/20000 train_loss:2.6415 train_time:42472ms step_avg:109.75ms
step:388/20000 train_loss:2.5873 train_time:42578ms step_avg:109.74ms
step:389/20000 train_loss:2.4695 train_time:42684ms step_avg:109.73ms
step:390/20000 train_loss:2.6462 train_time:42790ms step_avg:109.72ms
step:391/20000 train_loss:2.5301 train_time:42895ms step_avg:109.71ms
step:392/20000 train_loss:2.4626 train_time:43001ms step_avg:109.70ms
step:393/20000 train_loss:2.5295 train_time:43108ms step_avg:109.69ms
step:394/20000 train_loss:2.5859 train_time:43213ms step_avg:109.68ms
step:395/20000 train_loss:2.5112 train_time:43318ms step_avg:109.67ms
step:396/20000 train_loss:2.5497 train_time:43424ms step_avg:109.66ms
step:397/20000 train_loss:2.4683 train_time:43531ms step_avg:109.65ms
step:398/20000 train_loss:2.4913 train_time:43638ms step_avg:109.64ms
step:399/20000 train_loss:2.4731 train_time:43744ms step_avg:109.63ms
step:400/20000 train_loss:2.3474 train_time:43849ms step_avg:109.62ms
step:401/20000 train_loss:2.3933 train_time:43955ms step_avg:109.61ms
step:402/20000 train_loss:2.5408 train_time:44061ms step_avg:109.60ms
step:403/20000 train_loss:2.5467 train_time:44166ms step_avg:109.59ms
step:404/20000 train_loss:2.5184 train_time:44270ms step_avg:109.58ms
step:405/20000 train_loss:2.5426 train_time:44376ms step_avg:109.57ms
step:406/20000 train_loss:2.5538 train_time:44482ms step_avg:109.56ms
step:407/20000 train_loss:2.5735 train_time:44588ms step_avg:109.55ms
step:408/20000 train_loss:2.6021 train_time:44695ms step_avg:109.55ms
step:409/20000 train_loss:2.5420 train_time:44801ms step_avg:109.54ms
step:410/20000 train_loss:2.5637 train_time:44907ms step_avg:109.53ms
step:411/20000 train_loss:2.5645 train_time:45012ms step_avg:109.52ms
step:412/20000 train_loss:2.5305 train_time:45116ms step_avg:109.51ms
step:413/20000 train_loss:2.5734 train_time:45222ms step_avg:109.50ms
step:414/20000 train_loss:2.5900 train_time:45327ms step_avg:109.49ms
step:415/20000 train_loss:2.5821 train_time:45433ms step_avg:109.48ms
step:416/20000 train_loss:2.5395 train_time:45539ms step_avg:109.47ms
step:417/20000 train_loss:2.5308 train_time:45644ms step_avg:109.46ms
step:418/20000 train_loss:2.5021 train_time:45750ms step_avg:109.45ms
step:419/20000 train_loss:2.5399 train_time:45856ms step_avg:109.44ms
step:420/20000 train_loss:2.4703 train_time:45963ms step_avg:109.44ms
step:421/20000 train_loss:2.5351 train_time:46068ms step_avg:109.43ms
step:422/20000 train_loss:2.4897 train_time:46174ms step_avg:109.42ms
step:423/20000 train_loss:2.5828 train_time:46279ms step_avg:109.41ms
step:424/20000 train_loss:2.4621 train_time:46385ms step_avg:109.40ms
step:425/20000 train_loss:2.5325 train_time:46491ms step_avg:109.39ms
step:426/20000 train_loss:2.4563 train_time:46597ms step_avg:109.38ms
step:427/20000 train_loss:2.4764 train_time:46703ms step_avg:109.37ms
step:428/20000 train_loss:2.3650 train_time:46808ms step_avg:109.37ms
step:429/20000 train_loss:2.3725 train_time:46914ms step_avg:109.36ms
step:430/20000 train_loss:2.4207 train_time:47020ms step_avg:109.35ms
step:431/20000 train_loss:2.5059 train_time:47126ms step_avg:109.34ms
step:432/20000 train_loss:2.6735 train_time:47231ms step_avg:109.33ms
step:433/20000 train_loss:2.5914 train_time:47335ms step_avg:109.32ms
step:434/20000 train_loss:2.5087 train_time:47440ms step_avg:109.31ms
step:435/20000 train_loss:2.5337 train_time:47546ms step_avg:109.30ms
step:436/20000 train_loss:2.5437 train_time:47653ms step_avg:109.30ms
step:437/20000 train_loss:2.3747 train_time:47760ms step_avg:109.29ms
step:438/20000 train_loss:2.4986 train_time:47866ms step_avg:109.28ms
step:439/20000 train_loss:2.5373 train_time:47972ms step_avg:109.28ms
step:440/20000 train_loss:2.6336 train_time:48079ms step_avg:109.27ms
step:441/20000 train_loss:2.6425 train_time:48185ms step_avg:109.26ms
step:442/20000 train_loss:2.5931 train_time:48291ms step_avg:109.26ms
step:443/20000 train_loss:2.5344 train_time:48397ms step_avg:109.25ms
step:444/20000 train_loss:2.4751 train_time:48502ms step_avg:109.24ms
step:445/20000 train_loss:2.5409 train_time:48607ms step_avg:109.23ms
step:446/20000 train_loss:2.4084 train_time:48713ms step_avg:109.22ms
step:447/20000 train_loss:2.5659 train_time:48818ms step_avg:109.21ms
step:448/20000 train_loss:2.4000 train_time:48924ms step_avg:109.21ms
step:449/20000 train_loss:2.4612 train_time:49029ms step_avg:109.20ms
step:450/20000 train_loss:2.4970 train_time:49134ms step_avg:109.19ms
step:451/20000 train_loss:2.4467 train_time:49240ms step_avg:109.18ms
step:452/20000 train_loss:2.4485 train_time:49345ms step_avg:109.17ms
step:453/20000 train_loss:2.5278 train_time:49449ms step_avg:109.16ms
step:454/20000 train_loss:2.4143 train_time:49555ms step_avg:109.15ms
step:455/20000 train_loss:2.4587 train_time:49660ms step_avg:109.14ms
step:456/20000 train_loss:2.3849 train_time:49765ms step_avg:109.13ms
step:457/20000 train_loss:2.3168 train_time:49871ms step_avg:109.13ms
step:458/20000 train_loss:2.5163 train_time:49979ms step_avg:109.12ms
step:459/20000 train_loss:2.5874 train_time:50085ms step_avg:109.12ms
step:460/20000 train_loss:2.5462 train_time:50192ms step_avg:109.11ms
step:461/20000 train_loss:2.5088 train_time:50297ms step_avg:109.10ms
step:462/20000 train_loss:2.4837 train_time:50403ms step_avg:109.10ms
step:463/20000 train_loss:2.3063 train_time:50508ms step_avg:109.09ms
step:464/20000 train_loss:2.5708 train_time:50614ms step_avg:109.08ms
step:465/20000 train_loss:2.5536 train_time:50719ms step_avg:109.07ms
step:466/20000 train_loss:2.5596 train_time:50825ms step_avg:109.07ms
step:467/20000 train_loss:2.5417 train_time:50930ms step_avg:109.06ms
step:468/20000 train_loss:2.5531 train_time:51036ms step_avg:109.05ms
step:469/20000 train_loss:2.4999 train_time:51142ms step_avg:109.05ms
step:470/20000 train_loss:2.4734 train_time:51248ms step_avg:109.04ms
step:471/20000 train_loss:2.4237 train_time:51354ms step_avg:109.03ms
step:472/20000 train_loss:2.5588 train_time:51460ms step_avg:109.03ms
step:473/20000 train_loss:2.5035 train_time:51565ms step_avg:109.02ms
step:474/20000 train_loss:2.5536 train_time:51671ms step_avg:109.01ms
step:475/20000 train_loss:2.5286 train_time:51777ms step_avg:109.01ms
step:476/20000 train_loss:2.4020 train_time:51884ms step_avg:109.00ms
step:477/20000 train_loss:2.4761 train_time:51989ms step_avg:108.99ms
step:478/20000 train_loss:2.4564 train_time:52095ms step_avg:108.99ms
step:479/20000 train_loss:2.4551 train_time:52201ms step_avg:108.98ms
step:480/20000 train_loss:2.5029 train_time:52307ms step_avg:108.97ms
step:481/20000 train_loss:2.5361 train_time:52412ms step_avg:108.97ms
step:482/20000 train_loss:2.4936 train_time:52518ms step_avg:108.96ms
step:483/20000 train_loss:2.4032 train_time:52623ms step_avg:108.95ms
step:484/20000 train_loss:2.4228 train_time:52729ms step_avg:108.94ms
step:485/20000 train_loss:2.4021 train_time:52834ms step_avg:108.94ms
step:486/20000 train_loss:2.2651 train_time:52939ms step_avg:108.93ms
step:487/20000 train_loss:2.4010 train_time:53046ms step_avg:108.92ms
step:488/20000 train_loss:2.4433 train_time:53153ms step_avg:108.92ms
step:489/20000 train_loss:2.5691 train_time:53261ms step_avg:108.92ms
step:490/20000 train_loss:2.5530 train_time:53367ms step_avg:108.91ms
step:491/20000 train_loss:2.5321 train_time:53472ms step_avg:108.90ms
step:492/20000 train_loss:2.5199 train_time:53578ms step_avg:108.90ms
step:493/20000 train_loss:2.5574 train_time:53684ms step_avg:108.89ms
step:494/20000 train_loss:2.5086 train_time:53791ms step_avg:108.89ms
step:495/20000 train_loss:2.5122 train_time:53897ms step_avg:108.88ms
step:496/20000 train_loss:2.5596 train_time:54003ms step_avg:108.88ms
step:497/20000 train_loss:2.9204 train_time:54108ms step_avg:108.87ms
step:498/20000 train_loss:2.5907 train_time:54214ms step_avg:108.86ms
step:499/20000 train_loss:2.5451 train_time:54320ms step_avg:108.86ms
step:500/20000 train_loss:2.4258 train_time:54427ms step_avg:108.85ms
step:501/20000 train_loss:2.5219 train_time:54533ms step_avg:108.85ms
step:502/20000 train_loss:2.4950 train_time:54639ms step_avg:108.84ms
step:503/20000 train_loss:2.4554 train_time:54743ms step_avg:108.83ms
step:504/20000 train_loss:2.4471 train_time:54849ms step_avg:108.83ms
step:505/20000 train_loss:2.6589 train_time:54954ms step_avg:108.82ms
step:506/20000 train_loss:2.4573 train_time:55062ms step_avg:108.82ms
step:507/20000 train_loss:2.4872 train_time:55168ms step_avg:108.81ms
step:508/20000 train_loss:2.4683 train_time:55273ms step_avg:108.80ms
step:509/20000 train_loss:2.4764 train_time:55378ms step_avg:108.80ms
step:510/20000 train_loss:2.4457 train_time:55485ms step_avg:108.79ms
step:511/20000 train_loss:2.4660 train_time:55590ms step_avg:108.79ms
step:512/20000 train_loss:2.4210 train_time:55695ms step_avg:108.78ms
step:513/20000 train_loss:2.3247 train_time:55801ms step_avg:108.77ms
step:514/20000 train_loss:2.4583 train_time:55908ms step_avg:108.77ms
step:515/20000 train_loss:2.4250 train_time:56013ms step_avg:108.76ms
step:516/20000 train_loss:2.5003 train_time:56119ms step_avg:108.76ms
step:517/20000 train_loss:2.3522 train_time:56225ms step_avg:108.75ms
step:518/20000 train_loss:2.4587 train_time:56331ms step_avg:108.75ms
step:519/20000 train_loss:2.4357 train_time:56435ms step_avg:108.74ms
step:520/20000 train_loss:2.5133 train_time:56542ms step_avg:108.73ms
step:521/20000 train_loss:2.5270 train_time:56649ms step_avg:108.73ms
step:522/20000 train_loss:2.6087 train_time:56754ms step_avg:108.72ms
step:523/20000 train_loss:2.4901 train_time:56860ms step_avg:108.72ms
step:524/20000 train_loss:2.5357 train_time:56965ms step_avg:108.71ms
step:525/20000 train_loss:2.4941 train_time:57070ms step_avg:108.71ms
step:526/20000 train_loss:2.5770 train_time:57176ms step_avg:108.70ms
step:527/20000 train_loss:2.5093 train_time:57281ms step_avg:108.69ms
step:528/20000 train_loss:2.5495 train_time:57388ms step_avg:108.69ms
step:529/20000 train_loss:2.4571 train_time:57494ms step_avg:108.68ms
step:530/20000 train_loss:2.6577 train_time:57600ms step_avg:108.68ms
step:531/20000 train_loss:2.4526 train_time:57705ms step_avg:108.67ms
step:532/20000 train_loss:2.4560 train_time:57812ms step_avg:108.67ms
step:533/20000 train_loss:2.4036 train_time:57917ms step_avg:108.66ms
step:534/20000 train_loss:2.5352 train_time:58023ms step_avg:108.66ms
step:535/20000 train_loss:2.4410 train_time:58130ms step_avg:108.65ms
step:536/20000 train_loss:2.5164 train_time:58236ms step_avg:108.65ms
step:537/20000 train_loss:2.4639 train_time:58342ms step_avg:108.64ms
step:538/20000 train_loss:2.4124 train_time:58448ms step_avg:108.64ms
step:539/20000 train_loss:2.3336 train_time:58554ms step_avg:108.63ms
step:540/20000 train_loss:2.3097 train_time:58661ms step_avg:108.63ms
step:541/20000 train_loss:2.3884 train_time:58767ms step_avg:108.63ms
step:542/20000 train_loss:2.3867 train_time:58872ms step_avg:108.62ms
step:543/20000 train_loss:2.4453 train_time:58978ms step_avg:108.62ms
step:544/20000 train_loss:2.5880 train_time:59085ms step_avg:108.61ms
step:545/20000 train_loss:2.5120 train_time:59191ms step_avg:108.61ms
step:546/20000 train_loss:2.5311 train_time:59297ms step_avg:108.60ms
step:547/20000 train_loss:2.4758 train_time:59402ms step_avg:108.60ms
step:548/20000 train_loss:2.4626 train_time:59508ms step_avg:108.59ms
step:549/20000 train_loss:2.5024 train_time:59613ms step_avg:108.59ms
step:550/20000 train_loss:2.4391 train_time:59718ms step_avg:108.58ms
step:551/20000 train_loss:2.4879 train_time:59823ms step_avg:108.57ms
step:552/20000 train_loss:2.5020 train_time:59930ms step_avg:108.57ms
step:553/20000 train_loss:2.4999 train_time:60038ms step_avg:108.57ms
step:554/20000 train_loss:2.5105 train_time:60144ms step_avg:108.56ms
step:555/20000 train_loss:2.4929 train_time:60249ms step_avg:108.56ms
step:556/20000 train_loss:2.5029 train_time:60355ms step_avg:108.55ms
step:557/20000 train_loss:2.5542 train_time:60461ms step_avg:108.55ms
step:558/20000 train_loss:2.5421 train_time:60566ms step_avg:108.54ms
step:559/20000 train_loss:2.4783 train_time:60671ms step_avg:108.54ms
step:560/20000 train_loss:2.4691 train_time:60777ms step_avg:108.53ms
step:561/20000 train_loss:2.4480 train_time:60882ms step_avg:108.52ms
step:562/20000 train_loss:2.5292 train_time:60987ms step_avg:108.52ms
step:563/20000 train_loss:2.3946 train_time:61094ms step_avg:108.51ms
step:564/20000 train_loss:2.4290 train_time:61200ms step_avg:108.51ms
step:565/20000 train_loss:2.4614 train_time:61307ms step_avg:108.51ms
step:566/20000 train_loss:2.3896 train_time:61413ms step_avg:108.50ms
step:567/20000 train_loss:2.3229 train_time:61518ms step_avg:108.50ms
step:568/20000 train_loss:2.2548 train_time:61623ms step_avg:108.49ms
step:569/20000 train_loss:2.4164 train_time:61729ms step_avg:108.49ms
step:570/20000 train_loss:2.5271 train_time:61834ms step_avg:108.48ms
step:571/20000 train_loss:2.4399 train_time:61939ms step_avg:108.47ms
step:572/20000 train_loss:2.4285 train_time:62045ms step_avg:108.47ms
step:573/20000 train_loss:2.5131 train_time:62624ms step_avg:109.29ms
step:574/20000 train_loss:2.4865 train_time:62734ms step_avg:109.29ms
step:575/20000 train_loss:2.4998 train_time:62841ms step_avg:109.29ms
step:576/20000 train_loss:2.4103 train_time:62947ms step_avg:109.28ms
step:577/20000 train_loss:2.4624 train_time:63055ms step_avg:109.28ms
step:578/20000 train_loss:2.4474 train_time:63161ms step_avg:109.28ms
step:579/20000 train_loss:2.4474 train_time:63268ms step_avg:109.27ms
step:580/20000 train_loss:2.4283 train_time:63374ms step_avg:109.27ms
step:581/20000 train_loss:2.4660 train_time:63480ms step_avg:109.26ms
step:582/20000 train_loss:2.4787 train_time:63587ms step_avg:109.26ms
step:583/20000 train_loss:2.4872 train_time:63693ms step_avg:109.25ms
step:584/20000 train_loss:2.4484 train_time:63800ms step_avg:109.25ms
step:585/20000 train_loss:2.3675 train_time:63906ms step_avg:109.24ms
step:586/20000 train_loss:2.3493 train_time:64011ms step_avg:109.23ms
step:587/20000 train_loss:2.4378 train_time:64118ms step_avg:109.23ms
step:588/20000 train_loss:2.3746 train_time:64224ms step_avg:109.22ms
step:589/20000 train_loss:2.4205 train_time:64329ms step_avg:109.22ms
step:590/20000 train_loss:2.4159 train_time:64434ms step_avg:109.21ms
step:591/20000 train_loss:2.3832 train_time:64540ms step_avg:109.21ms
step:592/20000 train_loss:2.3734 train_time:64645ms step_avg:109.20ms
step:593/20000 train_loss:2.4706 train_time:64751ms step_avg:109.19ms
step:594/20000 train_loss:2.3299 train_time:64859ms step_avg:109.19ms
step:595/20000 train_loss:2.3305 train_time:64964ms step_avg:109.18ms
step:596/20000 train_loss:2.2843 train_time:65070ms step_avg:109.18ms
step:597/20000 train_loss:2.2629 train_time:65176ms step_avg:109.17ms
step:598/20000 train_loss:2.3115 train_time:65282ms step_avg:109.17ms
step:599/20000 train_loss:2.4390 train_time:65388ms step_avg:109.16ms
step:600/20000 train_loss:2.5157 train_time:65493ms step_avg:109.16ms
step:601/20000 train_loss:2.4072 train_time:65598ms step_avg:109.15ms
step:602/20000 train_loss:2.4328 train_time:65703ms step_avg:109.14ms
step:603/20000 train_loss:2.4718 train_time:65810ms step_avg:109.14ms
step:604/20000 train_loss:2.5155 train_time:65917ms step_avg:109.13ms
step:605/20000 train_loss:2.4942 train_time:66024ms step_avg:109.13ms
step:606/20000 train_loss:2.4524 train_time:66129ms step_avg:109.12ms
step:607/20000 train_loss:2.3612 train_time:66236ms step_avg:109.12ms
step:608/20000 train_loss:2.4349 train_time:66341ms step_avg:109.11ms
step:609/20000 train_loss:2.3713 train_time:66445ms step_avg:109.11ms
step:610/20000 train_loss:2.4621 train_time:66551ms step_avg:109.10ms
step:611/20000 train_loss:2.4188 train_time:66657ms step_avg:109.10ms
step:612/20000 train_loss:2.4631 train_time:66764ms step_avg:109.09ms
step:613/20000 train_loss:2.4707 train_time:66871ms step_avg:109.09ms
step:614/20000 train_loss:2.4455 train_time:66978ms step_avg:109.08ms
step:615/20000 train_loss:2.4002 train_time:67082ms step_avg:109.08ms
step:616/20000 train_loss:2.3952 train_time:67188ms step_avg:109.07ms
step:617/20000 train_loss:2.4906 train_time:67293ms step_avg:109.06ms
step:618/20000 train_loss:2.4936 train_time:67399ms step_avg:109.06ms
step:619/20000 train_loss:2.4585 train_time:67504ms step_avg:109.05ms
step:620/20000 train_loss:2.4874 train_time:67610ms step_avg:109.05ms
step:621/20000 train_loss:2.4099 train_time:67715ms step_avg:109.04ms
step:622/20000 train_loss:2.2566 train_time:67821ms step_avg:109.04ms
step:623/20000 train_loss:2.2700 train_time:67927ms step_avg:109.03ms
step:624/20000 train_loss:2.3618 train_time:68034ms step_avg:109.03ms
step:625/20000 train_loss:2.4113 train_time:68140ms step_avg:109.02ms
step:626/20000 train_loss:2.4467 train_time:68246ms step_avg:109.02ms
step:627/20000 train_loss:2.4462 train_time:68352ms step_avg:109.01ms
step:628/20000 train_loss:2.4585 train_time:68457ms step_avg:109.01ms
step:629/20000 train_loss:2.4391 train_time:68564ms step_avg:109.01ms
step:630/20000 train_loss:2.6780 train_time:68670ms step_avg:109.00ms
step:631/20000 train_loss:2.4765 train_time:68776ms step_avg:109.00ms
step:632/20000 train_loss:2.4954 train_time:68882ms step_avg:108.99ms
step:633/20000 train_loss:2.4736 train_time:68987ms step_avg:108.98ms
step:634/20000 train_loss:2.4505 train_time:69095ms step_avg:108.98ms
step:635/20000 train_loss:2.3840 train_time:69200ms step_avg:108.98ms
step:636/20000 train_loss:2.4171 train_time:69306ms step_avg:108.97ms
step:637/20000 train_loss:2.4416 train_time:69412ms step_avg:108.97ms
step:638/20000 train_loss:2.4383 train_time:69518ms step_avg:108.96ms
step:639/20000 train_loss:2.4007 train_time:69624ms step_avg:108.96ms
step:640/20000 train_loss:2.2466 train_time:69730ms step_avg:108.95ms
step:641/20000 train_loss:2.4431 train_time:69835ms step_avg:108.95ms
step:642/20000 train_loss:2.4017 train_time:69941ms step_avg:108.94ms
step:643/20000 train_loss:2.3821 train_time:70046ms step_avg:108.94ms
step:644/20000 train_loss:2.4367 train_time:70151ms step_avg:108.93ms
step:645/20000 train_loss:2.4010 train_time:70256ms step_avg:108.92ms
step:646/20000 train_loss:2.3588 train_time:70362ms step_avg:108.92ms
step:647/20000 train_loss:2.4452 train_time:70468ms step_avg:108.91ms
step:648/20000 train_loss:2.3255 train_time:70574ms step_avg:108.91ms
step:649/20000 train_loss:2.3950 train_time:70679ms step_avg:108.91ms
step:650/20000 train_loss:2.3634 train_time:70785ms step_avg:108.90ms
step:651/20000 train_loss:2.3239 train_time:70890ms step_avg:108.89ms
step:652/20000 train_loss:2.4737 train_time:70996ms step_avg:108.89ms
step:653/20000 train_loss:2.4070 train_time:71101ms step_avg:108.88ms
step:654/20000 train_loss:2.3270 train_time:71206ms step_avg:108.88ms
step:655/20000 train_loss:2.4395 train_time:71311ms step_avg:108.87ms
step:656/20000 train_loss:2.3307 train_time:71417ms step_avg:108.87ms
step:657/20000 train_loss:2.4121 train_time:71523ms step_avg:108.86ms
step:658/20000 train_loss:2.4949 train_time:71629ms step_avg:108.86ms
step:659/20000 train_loss:2.4132 train_time:71735ms step_avg:108.85ms
step:660/20000 train_loss:2.5517 train_time:71841ms step_avg:108.85ms
step:661/20000 train_loss:2.3073 train_time:71947ms step_avg:108.85ms
step:662/20000 train_loss:2.3585 train_time:72053ms step_avg:108.84ms
step:663/20000 train_loss:2.4802 train_time:72160ms step_avg:108.84ms
step:664/20000 train_loss:2.4729 train_time:72267ms step_avg:108.84ms
step:665/20000 train_loss:2.4080 train_time:72373ms step_avg:108.83ms
step:666/20000 train_loss:2.4356 train_time:72479ms step_avg:108.83ms
step:667/20000 train_loss:2.4218 train_time:72584ms step_avg:108.82ms
step:668/20000 train_loss:2.4108 train_time:72691ms step_avg:108.82ms
step:669/20000 train_loss:2.3851 train_time:72796ms step_avg:108.81ms
step:670/20000 train_loss:2.5377 train_time:72902ms step_avg:108.81ms
step:671/20000 train_loss:2.4058 train_time:73007ms step_avg:108.80ms
step:672/20000 train_loss:2.3409 train_time:73109ms step_avg:108.79ms
step:673/20000 train_loss:2.3688 train_time:73214ms step_avg:108.79ms
step:674/20000 train_loss:2.4057 train_time:73318ms step_avg:108.78ms
step:675/20000 train_loss:2.2974 train_time:73423ms step_avg:108.77ms
step:676/20000 train_loss:2.2853 train_time:73527ms step_avg:108.77ms
step:677/20000 train_loss:2.2837 train_time:73632ms step_avg:108.76ms
step:678/20000 train_loss:2.2653 train_time:73737ms step_avg:108.76ms
step:679/20000 train_loss:2.3930 train_time:73843ms step_avg:108.75ms
step:680/20000 train_loss:2.4524 train_time:73949ms step_avg:108.75ms
step:681/20000 train_loss:2.3458 train_time:74054ms step_avg:108.74ms
step:682/20000 train_loss:2.4218 train_time:74161ms step_avg:108.74ms
step:683/20000 train_loss:2.4806 train_time:74266ms step_avg:108.73ms
step:684/20000 train_loss:2.4974 train_time:74372ms step_avg:108.73ms
step:685/20000 train_loss:2.4294 train_time:74478ms step_avg:108.73ms
step:686/20000 train_loss:2.4321 train_time:74582ms step_avg:108.72ms
step:687/20000 train_loss:2.4139 train_time:74687ms step_avg:108.71ms
step:688/20000 train_loss:2.3832 train_time:74792ms step_avg:108.71ms
step:689/20000 train_loss:2.3872 train_time:74897ms step_avg:108.70ms
step:690/20000 train_loss:2.4023 train_time:75004ms step_avg:108.70ms
step:691/20000 train_loss:2.3990 train_time:75110ms step_avg:108.70ms
step:692/20000 train_loss:2.4001 train_time:75215ms step_avg:108.69ms
step:693/20000 train_loss:2.3986 train_time:75320ms step_avg:108.69ms
step:694/20000 train_loss:2.4387 train_time:75426ms step_avg:108.68ms
step:695/20000 train_loss:2.4068 train_time:75531ms step_avg:108.68ms
step:696/20000 train_loss:2.3407 train_time:75634ms step_avg:108.67ms
step:697/20000 train_loss:2.4110 train_time:75738ms step_avg:108.66ms
step:698/20000 train_loss:2.3354 train_time:75844ms step_avg:108.66ms
step:699/20000 train_loss:2.4116 train_time:75951ms step_avg:108.66ms
step:700/20000 train_loss:2.4046 train_time:76057ms step_avg:108.65ms
step:701/20000 train_loss:2.3810 train_time:76165ms step_avg:108.65ms
step:702/20000 train_loss:2.6046 train_time:76267ms step_avg:108.64ms
step:703/20000 train_loss:2.3601 train_time:76375ms step_avg:108.64ms
step:704/20000 train_loss:2.4436 train_time:76482ms step_avg:108.64ms
step:705/20000 train_loss:2.4758 train_time:76588ms step_avg:108.63ms
step:706/20000 train_loss:2.4414 train_time:76694ms step_avg:108.63ms
step:707/20000 train_loss:2.3813 train_time:76799ms step_avg:108.63ms
step:708/20000 train_loss:2.3457 train_time:76904ms step_avg:108.62ms
step:709/20000 train_loss:2.2965 train_time:77012ms step_avg:108.62ms
step:710/20000 train_loss:2.3047 train_time:77117ms step_avg:108.62ms
step:711/20000 train_loss:2.4148 train_time:77223ms step_avg:108.61ms
step:712/20000 train_loss:2.4073 train_time:77329ms step_avg:108.61ms
step:713/20000 train_loss:2.3595 train_time:77435ms step_avg:108.60ms
step:714/20000 train_loss:2.3688 train_time:77542ms step_avg:108.60ms
step:715/20000 train_loss:2.3686 train_time:77647ms step_avg:108.60ms
step:716/20000 train_loss:2.3203 train_time:77753ms step_avg:108.59ms
step:717/20000 train_loss:2.3964 train_time:77860ms step_avg:108.59ms
step:718/20000 train_loss:2.4631 train_time:77966ms step_avg:108.59ms
step:719/20000 train_loss:2.2649 train_time:78071ms step_avg:108.58ms
step:720/20000 train_loss:2.3217 train_time:78178ms step_avg:108.58ms
step:721/20000 train_loss:2.3750 train_time:78283ms step_avg:108.58ms
step:722/20000 train_loss:2.2520 train_time:78389ms step_avg:108.57ms
step:723/20000 train_loss:2.3423 train_time:78495ms step_avg:108.57ms
step:724/20000 train_loss:2.3190 train_time:78602ms step_avg:108.57ms
step:725/20000 train_loss:2.4005 train_time:78706ms step_avg:108.56ms
step:726/20000 train_loss:2.4011 train_time:78813ms step_avg:108.56ms
step:727/20000 train_loss:2.4443 train_time:78918ms step_avg:108.55ms
step:728/20000 train_loss:2.4114 train_time:79024ms step_avg:108.55ms
step:729/20000 train_loss:2.4770 train_time:79130ms step_avg:108.55ms
step:730/20000 train_loss:2.4483 train_time:79236ms step_avg:108.54ms
step:731/20000 train_loss:2.4224 train_time:79343ms step_avg:108.54ms
step:732/20000 train_loss:2.5540 train_time:79448ms step_avg:108.54ms
step:733/20000 train_loss:2.3531 train_time:79553ms step_avg:108.53ms
step:734/20000 train_loss:2.4015 train_time:79659ms step_avg:108.53ms
step:735/20000 train_loss:2.3879 train_time:79764ms step_avg:108.52ms
step:736/20000 train_loss:2.2123 train_time:79870ms step_avg:108.52ms
step:737/20000 train_loss:2.3864 train_time:79976ms step_avg:108.52ms
step:738/20000 train_loss:2.3789 train_time:80083ms step_avg:108.51ms
step:739/20000 train_loss:2.3320 train_time:80189ms step_avg:108.51ms
step:740/20000 train_loss:2.2628 train_time:80295ms step_avg:108.51ms
step:741/20000 train_loss:2.4340 train_time:80401ms step_avg:108.50ms
step:742/20000 train_loss:2.3751 train_time:80507ms step_avg:108.50ms
step:743/20000 train_loss:2.4196 train_time:80613ms step_avg:108.50ms
step:744/20000 train_loss:2.3933 train_time:80720ms step_avg:108.49ms
step:745/20000 train_loss:2.4029 train_time:80824ms step_avg:108.49ms
step:746/20000 train_loss:2.4823 train_time:80930ms step_avg:108.49ms
step:747/20000 train_loss:2.3258 train_time:81037ms step_avg:108.48ms
step:748/20000 train_loss:2.4372 train_time:81141ms step_avg:108.48ms
step:749/20000 train_loss:2.3881 train_time:81247ms step_avg:108.47ms
step:750/20000 train_loss:2.3343 train_time:81352ms step_avg:108.47ms
step:751/20000 train_loss:2.3113 train_time:81459ms step_avg:108.47ms
step:752/20000 train_loss:2.3795 train_time:81564ms step_avg:108.46ms
step:753/20000 train_loss:2.3763 train_time:81669ms step_avg:108.46ms
step:754/20000 train_loss:2.3515 train_time:81775ms step_avg:108.46ms
step:755/20000 train_loss:2.4329 train_time:81880ms step_avg:108.45ms
step:756/20000 train_loss:2.4022 train_time:81985ms step_avg:108.45ms
step:757/20000 train_loss:2.4330 train_time:82089ms step_avg:108.44ms
step:758/20000 train_loss:2.4558 train_time:82194ms step_avg:108.44ms
step:759/20000 train_loss:2.4139 train_time:82300ms step_avg:108.43ms
step:760/20000 train_loss:2.3256 train_time:82404ms step_avg:108.43ms
step:761/20000 train_loss:2.3677 train_time:82509ms step_avg:108.42ms
step:762/20000 train_loss:2.3430 train_time:82615ms step_avg:108.42ms
step:763/20000 train_loss:2.3050 train_time:83159ms step_avg:108.99ms
step:764/20000 train_loss:2.2968 train_time:83282ms step_avg:109.01ms
step:765/20000 train_loss:2.3560 train_time:83387ms step_avg:109.00ms
step:766/20000 train_loss:2.4119 train_time:83493ms step_avg:109.00ms
step:767/20000 train_loss:2.3799 train_time:83598ms step_avg:108.99ms
step:768/20000 train_loss:2.4186 train_time:83704ms step_avg:108.99ms
step:769/20000 train_loss:2.3524 train_time:83809ms step_avg:108.98ms
step:770/20000 train_loss:2.3737 train_time:83914ms step_avg:108.98ms
step:771/20000 train_loss:2.3167 train_time:84020ms step_avg:108.98ms
step:772/20000 train_loss:2.4877 train_time:84126ms step_avg:108.97ms
step:773/20000 train_loss:2.3243 train_time:84231ms step_avg:108.97ms
step:774/20000 train_loss:2.2932 train_time:84338ms step_avg:108.96ms
step:775/20000 train_loss:2.3382 train_time:84444ms step_avg:108.96ms
step:776/20000 train_loss:2.3744 train_time:84550ms step_avg:108.96ms
step:777/20000 train_loss:2.3667 train_time:84656ms step_avg:108.95ms
step:778/20000 train_loss:2.3588 train_time:84762ms step_avg:108.95ms
step:779/20000 train_loss:2.2788 train_time:84867ms step_avg:108.94ms
step:780/20000 train_loss:2.4180 train_time:84973ms step_avg:108.94ms
step:781/20000 train_loss:2.3554 train_time:85078ms step_avg:108.93ms
step:782/20000 train_loss:2.4352 train_time:85184ms step_avg:108.93ms
step:783/20000 train_loss:2.4107 train_time:85289ms step_avg:108.93ms
step:784/20000 train_loss:2.3773 train_time:85395ms step_avg:108.92ms
step:785/20000 train_loss:2.4215 train_time:85500ms step_avg:108.92ms
step:786/20000 train_loss:2.4981 train_time:85605ms step_avg:108.91ms
step:787/20000 train_loss:2.4151 train_time:85710ms step_avg:108.91ms
step:788/20000 train_loss:2.3546 train_time:85816ms step_avg:108.90ms
step:789/20000 train_loss:2.4214 train_time:85922ms step_avg:108.90ms
step:790/20000 train_loss:2.3199 train_time:86028ms step_avg:108.90ms
step:791/20000 train_loss:2.4080 train_time:86135ms step_avg:108.89ms
step:792/20000 train_loss:2.4239 train_time:86240ms step_avg:108.89ms
step:793/20000 train_loss:2.4121 train_time:86346ms step_avg:108.88ms
step:794/20000 train_loss:2.3455 train_time:86452ms step_avg:108.88ms
step:795/20000 train_loss:2.3374 train_time:86558ms step_avg:108.88ms
step:796/20000 train_loss:2.3840 train_time:86664ms step_avg:108.87ms
step:797/20000 train_loss:2.3302 train_time:86769ms step_avg:108.87ms
step:798/20000 train_loss:2.3367 train_time:86873ms step_avg:108.86ms
step:799/20000 train_loss:2.5427 train_time:86979ms step_avg:108.86ms
step:800/20000 train_loss:2.2984 train_time:87082ms step_avg:108.85ms
step:801/20000 train_loss:2.3860 train_time:87187ms step_avg:108.85ms
step:802/20000 train_loss:2.2902 train_time:87293ms step_avg:108.84ms
step:803/20000 train_loss:2.3743 train_time:87399ms step_avg:108.84ms
step:804/20000 train_loss:2.3434 train_time:87506ms step_avg:108.84ms
step:805/20000 train_loss:2.3511 train_time:87612ms step_avg:108.83ms
step:806/20000 train_loss:2.3130 train_time:87718ms step_avg:108.83ms
step:807/20000 train_loss:2.2691 train_time:87824ms step_avg:108.83ms
step:808/20000 train_loss:2.3499 train_time:87930ms step_avg:108.82ms
step:809/20000 train_loss:2.3717 train_time:88036ms step_avg:108.82ms
step:810/20000 train_loss:2.4390 train_time:88143ms step_avg:108.82ms
step:811/20000 train_loss:2.2855 train_time:88250ms step_avg:108.82ms
step:812/20000 train_loss:2.4683 train_time:88356ms step_avg:108.81ms
step:813/20000 train_loss:2.3561 train_time:88462ms step_avg:108.81ms
step:814/20000 train_loss:2.3221 train_time:88569ms step_avg:108.81ms
step:815/20000 train_loss:2.3784 train_time:88674ms step_avg:108.80ms
step:816/20000 train_loss:2.2452 train_time:88780ms step_avg:108.80ms
step:817/20000 train_loss:2.3588 train_time:88886ms step_avg:108.80ms
step:818/20000 train_loss:2.6474 train_time:88991ms step_avg:108.79ms
step:819/20000 train_loss:2.2505 train_time:89097ms step_avg:108.79ms
step:820/20000 train_loss:2.3291 train_time:89203ms step_avg:108.78ms
step:821/20000 train_loss:2.3459 train_time:89310ms step_avg:108.78ms
step:822/20000 train_loss:2.3773 train_time:89416ms step_avg:108.78ms
step:823/20000 train_loss:2.3127 train_time:89521ms step_avg:108.77ms
step:824/20000 train_loss:2.2596 train_time:89628ms step_avg:108.77ms
step:825/20000 train_loss:2.3648 train_time:89734ms step_avg:108.77ms
step:826/20000 train_loss:2.3905 train_time:89840ms step_avg:108.76ms
step:827/20000 train_loss:2.3868 train_time:89947ms step_avg:108.76ms
step:828/20000 train_loss:2.3604 train_time:90054ms step_avg:108.76ms
step:829/20000 train_loss:2.3770 train_time:90159ms step_avg:108.76ms
step:830/20000 train_loss:2.3286 train_time:90265ms step_avg:108.75ms
step:831/20000 train_loss:2.3653 train_time:90370ms step_avg:108.75ms
step:832/20000 train_loss:2.4020 train_time:90476ms step_avg:108.75ms
step:833/20000 train_loss:2.3660 train_time:90582ms step_avg:108.74ms
step:834/20000 train_loss:2.2966 train_time:90690ms step_avg:108.74ms
step:835/20000 train_loss:2.4414 train_time:90796ms step_avg:108.74ms
step:836/20000 train_loss:2.3460 train_time:90901ms step_avg:108.73ms
step:837/20000 train_loss:2.4483 train_time:91007ms step_avg:108.73ms
step:838/20000 train_loss:2.4165 train_time:91113ms step_avg:108.73ms
step:839/20000 train_loss:2.3636 train_time:91219ms step_avg:108.72ms
step:840/20000 train_loss:2.3919 train_time:91325ms step_avg:108.72ms
step:841/20000 train_loss:2.2719 train_time:91430ms step_avg:108.72ms
step:842/20000 train_loss:2.3274 train_time:91534ms step_avg:108.71ms
step:843/20000 train_loss:2.2909 train_time:91639ms step_avg:108.71ms
step:844/20000 train_loss:2.3061 train_time:91744ms step_avg:108.70ms
step:845/20000 train_loss:2.4154 train_time:91849ms step_avg:108.70ms
step:846/20000 train_loss:2.2408 train_time:91955ms step_avg:108.69ms
step:847/20000 train_loss:2.2703 train_time:92062ms step_avg:108.69ms
step:848/20000 train_loss:2.3727 train_time:92168ms step_avg:108.69ms
step:849/20000 train_loss:2.3502 train_time:92274ms step_avg:108.69ms
step:850/20000 train_loss:2.5685 train_time:92380ms step_avg:108.68ms
step:851/20000 train_loss:2.3687 train_time:92486ms step_avg:108.68ms
step:852/20000 train_loss:2.3200 train_time:92592ms step_avg:108.68ms
step:853/20000 train_loss:2.3121 train_time:92698ms step_avg:108.67ms
step:854/20000 train_loss:2.3795 train_time:92804ms step_avg:108.67ms
step:855/20000 train_loss:2.3284 train_time:92909ms step_avg:108.67ms
step:856/20000 train_loss:2.3308 train_time:93015ms step_avg:108.66ms
step:857/20000 train_loss:2.3524 train_time:93122ms step_avg:108.66ms
step:858/20000 train_loss:2.2856 train_time:93228ms step_avg:108.66ms
step:859/20000 train_loss:2.3471 train_time:93334ms step_avg:108.65ms
step:860/20000 train_loss:2.2887 train_time:93440ms step_avg:108.65ms
step:861/20000 train_loss:2.4169 train_time:93547ms step_avg:108.65ms
step:862/20000 train_loss:2.3954 train_time:93652ms step_avg:108.65ms
step:863/20000 train_loss:2.3417 train_time:93756ms step_avg:108.64ms
step:864/20000 train_loss:2.3072 train_time:93862ms step_avg:108.64ms
step:865/20000 train_loss:2.3515 train_time:93967ms step_avg:108.63ms
step:866/20000 train_loss:2.4282 train_time:94072ms step_avg:108.63ms
step:867/20000 train_loss:2.3442 train_time:94178ms step_avg:108.62ms
step:868/20000 train_loss:2.3672 train_time:94284ms step_avg:108.62ms
step:869/20000 train_loss:2.4171 train_time:94390ms step_avg:108.62ms
step:870/20000 train_loss:2.3457 train_time:94496ms step_avg:108.62ms
step:871/20000 train_loss:2.3178 train_time:94600ms step_avg:108.61ms
step:872/20000 train_loss:2.3394 train_time:94705ms step_avg:108.61ms
step:873/20000 train_loss:2.3341 train_time:94810ms step_avg:108.60ms
step:874/20000 train_loss:2.3704 train_time:94916ms step_avg:108.60ms
step:875/20000 train_loss:2.3398 train_time:95021ms step_avg:108.60ms
step:876/20000 train_loss:2.3429 train_time:95127ms step_avg:108.59ms
step:877/20000 train_loss:2.3452 train_time:95232ms step_avg:108.59ms
step:878/20000 train_loss:2.3480 train_time:95338ms step_avg:108.59ms
step:879/20000 train_loss:2.2460 train_time:95443ms step_avg:108.58ms
step:880/20000 train_loss:2.3628 train_time:95549ms step_avg:108.58ms
step:881/20000 train_loss:2.3203 train_time:95654ms step_avg:108.57ms
step:882/20000 train_loss:2.3048 train_time:95760ms step_avg:108.57ms
step:883/20000 train_loss:2.3018 train_time:95866ms step_avg:108.57ms
step:884/20000 train_loss:2.3196 train_time:95971ms step_avg:108.56ms
step:885/20000 train_loss:2.3820 train_time:96077ms step_avg:108.56ms
step:886/20000 train_loss:2.3489 train_time:96183ms step_avg:108.56ms
step:887/20000 train_loss:2.3206 train_time:96288ms step_avg:108.55ms
step:888/20000 train_loss:2.3251 train_time:96392ms step_avg:108.55ms
step:889/20000 train_loss:2.6667 train_time:96497ms step_avg:108.55ms
step:890/20000 train_loss:2.3645 train_time:96604ms step_avg:108.54ms
step:891/20000 train_loss:2.3230 train_time:96709ms step_avg:108.54ms
step:892/20000 train_loss:2.3120 train_time:96814ms step_avg:108.54ms
step:893/20000 train_loss:2.4116 train_time:96919ms step_avg:108.53ms
step:894/20000 train_loss:2.3854 train_time:97025ms step_avg:108.53ms
step:895/20000 train_loss:2.2214 train_time:97130ms step_avg:108.53ms
step:896/20000 train_loss:2.3321 train_time:97236ms step_avg:108.52ms
step:897/20000 train_loss:2.3561 train_time:97341ms step_avg:108.52ms
step:898/20000 train_loss:2.2967 train_time:97446ms step_avg:108.51ms
step:899/20000 train_loss:2.3900 train_time:97552ms step_avg:108.51ms
step:900/20000 train_loss:2.3208 train_time:97657ms step_avg:108.51ms
step:901/20000 train_loss:2.3389 train_time:97764ms step_avg:108.51ms
step:902/20000 train_loss:2.2674 train_time:97869ms step_avg:108.50ms
step:903/20000 train_loss:2.3176 train_time:97976ms step_avg:108.50ms
step:904/20000 train_loss:2.3326 train_time:98081ms step_avg:108.50ms
step:905/20000 train_loss:2.1446 train_time:98187ms step_avg:108.49ms
step:906/20000 train_loss:2.2782 train_time:98293ms step_avg:108.49ms
step:907/20000 train_loss:2.1934 train_time:98399ms step_avg:108.49ms
step:908/20000 train_loss:2.4050 train_time:98504ms step_avg:108.48ms
step:909/20000 train_loss:2.3705 train_time:98609ms step_avg:108.48ms
step:910/20000 train_loss:2.3814 train_time:98714ms step_avg:108.48ms
step:911/20000 train_loss:2.2794 train_time:98821ms step_avg:108.48ms
step:912/20000 train_loss:2.3467 train_time:98926ms step_avg:108.47ms
step:913/20000 train_loss:2.3487 train_time:99032ms step_avg:108.47ms
step:914/20000 train_loss:2.3665 train_time:99139ms step_avg:108.47ms
step:915/20000 train_loss:2.3758 train_time:99245ms step_avg:108.46ms
step:916/20000 train_loss:2.3010 train_time:99350ms step_avg:108.46ms
step:917/20000 train_loss:2.4620 train_time:99455ms step_avg:108.46ms
step:918/20000 train_loss:2.3929 train_time:99563ms step_avg:108.46ms
step:919/20000 train_loss:2.3053 train_time:99668ms step_avg:108.45ms
step:920/20000 train_loss:2.2792 train_time:99773ms step_avg:108.45ms
step:921/20000 train_loss:2.3631 train_time:99879ms step_avg:108.45ms
step:922/20000 train_loss:2.3154 train_time:99985ms step_avg:108.44ms
step:923/20000 train_loss:2.3183 train_time:100091ms step_avg:108.44ms
step:924/20000 train_loss:2.3190 train_time:100196ms step_avg:108.44ms
step:925/20000 train_loss:2.2283 train_time:100300ms step_avg:108.43ms
step:926/20000 train_loss:2.3189 train_time:100404ms step_avg:108.43ms
step:927/20000 train_loss:2.3371 train_time:100509ms step_avg:108.42ms
step:928/20000 train_loss:2.2999 train_time:100614ms step_avg:108.42ms
step:929/20000 train_loss:2.3070 train_time:100719ms step_avg:108.42ms
step:930/20000 train_loss:2.5357 train_time:100825ms step_avg:108.41ms
step:931/20000 train_loss:2.3177 train_time:100930ms step_avg:108.41ms
step:932/20000 train_loss:2.3400 train_time:101036ms step_avg:108.41ms
step:933/20000 train_loss:2.2831 train_time:101142ms step_avg:108.41ms
step:934/20000 train_loss:2.3480 train_time:101247ms step_avg:108.40ms
step:935/20000 train_loss:2.3198 train_time:101352ms step_avg:108.40ms
step:936/20000 train_loss:2.2771 train_time:101458ms step_avg:108.40ms
step:937/20000 train_loss:2.4058 train_time:101616ms step_avg:108.45ms
step:938/20000 train_loss:2.3194 train_time:101723ms step_avg:108.45ms
step:939/20000 train_loss:2.3265 train_time:101834ms step_avg:108.45ms
step:940/20000 train_loss:2.3329 train_time:101941ms step_avg:108.45ms
step:941/20000 train_loss:2.2886 train_time:102045ms step_avg:108.44ms
step:942/20000 train_loss:2.3137 train_time:102155ms step_avg:108.45ms
step:943/20000 train_loss:2.3146 train_time:102261ms step_avg:108.44ms
step:944/20000 train_loss:2.3205 train_time:102366ms step_avg:108.44ms
step:945/20000 train_loss:2.4841 train_time:102472ms step_avg:108.44ms
step:946/20000 train_loss:2.3795 train_time:102579ms step_avg:108.43ms
step:947/20000 train_loss:2.2107 train_time:102685ms step_avg:108.43ms
step:948/20000 train_loss:2.3881 train_time:102792ms step_avg:108.43ms
step:949/20000 train_loss:2.3631 train_time:102898ms step_avg:108.43ms
step:950/20000 train_loss:2.3229 train_time:103008ms step_avg:108.43ms
step:951/20000 train_loss:2.3168 train_time:103114ms step_avg:108.43ms
step:952/20000 train_loss:2.3196 train_time:103220ms step_avg:108.42ms
step:953/20000 train_loss:2.3602 train_time:103326ms step_avg:108.42ms
step:954/20000 train_loss:2.3106 train_time:103503ms step_avg:108.49ms
step:955/20000 train_loss:2.2981 train_time:103973ms step_avg:108.87ms
step:956/20000 train_loss:2.3708 train_time:104079ms step_avg:108.87ms
step:957/20000 train_loss:2.3133 train_time:104185ms step_avg:108.87ms
step:958/20000 train_loss:2.4062 train_time:104291ms step_avg:108.86ms
step:959/20000 train_loss:2.8232 train_time:104398ms step_avg:108.86ms
step:960/20000 train_loss:2.3551 train_time:104504ms step_avg:108.86ms
step:961/20000 train_loss:2.2969 train_time:104610ms step_avg:108.86ms
step:962/20000 train_loss:2.3147 train_time:104719ms step_avg:108.86ms
step:963/20000 train_loss:2.3192 train_time:104825ms step_avg:108.85ms
step:964/20000 train_loss:2.3473 train_time:104931ms step_avg:108.85ms
step:965/20000 train_loss:2.3142 train_time:105038ms step_avg:108.85ms
step:966/20000 train_loss:2.3108 train_time:105144ms step_avg:108.84ms
step:967/20000 train_loss:2.2518 train_time:105259ms step_avg:108.85ms
step:968/20000 train_loss:2.2219 train_time:105371ms step_avg:108.85ms
step:969/20000 train_loss:2.2737 train_time:105478ms step_avg:108.85ms
step:970/20000 train_loss:2.3526 train_time:105584ms step_avg:108.85ms
step:971/20000 train_loss:2.2918 train_time:105690ms step_avg:108.85ms
step:972/20000 train_loss:2.3386 train_time:105796ms step_avg:108.84ms
step:973/20000 train_loss:2.2415 train_time:105902ms step_avg:108.84ms
step:974/20000 train_loss:2.5079 train_time:106009ms step_avg:108.84ms
step:975/20000 train_loss:2.2156 train_time:106115ms step_avg:108.84ms
step:976/20000 train_loss:2.2281 train_time:106221ms step_avg:108.83ms
step:977/20000 train_loss:2.2993 train_time:106328ms step_avg:108.83ms
step:978/20000 train_loss:2.2956 train_time:106433ms step_avg:108.83ms
step:979/20000 train_loss:2.3262 train_time:106539ms step_avg:108.82ms
step:980/20000 train_loss:2.3086 train_time:106645ms step_avg:108.82ms
step:981/20000 train_loss:2.3155 train_time:106750ms step_avg:108.82ms
step:982/20000 train_loss:2.3691 train_time:106856ms step_avg:108.81ms
step:983/20000 train_loss:2.2646 train_time:106963ms step_avg:108.81ms
step:984/20000 train_loss:2.3423 train_time:107070ms step_avg:108.81ms
step:985/20000 train_loss:2.3376 train_time:107177ms step_avg:108.81ms
step:986/20000 train_loss:2.4025 train_time:107284ms step_avg:108.81ms
step:987/20000 train_loss:2.3182 train_time:107390ms step_avg:108.80ms
step:988/20000 train_loss:2.3051 train_time:107496ms step_avg:108.80ms
step:989/20000 train_loss:2.4235 train_time:107604ms step_avg:108.80ms
step:990/20000 train_loss:2.3124 train_time:107710ms step_avg:108.80ms
step:991/20000 train_loss:2.3400 train_time:107816ms step_avg:108.80ms
step:992/20000 train_loss:2.3297 train_time:107922ms step_avg:108.79ms
step:993/20000 train_loss:2.3501 train_time:108028ms step_avg:108.79ms
step:994/20000 train_loss:2.4237 train_time:108134ms step_avg:108.79ms
step:995/20000 train_loss:2.3311 train_time:108240ms step_avg:108.78ms
step:996/20000 train_loss:2.3192 train_time:108347ms step_avg:108.78ms
step:997/20000 train_loss:2.2428 train_time:108454ms step_avg:108.78ms
step:998/20000 train_loss:2.3055 train_time:108560ms step_avg:108.78ms
step:999/20000 train_loss:2.3057 train_time:108667ms step_avg:108.78ms
step:1000/20000 train_loss:2.3625 train_time:108774ms step_avg:108.77ms
step:1001/20000 train_loss:2.3283 train_time:108880ms step_avg:108.77ms
step:1002/20000 train_loss:2.2510 train_time:108986ms step_avg:108.77ms
step:1003/20000 train_loss:2.2690 train_time:109093ms step_avg:108.77ms
step:1004/20000 train_loss:2.2582 train_time:109199ms step_avg:108.76ms
step:1005/20000 train_loss:2.1885 train_time:109304ms step_avg:108.76ms
step:1006/20000 train_loss:2.2836 train_time:109411ms step_avg:108.76ms
step:1007/20000 train_loss:2.3019 train_time:109516ms step_avg:108.75ms
step:1008/20000 train_loss:2.2006 train_time:109622ms step_avg:108.75ms
step:1009/20000 train_loss:2.3535 train_time:109729ms step_avg:108.75ms
step:1010/20000 train_loss:2.3594 train_time:109835ms step_avg:108.75ms
step:1011/20000 train_loss:2.2268 train_time:109941ms step_avg:108.74ms
step:1012/20000 train_loss:2.3369 train_time:110047ms step_avg:108.74ms
step:1013/20000 train_loss:2.3214 train_time:110152ms step_avg:108.74ms
step:1014/20000 train_loss:2.3143 train_time:110258ms step_avg:108.74ms
step:1015/20000 train_loss:2.6283 train_time:110364ms step_avg:108.73ms
step:1016/20000 train_loss:2.4267 train_time:110470ms step_avg:108.73ms
step:1017/20000 train_loss:2.3096 train_time:110576ms step_avg:108.73ms
step:1018/20000 train_loss:2.2752 train_time:110683ms step_avg:108.73ms
step:1019/20000 train_loss:2.3777 train_time:110791ms step_avg:108.72ms
step:1020/20000 train_loss:2.2602 train_time:110898ms step_avg:108.72ms
step:1021/20000 train_loss:2.3004 train_time:111004ms step_avg:108.72ms
step:1022/20000 train_loss:2.3644 train_time:111110ms step_avg:108.72ms
step:1023/20000 train_loss:2.3077 train_time:111216ms step_avg:108.72ms
step:1024/20000 train_loss:2.3809 train_time:111322ms step_avg:108.71ms
step:1025/20000 train_loss:2.3608 train_time:111428ms step_avg:108.71ms
step:1026/20000 train_loss:2.3482 train_time:111533ms step_avg:108.71ms
step:1027/20000 train_loss:2.3241 train_time:111639ms step_avg:108.70ms
step:1028/20000 train_loss:2.3686 train_time:111745ms step_avg:108.70ms
step:1029/20000 train_loss:2.3095 train_time:111852ms step_avg:108.70ms
step:1030/20000 train_loss:2.3680 train_time:111958ms step_avg:108.70ms
step:1031/20000 train_loss:2.2654 train_time:112064ms step_avg:108.69ms
step:1032/20000 train_loss:2.2894 train_time:112170ms step_avg:108.69ms
step:1033/20000 train_loss:2.4416 train_time:112276ms step_avg:108.69ms
step:1034/20000 train_loss:2.3625 train_time:112382ms step_avg:108.69ms
step:1035/20000 train_loss:2.2944 train_time:112489ms step_avg:108.68ms
step:1036/20000 train_loss:2.2799 train_time:112595ms step_avg:108.68ms
step:1037/20000 train_loss:2.2680 train_time:112699ms step_avg:108.68ms
step:1038/20000 train_loss:2.3071 train_time:112805ms step_avg:108.68ms
step:1039/20000 train_loss:2.2716 train_time:112911ms step_avg:108.67ms
step:1040/20000 train_loss:2.2642 train_time:113017ms step_avg:108.67ms
step:1041/20000 train_loss:2.3292 train_time:113124ms step_avg:108.67ms
step:1042/20000 train_loss:2.3239 train_time:113229ms step_avg:108.66ms
step:1043/20000 train_loss:2.2876 train_time:113335ms step_avg:108.66ms
step:1044/20000 train_loss:2.2905 train_time:113440ms step_avg:108.66ms
step:1045/20000 train_loss:2.3285 train_time:113546ms step_avg:108.66ms
step:1046/20000 train_loss:2.2523 train_time:113651ms step_avg:108.65ms
step:1047/20000 train_loss:2.3030 train_time:113757ms step_avg:108.65ms
step:1048/20000 train_loss:2.3642 train_time:113863ms step_avg:108.65ms
step:1049/20000 train_loss:2.3450 train_time:113969ms step_avg:108.65ms
step:1050/20000 train_loss:2.4105 train_time:114075ms step_avg:108.64ms
step:1051/20000 train_loss:2.3874 train_time:114182ms step_avg:108.64ms
step:1052/20000 train_loss:2.2512 train_time:114289ms step_avg:108.64ms
step:1053/20000 train_loss:2.2685 train_time:114395ms step_avg:108.64ms
step:1054/20000 train_loss:2.3578 train_time:114502ms step_avg:108.64ms
step:1055/20000 train_loss:2.2640 train_time:114607ms step_avg:108.63ms
step:1056/20000 train_loss:2.3546 train_time:114713ms step_avg:108.63ms
step:1057/20000 train_loss:2.3152 train_time:114818ms step_avg:108.63ms
step:1058/20000 train_loss:2.4178 train_time:114924ms step_avg:108.62ms
step:1059/20000 train_loss:2.3193 train_time:115031ms step_avg:108.62ms
step:1060/20000 train_loss:2.2948 train_time:115137ms step_avg:108.62ms
step:1061/20000 train_loss:2.3634 train_time:115243ms step_avg:108.62ms
step:1062/20000 train_loss:2.2667 train_time:115348ms step_avg:108.61ms
step:1063/20000 train_loss:2.2480 train_time:115454ms step_avg:108.61ms
step:1064/20000 train_loss:2.3259 train_time:115561ms step_avg:108.61ms
step:1065/20000 train_loss:2.2498 train_time:115666ms step_avg:108.61ms
step:1066/20000 train_loss:2.2266 train_time:115772ms step_avg:108.60ms
step:1067/20000 train_loss:2.3458 train_time:115878ms step_avg:108.60ms
step:1068/20000 train_loss:2.2505 train_time:115984ms step_avg:108.60ms
step:1069/20000 train_loss:2.2379 train_time:116091ms step_avg:108.60ms
step:1070/20000 train_loss:2.1908 train_time:116196ms step_avg:108.59ms
step:1071/20000 train_loss:2.1954 train_time:116302ms step_avg:108.59ms
step:1072/20000 train_loss:2.2555 train_time:116408ms step_avg:108.59ms
step:1073/20000 train_loss:2.1974 train_time:116513ms step_avg:108.59ms
step:1074/20000 train_loss:2.2697 train_time:116620ms step_avg:108.58ms
step:1075/20000 train_loss:2.1883 train_time:116725ms step_avg:108.58ms
step:1076/20000 train_loss:2.3371 train_time:116831ms step_avg:108.58ms
step:1077/20000 train_loss:2.2666 train_time:116936ms step_avg:108.58ms
step:1078/20000 train_loss:2.2717 train_time:117042ms step_avg:108.57ms
step:1079/20000 train_loss:2.2865 train_time:117148ms step_avg:108.57ms
step:1080/20000 train_loss:2.3452 train_time:117254ms step_avg:108.57ms
step:1081/20000 train_loss:2.2930 train_time:117360ms step_avg:108.57ms
step:1082/20000 train_loss:2.3091 train_time:117465ms step_avg:108.56ms
step:1083/20000 train_loss:2.2998 train_time:117569ms step_avg:108.56ms
step:1084/20000 train_loss:2.4919 train_time:117675ms step_avg:108.56ms
step:1085/20000 train_loss:2.4296 train_time:117779ms step_avg:108.55ms
step:1086/20000 train_loss:2.3211 train_time:117884ms step_avg:108.55ms
step:1087/20000 train_loss:2.3379 train_time:117988ms step_avg:108.54ms
step:1088/20000 train_loss:2.4065 train_time:118093ms step_avg:108.54ms
step:1089/20000 train_loss:2.2807 train_time:118200ms step_avg:108.54ms
step:1090/20000 train_loss:2.2996 train_time:118307ms step_avg:108.54ms
step:1091/20000 train_loss:2.3437 train_time:118412ms step_avg:108.54ms
step:1092/20000 train_loss:2.5381 train_time:118518ms step_avg:108.53ms
step:1093/20000 train_loss:2.3371 train_time:118625ms step_avg:108.53ms
step:1094/20000 train_loss:2.1663 train_time:118730ms step_avg:108.53ms
step:1095/20000 train_loss:2.2547 train_time:118836ms step_avg:108.53ms
step:1096/20000 train_loss:2.2238 train_time:118942ms step_avg:108.52ms
step:1097/20000 train_loss:2.3753 train_time:119049ms step_avg:108.52ms
step:1098/20000 train_loss:2.3938 train_time:119155ms step_avg:108.52ms
step:1099/20000 train_loss:2.3275 train_time:119263ms step_avg:108.52ms
step:1100/20000 train_loss:2.3056 train_time:119369ms step_avg:108.52ms
step:1101/20000 train_loss:2.2946 train_time:119476ms step_avg:108.52ms
step:1102/20000 train_loss:2.2519 train_time:119582ms step_avg:108.51ms
W0320 13:59:48.519000 26231 torch/distributed/elastic/agent/server/api.py:725] Received 15 death signal, shutting down workers
W0320 13:59:48.523000 26231 torch/distributed/elastic/multiprocessing/api.py:908] Sending process 26243 closing signal SIGTERM
W0320 13:59:48.525000 26231 torch/distributed/elastic/multiprocessing/api.py:908] Sending process 26244 closing signal SIGTERM
W0320 13:59:48.529000 26231 torch/distributed/elastic/multiprocessing/api.py:908] Sending process 26245 closing signal SIGTERM
W0320 13:59:48.531000 26231 torch/distributed/elastic/multiprocessing/api.py:908] Sending process 26246 closing signal SIGTERM
Traceback (most recent call last):
  File "/usr/local/bin/torchrun", line 7, in <module>
    sys.exit(main())
             ^^^^^^
  File "/usr/local/lib/python3.12/dist-packages/torch/distributed/elastic/multiprocessing/errors/__init__.py", line 357, in wrapper
    return f(*args, **kwargs)
           ^^^^^^^^^^^^^^^^^^
  File "/usr/local/lib/python3.12/dist-packages/torch/distributed/run.py", line 936, in main
    run(args)
  File "/usr/local/lib/python3.12/dist-packages/torch/distributed/run.py", line 927, in run
    elastic_launch(
  File "/usr/local/lib/python3.12/dist-packages/torch/distributed/launcher/api.py", line 156, in __call__
    return launch_agent(self._config, self._entrypoint, list(args))
           ^^^^^^^^^^^^^^^^^^^^^^^^^^^^^^^^^^^^^^^^^^^^^^^^^^^^^^^^
  File "/usr/local/lib/python3.12/dist-packages/torch/distributed/launcher/api.py", line 284, in launch_agent
    result = agent.run()
             ^^^^^^^^^^^
  File "/usr/local/lib/python3.12/dist-packages/torch/distributed/elastic/metrics/api.py", line 138, in wrapper
    result = f(*args, **kwargs)
             ^^^^^^^^^^^^^^^^^^
  File "/usr/local/lib/python3.12/dist-packages/torch/distributed/elastic/agent/server/api.py", line 717, in run
    result = self._invoke_run(role)
             ^^^^^^^^^^^^^^^^^^^^^^
  File "/usr/local/lib/python3.12/dist-packages/torch/distributed/elastic/agent/server/api.py", line 881, in _invoke_run
    time.sleep(monitor_interval)
  File "/usr/local/lib/python3.12/dist-packages/torch/distributed/elastic/multiprocessing/api.py", line 85, in _terminate_process_handler
    raise SignalException(f"Process {os.getpid()} got signal: {sigval}", sigval=sigval)
torch.distributed.elastic.multiprocessing.api.SignalException: Process 26231 got signal: 15
