logs/10a20558-fe0c-4cdf-877a-fc04efff16ab.txt
val_bpb:enabled tokenizer_kind=sentencepiece tokenizer_path=./data/tokenizers/fineweb_1024_bpe.model
train_loader:dataset:fineweb10B_sp1024 train_shards:80
val_loader:shards pattern=./data/datasets/fineweb10B_sp1024/fineweb_val_*.bin tokens:62021632
model_params:19222856
world_size:4 grad_accum_steps:2
sdp_backends:cudnn=False flash=True mem_efficient=False math=False
attention_mode:gqa num_heads:8 num_kv_heads:4
tie_embeddings:True embed_lr:0.05 head_lr:0.0 matrix_lr:0.04 scalar_lr:0.04
train_batch_tokens:524288 train_seq_len:1024 iterations:20000 warmup_steps:20 max_wallclock_seconds:600.000
seed:1337
warmup_step:1/20
warmup_step:2/20
warmup_step:3/20
warmup_step:4/20
warmup_step:5/20
warmup_step:6/20
warmup_step:7/20
warmup_step:8/20
warmup_step:9/20
warmup_step:10/20
warmup_step:11/20
warmup_step:12/20
warmup_step:13/20
warmup_step:14/20
warmup_step:15/20
warmup_step:16/20
warmup_step:17/20
warmup_step:18/20
warmup_step:19/20
warmup_step:20/20
step:1/20000 train_loss:6.9397 train_time:596ms step_avg:595.67ms
step:2/20000 train_loss:17.6012 train_time:702ms step_avg:351.07ms
step:3/20000 train_loss:9.8983 train_time:827ms step_avg:275.60ms
step:4/20000 train_loss:6.5461 train_time:951ms step_avg:237.69ms
step:5/20000 train_loss:6.5400 train_time:1074ms step_avg:214.90ms
step:6/20000 train_loss:6.8320 train_time:1196ms step_avg:199.41ms
step:7/20000 train_loss:6.2724 train_time:1321ms step_avg:188.75ms
step:8/20000 train_loss:6.1093 train_time:1445ms step_avg:180.67ms
step:9/20000 train_loss:6.0429 train_time:1568ms step_avg:174.22ms
step:10/20000 train_loss:5.9499 train_time:1692ms step_avg:169.18ms
step:11/20000 train_loss:5.9181 train_time:1817ms step_avg:165.21ms
step:12/20000 train_loss:5.9317 train_time:1941ms step_avg:161.74ms
step:13/20000 train_loss:5.8083 train_time:2066ms step_avg:158.90ms
step:14/20000 train_loss:5.7651 train_time:2188ms step_avg:156.27ms
step:15/20000 train_loss:5.6619 train_time:2313ms step_avg:154.19ms
step:16/20000 train_loss:5.6680 train_time:2436ms step_avg:152.27ms
step:17/20000 train_loss:5.5554 train_time:2560ms step_avg:150.56ms
step:18/20000 train_loss:5.5265 train_time:2682ms step_avg:149.00ms
step:19/20000 train_loss:5.3693 train_time:2808ms step_avg:147.78ms
step:20/20000 train_loss:5.2870 train_time:2932ms step_avg:146.58ms
step:21/20000 train_loss:5.1632 train_time:3055ms step_avg:145.49ms
step:22/20000 train_loss:5.1123 train_time:3179ms step_avg:144.51ms
step:23/20000 train_loss:4.9688 train_time:3302ms step_avg:143.55ms
step:24/20000 train_loss:4.8823 train_time:3423ms step_avg:142.64ms
step:25/20000 train_loss:4.8415 train_time:3547ms step_avg:141.86ms
step:26/20000 train_loss:4.8479 train_time:3668ms step_avg:141.07ms
step:27/20000 train_loss:4.7026 train_time:3790ms step_avg:140.37ms
step:28/20000 train_loss:4.7205 train_time:3912ms step_avg:139.72ms
step:29/20000 train_loss:4.6381 train_time:4035ms step_avg:139.14ms
step:30/20000 train_loss:4.6052 train_time:4158ms step_avg:138.60ms
step:31/20000 train_loss:4.5636 train_time:4281ms step_avg:138.09ms
step:32/20000 train_loss:4.5030 train_time:4404ms step_avg:137.61ms
step:33/20000 train_loss:4.4504 train_time:4529ms step_avg:137.24ms
step:34/20000 train_loss:4.4977 train_time:4653ms step_avg:136.84ms
step:35/20000 train_loss:4.3828 train_time:4776ms step_avg:136.45ms
step:36/20000 train_loss:4.3806 train_time:4899ms step_avg:136.09ms
step:37/20000 train_loss:4.2632 train_time:5023ms step_avg:135.75ms
step:38/20000 train_loss:4.3311 train_time:5148ms step_avg:135.48ms
step:39/20000 train_loss:4.3286 train_time:5271ms step_avg:135.16ms
step:40/20000 train_loss:4.2509 train_time:5395ms step_avg:134.88ms
step:41/20000 train_loss:4.1983 train_time:5518ms step_avg:134.59ms
step:42/20000 train_loss:4.2054 train_time:5642ms step_avg:134.33ms
step:43/20000 train_loss:4.2378 train_time:5765ms step_avg:134.06ms
step:44/20000 train_loss:4.2037 train_time:5888ms step_avg:133.81ms
step:45/20000 train_loss:4.1759 train_time:6011ms step_avg:133.58ms
step:46/20000 train_loss:4.1195 train_time:6135ms step_avg:133.36ms
step:47/20000 train_loss:4.0191 train_time:6258ms step_avg:133.15ms
step:48/20000 train_loss:4.0694 train_time:6381ms step_avg:132.95ms
step:49/20000 train_loss:4.0245 train_time:6506ms step_avg:132.77ms
step:50/20000 train_loss:4.0580 train_time:6630ms step_avg:132.60ms
step:51/20000 train_loss:3.9259 train_time:6754ms step_avg:132.42ms
step:52/20000 train_loss:3.9227 train_time:6877ms step_avg:132.25ms
step:53/20000 train_loss:3.8715 train_time:7001ms step_avg:132.09ms
step:54/20000 train_loss:3.9036 train_time:7125ms step_avg:131.94ms
step:55/20000 train_loss:3.9538 train_time:7249ms step_avg:131.80ms
step:56/20000 train_loss:3.8479 train_time:7372ms step_avg:131.64ms
step:57/20000 train_loss:3.7703 train_time:7494ms step_avg:131.48ms
step:58/20000 train_loss:3.8142 train_time:7619ms step_avg:131.36ms
step:59/20000 train_loss:3.8670 train_time:7744ms step_avg:131.25ms
step:60/20000 train_loss:3.7698 train_time:7867ms step_avg:131.12ms
step:61/20000 train_loss:3.7414 train_time:7991ms step_avg:131.00ms
step:62/20000 train_loss:3.7553 train_time:8114ms step_avg:130.87ms
step:63/20000 train_loss:3.7112 train_time:8237ms step_avg:130.75ms
step:64/20000 train_loss:3.7666 train_time:8361ms step_avg:130.64ms
step:65/20000 train_loss:3.6723 train_time:8484ms step_avg:130.53ms
step:66/20000 train_loss:3.7027 train_time:8608ms step_avg:130.43ms
step:67/20000 train_loss:3.6897 train_time:8732ms step_avg:130.33ms
step:68/20000 train_loss:3.7072 train_time:8856ms step_avg:130.23ms
step:69/20000 train_loss:3.6533 train_time:8980ms step_avg:130.14ms
step:70/20000 train_loss:3.7114 train_time:9103ms step_avg:130.04ms
step:71/20000 train_loss:3.5732 train_time:9226ms step_avg:129.94ms
step:72/20000 train_loss:3.7556 train_time:9350ms step_avg:129.85ms
step:73/20000 train_loss:3.6390 train_time:9472ms step_avg:129.76ms
step:74/20000 train_loss:3.5769 train_time:9596ms step_avg:129.68ms
step:75/20000 train_loss:3.5512 train_time:9718ms step_avg:129.58ms
step:76/20000 train_loss:3.5650 train_time:9842ms step_avg:129.50ms
step:77/20000 train_loss:3.5279 train_time:9964ms step_avg:129.41ms
step:78/20000 train_loss:3.5605 train_time:10087ms step_avg:129.32ms
step:79/20000 train_loss:3.5301 train_time:10210ms step_avg:129.24ms
step:80/20000 train_loss:3.5777 train_time:10333ms step_avg:129.16ms
step:81/20000 train_loss:3.5680 train_time:10455ms step_avg:129.08ms
step:82/20000 train_loss:3.5214 train_time:10578ms step_avg:129.00ms
step:83/20000 train_loss:3.4504 train_time:10701ms step_avg:128.93ms
step:84/20000 train_loss:3.4923 train_time:10825ms step_avg:128.87ms
step:85/20000 train_loss:3.4331 train_time:10951ms step_avg:128.83ms
step:86/20000 train_loss:3.4513 train_time:11075ms step_avg:128.78ms
step:87/20000 train_loss:3.5017 train_time:11199ms step_avg:128.72ms
step:88/20000 train_loss:3.3665 train_time:11324ms step_avg:128.68ms
step:89/20000 train_loss:3.3690 train_time:11449ms step_avg:128.64ms
step:90/20000 train_loss:3.4235 train_time:11570ms step_avg:128.56ms
step:91/20000 train_loss:3.4001 train_time:11693ms step_avg:128.49ms
step:92/20000 train_loss:3.3538 train_time:11817ms step_avg:128.44ms
step:93/20000 train_loss:3.5017 train_time:11939ms step_avg:128.38ms
step:94/20000 train_loss:3.4126 train_time:12063ms step_avg:128.33ms
step:95/20000 train_loss:3.3474 train_time:12187ms step_avg:128.28ms
step:96/20000 train_loss:3.4800 train_time:12310ms step_avg:128.23ms
step:97/20000 train_loss:3.3558 train_time:12433ms step_avg:128.18ms
step:98/20000 train_loss:3.3693 train_time:12556ms step_avg:128.12ms
step:99/20000 train_loss:3.4178 train_time:12679ms step_avg:128.07ms
step:100/20000 train_loss:3.3512 train_time:12803ms step_avg:128.03ms
step:101/20000 train_loss:3.3381 train_time:12927ms step_avg:127.99ms
step:102/20000 train_loss:3.3494 train_time:13050ms step_avg:127.94ms
step:103/20000 train_loss:3.3239 train_time:13175ms step_avg:127.91ms
step:104/20000 train_loss:3.3495 train_time:13298ms step_avg:127.87ms
step:105/20000 train_loss:3.2938 train_time:13421ms step_avg:127.82ms
step:106/20000 train_loss:3.3771 train_time:13544ms step_avg:127.77ms
step:107/20000 train_loss:3.3270 train_time:13667ms step_avg:127.73ms
step:108/20000 train_loss:3.2776 train_time:13791ms step_avg:127.69ms
step:109/20000 train_loss:3.2445 train_time:13915ms step_avg:127.66ms
step:110/20000 train_loss:3.2281 train_time:14038ms step_avg:127.62ms
step:111/20000 train_loss:3.2839 train_time:14161ms step_avg:127.58ms
step:112/20000 train_loss:3.2638 train_time:14285ms step_avg:127.55ms
step:113/20000 train_loss:3.2503 train_time:14408ms step_avg:127.51ms
step:114/20000 train_loss:3.2162 train_time:14533ms step_avg:127.48ms
step:115/20000 train_loss:3.2102 train_time:14655ms step_avg:127.44ms
step:116/20000 train_loss:3.2020 train_time:14779ms step_avg:127.40ms
step:117/20000 train_loss:3.1344 train_time:14902ms step_avg:127.37ms
step:118/20000 train_loss:3.2369 train_time:15025ms step_avg:127.33ms
step:119/20000 train_loss:3.2090 train_time:15150ms step_avg:127.31ms
step:120/20000 train_loss:3.1802 train_time:15273ms step_avg:127.28ms
step:121/20000 train_loss:3.2123 train_time:15396ms step_avg:127.24ms
step:122/20000 train_loss:3.2362 train_time:15520ms step_avg:127.21ms
step:123/20000 train_loss:3.1505 train_time:15644ms step_avg:127.18ms
step:124/20000 train_loss:3.2041 train_time:15766ms step_avg:127.15ms
step:125/20000 train_loss:3.1038 train_time:15890ms step_avg:127.12ms
step:126/20000 train_loss:3.1680 train_time:16013ms step_avg:127.09ms
step:127/20000 train_loss:3.1931 train_time:16136ms step_avg:127.06ms
step:128/20000 train_loss:3.0383 train_time:16258ms step_avg:127.02ms
step:129/20000 train_loss:3.1018 train_time:16381ms step_avg:126.98ms
step:130/20000 train_loss:3.1903 train_time:16505ms step_avg:126.96ms
step:131/20000 train_loss:3.1133 train_time:16627ms step_avg:126.92ms
step:132/20000 train_loss:3.0874 train_time:16750ms step_avg:126.89ms
step:133/20000 train_loss:3.1178 train_time:16873ms step_avg:126.87ms
step:134/20000 train_loss:3.0835 train_time:16996ms step_avg:126.84ms
step:135/20000 train_loss:3.0241 train_time:17119ms step_avg:126.81ms
step:136/20000 train_loss:3.0319 train_time:17242ms step_avg:126.78ms
step:137/20000 train_loss:2.9816 train_time:17367ms step_avg:126.76ms
step:138/20000 train_loss:3.0035 train_time:17489ms step_avg:126.73ms
step:139/20000 train_loss:3.0408 train_time:17612ms step_avg:126.71ms
step:140/20000 train_loss:3.0193 train_time:17735ms step_avg:126.68ms
step:141/20000 train_loss:2.9990 train_time:17858ms step_avg:126.65ms
step:142/20000 train_loss:3.0894 train_time:17981ms step_avg:126.63ms
step:143/20000 train_loss:3.0567 train_time:18104ms step_avg:126.60ms
step:144/20000 train_loss:2.9685 train_time:18228ms step_avg:126.58ms
step:145/20000 train_loss:3.0234 train_time:18350ms step_avg:126.55ms
step:146/20000 train_loss:3.1673 train_time:18473ms step_avg:126.53ms
step:147/20000 train_loss:3.0081 train_time:18597ms step_avg:126.51ms
step:148/20000 train_loss:2.9704 train_time:18720ms step_avg:126.49ms
step:149/20000 train_loss:3.0468 train_time:18844ms step_avg:126.47ms
step:150/20000 train_loss:3.0665 train_time:18967ms step_avg:126.45ms
step:151/20000 train_loss:2.9757 train_time:19090ms step_avg:126.42ms
step:152/20000 train_loss:3.0561 train_time:19212ms step_avg:126.40ms
step:153/20000 train_loss:3.0483 train_time:19335ms step_avg:126.37ms
step:154/20000 train_loss:3.0513 train_time:19458ms step_avg:126.35ms
step:155/20000 train_loss:2.9621 train_time:19580ms step_avg:126.33ms
step:156/20000 train_loss:2.9225 train_time:19703ms step_avg:126.30ms
step:157/20000 train_loss:2.9270 train_time:19828ms step_avg:126.29ms
step:158/20000 train_loss:3.0031 train_time:19952ms step_avg:126.28ms
step:159/20000 train_loss:2.8513 train_time:20075ms step_avg:126.26ms
step:160/20000 train_loss:2.9559 train_time:20198ms step_avg:126.24ms
step:161/20000 train_loss:2.8807 train_time:20321ms step_avg:126.22ms
step:162/20000 train_loss:2.8813 train_time:20445ms step_avg:126.20ms
step:163/20000 train_loss:2.9230 train_time:20568ms step_avg:126.18ms
step:164/20000 train_loss:2.9140 train_time:20690ms step_avg:126.16ms
step:165/20000 train_loss:2.9989 train_time:20814ms step_avg:126.14ms
step:166/20000 train_loss:2.9543 train_time:20937ms step_avg:126.13ms
step:167/20000 train_loss:2.9367 train_time:21059ms step_avg:126.10ms
step:168/20000 train_loss:2.9031 train_time:21182ms step_avg:126.08ms
step:169/20000 train_loss:2.8598 train_time:21304ms step_avg:126.06ms
step:170/20000 train_loss:3.0509 train_time:21427ms step_avg:126.04ms
step:171/20000 train_loss:2.9303 train_time:21550ms step_avg:126.02ms
step:172/20000 train_loss:2.9216 train_time:21671ms step_avg:125.99ms
step:173/20000 train_loss:2.9260 train_time:21794ms step_avg:125.98ms
step:174/20000 train_loss:2.8754 train_time:21917ms step_avg:125.96ms
step:175/20000 train_loss:2.8498 train_time:22040ms step_avg:125.94ms
step:176/20000 train_loss:2.8361 train_time:22163ms step_avg:125.93ms
step:177/20000 train_loss:2.9130 train_time:22286ms step_avg:125.91ms
step:178/20000 train_loss:2.9145 train_time:22408ms step_avg:125.89ms
step:179/20000 train_loss:2.9173 train_time:22530ms step_avg:125.87ms
step:180/20000 train_loss:2.8810 train_time:22653ms step_avg:125.85ms
step:181/20000 train_loss:2.7904 train_time:22776ms step_avg:125.83ms
step:182/20000 train_loss:2.8325 train_time:22898ms step_avg:125.81ms
step:183/20000 train_loss:2.9118 train_time:23023ms step_avg:125.81ms
step:184/20000 train_loss:2.8719 train_time:23148ms step_avg:125.80ms
step:185/20000 train_loss:2.8937 train_time:23271ms step_avg:125.79ms
step:186/20000 train_loss:2.7961 train_time:23394ms step_avg:125.78ms
step:187/20000 train_loss:2.8543 train_time:23518ms step_avg:125.76ms
step:188/20000 train_loss:2.8359 train_time:23640ms step_avg:125.75ms
step:189/20000 train_loss:2.7072 train_time:23763ms step_avg:125.73ms
step:190/20000 train_loss:2.9511 train_time:23887ms step_avg:125.72ms
step:191/20000 train_loss:2.8545 train_time:24056ms step_avg:125.95ms
step:192/20000 train_loss:2.9130 train_time:24566ms step_avg:127.95ms
step:193/20000 train_loss:2.8170 train_time:24690ms step_avg:127.93ms
step:194/20000 train_loss:2.8366 train_time:24814ms step_avg:127.91ms
step:195/20000 train_loss:2.8186 train_time:24937ms step_avg:127.88ms
step:196/20000 train_loss:2.8626 train_time:25060ms step_avg:127.86ms
step:197/20000 train_loss:2.8653 train_time:25184ms step_avg:127.84ms
step:198/20000 train_loss:2.8696 train_time:25307ms step_avg:127.81ms
step:199/20000 train_loss:2.7776 train_time:25429ms step_avg:127.78ms
step:200/20000 train_loss:2.7720 train_time:25551ms step_avg:127.75ms
step:201/20000 train_loss:2.7981 train_time:25675ms step_avg:127.74ms
step:202/20000 train_loss:2.7398 train_time:25798ms step_avg:127.71ms
step:203/20000 train_loss:2.7738 train_time:25921ms step_avg:127.69ms
step:204/20000 train_loss:2.8530 train_time:26043ms step_avg:127.66ms
step:205/20000 train_loss:2.7798 train_time:26167ms step_avg:127.64ms
step:206/20000 train_loss:2.7225 train_time:26290ms step_avg:127.62ms
step:207/20000 train_loss:2.7857 train_time:26414ms step_avg:127.60ms
step:208/20000 train_loss:2.7089 train_time:26537ms step_avg:127.58ms
step:209/20000 train_loss:2.8354 train_time:26660ms step_avg:127.56ms
step:210/20000 train_loss:2.8041 train_time:26783ms step_avg:127.54ms
step:211/20000 train_loss:2.7918 train_time:26906ms step_avg:127.52ms
step:212/20000 train_loss:2.8368 train_time:27029ms step_avg:127.50ms
step:213/20000 train_loss:2.8903 train_time:27151ms step_avg:127.47ms
step:214/20000 train_loss:2.7181 train_time:27273ms step_avg:127.45ms
step:215/20000 train_loss:2.7091 train_time:27396ms step_avg:127.42ms
step:216/20000 train_loss:2.8105 train_time:27519ms step_avg:127.41ms
step:217/20000 train_loss:2.6875 train_time:27643ms step_avg:127.39ms
step:218/20000 train_loss:2.7321 train_time:27767ms step_avg:127.37ms
step:219/20000 train_loss:2.7604 train_time:27892ms step_avg:127.36ms
step:220/20000 train_loss:2.9817 train_time:28016ms step_avg:127.34ms
step:221/20000 train_loss:2.8035 train_time:28138ms step_avg:127.32ms
step:222/20000 train_loss:2.8253 train_time:28327ms step_avg:127.60ms
step:223/20000 train_loss:2.7847 train_time:28451ms step_avg:127.58ms
step:224/20000 train_loss:2.7978 train_time:28574ms step_avg:127.56ms
step:225/20000 train_loss:2.7760 train_time:28697ms step_avg:127.54ms
step:226/20000 train_loss:2.8221 train_time:28822ms step_avg:127.53ms
step:227/20000 train_loss:2.7759 train_time:28946ms step_avg:127.51ms
step:228/20000 train_loss:2.7724 train_time:29069ms step_avg:127.49ms
step:229/20000 train_loss:2.7516 train_time:29193ms step_avg:127.48ms
step:230/20000 train_loss:2.7655 train_time:29317ms step_avg:127.46ms
step:231/20000 train_loss:2.7708 train_time:29440ms step_avg:127.44ms
step:232/20000 train_loss:2.7431 train_time:29564ms step_avg:127.43ms
step:233/20000 train_loss:2.8042 train_time:29687ms step_avg:127.41ms
step:234/20000 train_loss:2.6320 train_time:29810ms step_avg:127.39ms
step:235/20000 train_loss:2.8021 train_time:29934ms step_avg:127.38ms
step:236/20000 train_loss:2.7222 train_time:30058ms step_avg:127.36ms
step:237/20000 train_loss:2.6903 train_time:30182ms step_avg:127.35ms
step:238/20000 train_loss:2.7323 train_time:30305ms step_avg:127.33ms
step:239/20000 train_loss:2.7446 train_time:30429ms step_avg:127.32ms
step:240/20000 train_loss:2.7556 train_time:30552ms step_avg:127.30ms
step:241/20000 train_loss:2.6643 train_time:30675ms step_avg:127.28ms
step:242/20000 train_loss:2.7342 train_time:30799ms step_avg:127.27ms
step:243/20000 train_loss:2.7484 train_time:30922ms step_avg:127.25ms
step:244/20000 train_loss:2.7146 train_time:31046ms step_avg:127.24ms
step:245/20000 train_loss:2.6983 train_time:31170ms step_avg:127.23ms
step:246/20000 train_loss:2.7285 train_time:31294ms step_avg:127.21ms
step:247/20000 train_loss:2.7230 train_time:31418ms step_avg:127.20ms
step:248/20000 train_loss:2.7341 train_time:31541ms step_avg:127.18ms
step:249/20000 train_loss:2.6431 train_time:31665ms step_avg:127.17ms
step:250/20000 train_loss:2.7525 train_time:31788ms step_avg:127.15ms
step:251/20000 train_loss:2.6667 train_time:31911ms step_avg:127.14ms
step:252/20000 train_loss:2.7504 train_time:32034ms step_avg:127.12ms
step:253/20000 train_loss:2.6987 train_time:32157ms step_avg:127.10ms
step:254/20000 train_loss:2.6535 train_time:32282ms step_avg:127.09ms
step:255/20000 train_loss:2.6986 train_time:32405ms step_avg:127.08ms
step:256/20000 train_loss:2.5755 train_time:32529ms step_avg:127.06ms
step:257/20000 train_loss:2.6814 train_time:32653ms step_avg:127.05ms
step:258/20000 train_loss:2.7996 train_time:32776ms step_avg:127.04ms
step:259/20000 train_loss:2.6570 train_time:32901ms step_avg:127.03ms
step:260/20000 train_loss:2.6624 train_time:33024ms step_avg:127.02ms
step:261/20000 train_loss:2.7389 train_time:33148ms step_avg:127.00ms
step:262/20000 train_loss:2.7487 train_time:33272ms step_avg:126.99ms
step:263/20000 train_loss:2.6903 train_time:33396ms step_avg:126.98ms
step:264/20000 train_loss:2.7045 train_time:33519ms step_avg:126.96ms
step:265/20000 train_loss:2.6633 train_time:33642ms step_avg:126.95ms
step:266/20000 train_loss:2.6855 train_time:33765ms step_avg:126.93ms
step:267/20000 train_loss:2.6965 train_time:33887ms step_avg:126.92ms
step:268/20000 train_loss:2.7196 train_time:34011ms step_avg:126.91ms
step:269/20000 train_loss:2.6686 train_time:34134ms step_avg:126.89ms
step:270/20000 train_loss:2.6725 train_time:34258ms step_avg:126.88ms
step:271/20000 train_loss:2.6025 train_time:34381ms step_avg:126.87ms
step:272/20000 train_loss:2.6535 train_time:34505ms step_avg:126.86ms
step:273/20000 train_loss:2.5849 train_time:34628ms step_avg:126.84ms
step:274/20000 train_loss:2.6622 train_time:34751ms step_avg:126.83ms
step:275/20000 train_loss:2.6772 train_time:34875ms step_avg:126.82ms
step:276/20000 train_loss:2.6973 train_time:34998ms step_avg:126.80ms
step:277/20000 train_loss:2.6482 train_time:35121ms step_avg:126.79ms
step:278/20000 train_loss:2.7025 train_time:35245ms step_avg:126.78ms
step:279/20000 train_loss:2.6743 train_time:35369ms step_avg:126.77ms
step:280/20000 train_loss:2.6781 train_time:35492ms step_avg:126.76ms
step:281/20000 train_loss:2.6410 train_time:35616ms step_avg:126.75ms
step:282/20000 train_loss:2.5798 train_time:35740ms step_avg:126.74ms
step:283/20000 train_loss:2.6667 train_time:35864ms step_avg:126.73ms
step:284/20000 train_loss:2.6453 train_time:35989ms step_avg:126.72ms
step:285/20000 train_loss:2.6659 train_time:36113ms step_avg:126.71ms
step:286/20000 train_loss:2.6999 train_time:36237ms step_avg:126.70ms
step:287/20000 train_loss:2.7333 train_time:36360ms step_avg:126.69ms
step:288/20000 train_loss:2.6481 train_time:36483ms step_avg:126.68ms
step:289/20000 train_loss:2.6495 train_time:36606ms step_avg:126.66ms
step:290/20000 train_loss:2.6312 train_time:36730ms step_avg:126.65ms
step:291/20000 train_loss:2.7060 train_time:36854ms step_avg:126.64ms
step:292/20000 train_loss:2.6545 train_time:36977ms step_avg:126.64ms
step:293/20000 train_loss:2.6784 train_time:37101ms step_avg:126.62ms
step:294/20000 train_loss:2.5826 train_time:37224ms step_avg:126.61ms
step:295/20000 train_loss:2.6913 train_time:37348ms step_avg:126.60ms
step:296/20000 train_loss:2.6964 train_time:37471ms step_avg:126.59ms
step:297/20000 train_loss:2.5623 train_time:37594ms step_avg:126.58ms
step:298/20000 train_loss:2.6962 train_time:37718ms step_avg:126.57ms
step:299/20000 train_loss:2.4017 train_time:37842ms step_avg:126.56ms
step:300/20000 train_loss:2.5645 train_time:37965ms step_avg:126.55ms
step:301/20000 train_loss:2.7218 train_time:38088ms step_avg:126.54ms
step:302/20000 train_loss:2.6298 train_time:38212ms step_avg:126.53ms
step:303/20000 train_loss:2.6706 train_time:38335ms step_avg:126.52ms
step:304/20000 train_loss:2.6252 train_time:38459ms step_avg:126.51ms
step:305/20000 train_loss:2.6248 train_time:38583ms step_avg:126.50ms
step:306/20000 train_loss:2.6495 train_time:38707ms step_avg:126.49ms
step:307/20000 train_loss:2.5761 train_time:38830ms step_avg:126.48ms
step:308/20000 train_loss:2.6522 train_time:38954ms step_avg:126.48ms
step:309/20000 train_loss:2.5745 train_time:39077ms step_avg:126.46ms
step:310/20000 train_loss:2.6741 train_time:39200ms step_avg:126.45ms
step:311/20000 train_loss:2.6332 train_time:39323ms step_avg:126.44ms
step:312/20000 train_loss:2.6475 train_time:39448ms step_avg:126.44ms
step:313/20000 train_loss:2.7170 train_time:39570ms step_avg:126.42ms
step:314/20000 train_loss:2.6170 train_time:39694ms step_avg:126.41ms
step:315/20000 train_loss:2.5797 train_time:39817ms step_avg:126.40ms
step:316/20000 train_loss:2.5702 train_time:39940ms step_avg:126.39ms
step:317/20000 train_loss:2.5323 train_time:40064ms step_avg:126.38ms
step:318/20000 train_loss:2.5944 train_time:40187ms step_avg:126.37ms
step:319/20000 train_loss:2.6013 train_time:40310ms step_avg:126.36ms
step:320/20000 train_loss:2.5936 train_time:40434ms step_avg:126.36ms
step:321/20000 train_loss:2.6159 train_time:40558ms step_avg:126.35ms
step:322/20000 train_loss:2.6616 train_time:40682ms step_avg:126.34ms
step:323/20000 train_loss:2.5740 train_time:40805ms step_avg:126.33ms
step:324/20000 train_loss:2.9213 train_time:40928ms step_avg:126.32ms
step:325/20000 train_loss:2.6011 train_time:41051ms step_avg:126.31ms
step:326/20000 train_loss:2.5674 train_time:41174ms step_avg:126.30ms
step:327/20000 train_loss:2.5514 train_time:41298ms step_avg:126.29ms
step:328/20000 train_loss:2.6322 train_time:41421ms step_avg:126.28ms
step:329/20000 train_loss:2.6036 train_time:41546ms step_avg:126.28ms
step:330/20000 train_loss:2.5691 train_time:41669ms step_avg:126.27ms
step:331/20000 train_loss:2.5326 train_time:41793ms step_avg:126.26ms
step:332/20000 train_loss:2.6006 train_time:41916ms step_avg:126.25ms
step:333/20000 train_loss:2.5564 train_time:42041ms step_avg:126.25ms
step:334/20000 train_loss:2.6394 train_time:42164ms step_avg:126.24ms
step:335/20000 train_loss:2.5481 train_time:42288ms step_avg:126.23ms
step:336/20000 train_loss:2.5794 train_time:42412ms step_avg:126.23ms
step:337/20000 train_loss:2.6744 train_time:42536ms step_avg:126.22ms
step:338/20000 train_loss:2.6633 train_time:42659ms step_avg:126.21ms
step:339/20000 train_loss:2.5707 train_time:42782ms step_avg:126.20ms
step:340/20000 train_loss:2.5709 train_time:42906ms step_avg:126.19ms
step:341/20000 train_loss:2.6225 train_time:43030ms step_avg:126.19ms
step:342/20000 train_loss:2.5623 train_time:43152ms step_avg:126.18ms
step:343/20000 train_loss:2.6440 train_time:43276ms step_avg:126.17ms
step:344/20000 train_loss:2.6030 train_time:43399ms step_avg:126.16ms
step:345/20000 train_loss:2.5810 train_time:43521ms step_avg:126.15ms
step:346/20000 train_loss:2.4780 train_time:43645ms step_avg:126.14ms
step:347/20000 train_loss:2.5263 train_time:43768ms step_avg:126.13ms
step:348/20000 train_loss:2.5342 train_time:43891ms step_avg:126.12ms
step:349/20000 train_loss:2.5919 train_time:44015ms step_avg:126.12ms
step:350/20000 train_loss:2.6193 train_time:44138ms step_avg:126.11ms
step:351/20000 train_loss:2.5500 train_time:44261ms step_avg:126.10ms
step:352/20000 train_loss:2.6317 train_time:44385ms step_avg:126.09ms
step:353/20000 train_loss:2.5079 train_time:44509ms step_avg:126.09ms
step:354/20000 train_loss:2.6248 train_time:44633ms step_avg:126.08ms
step:355/20000 train_loss:2.6028 train_time:44758ms step_avg:126.08ms
step:356/20000 train_loss:2.5922 train_time:44880ms step_avg:126.07ms
step:357/20000 train_loss:2.6347 train_time:45003ms step_avg:126.06ms
step:358/20000 train_loss:2.6586 train_time:45126ms step_avg:126.05ms
step:359/20000 train_loss:2.5754 train_time:45250ms step_avg:126.04ms
step:360/20000 train_loss:2.6010 train_time:45373ms step_avg:126.04ms
step:361/20000 train_loss:2.6148 train_time:45497ms step_avg:126.03ms
step:362/20000 train_loss:2.5988 train_time:45621ms step_avg:126.03ms
step:363/20000 train_loss:2.5553 train_time:45746ms step_avg:126.02ms
step:364/20000 train_loss:2.5596 train_time:45868ms step_avg:126.01ms
step:365/20000 train_loss:2.4825 train_time:45991ms step_avg:126.00ms
step:366/20000 train_loss:2.5270 train_time:46115ms step_avg:126.00ms
step:367/20000 train_loss:2.6486 train_time:46238ms step_avg:125.99ms
step:368/20000 train_loss:2.6449 train_time:46361ms step_avg:125.98ms
step:369/20000 train_loss:2.5201 train_time:46485ms step_avg:125.98ms
step:370/20000 train_loss:2.4705 train_time:46608ms step_avg:125.97ms
step:371/20000 train_loss:2.4991 train_time:46732ms step_avg:125.96ms
step:372/20000 train_loss:2.4658 train_time:46856ms step_avg:125.96ms
step:373/20000 train_loss:2.4967 train_time:46978ms step_avg:125.95ms
step:374/20000 train_loss:2.5150 train_time:47102ms step_avg:125.94ms
step:375/20000 train_loss:2.5870 train_time:47225ms step_avg:125.93ms
step:376/20000 train_loss:2.5821 train_time:47349ms step_avg:125.93ms
step:377/20000 train_loss:2.5642 train_time:47473ms step_avg:125.92ms
step:378/20000 train_loss:2.5703 train_time:47596ms step_avg:125.92ms
step:379/20000 train_loss:2.5490 train_time:47720ms step_avg:125.91ms
step:380/20000 train_loss:2.4688 train_time:47844ms step_avg:125.90ms
step:381/20000 train_loss:2.6212 train_time:47967ms step_avg:125.90ms
step:382/20000 train_loss:2.5930 train_time:48186ms step_avg:126.14ms
step:383/20000 train_loss:2.6101 train_time:48679ms step_avg:127.10ms
step:384/20000 train_loss:2.7483 train_time:48803ms step_avg:127.09ms
step:385/20000 train_loss:2.6307 train_time:48928ms step_avg:127.09ms
step:386/20000 train_loss:2.5912 train_time:49051ms step_avg:127.08ms
step:387/20000 train_loss:2.6326 train_time:49175ms step_avg:127.07ms
step:388/20000 train_loss:2.5834 train_time:49300ms step_avg:127.06ms
step:389/20000 train_loss:2.4662 train_time:49423ms step_avg:127.05ms
step:390/20000 train_loss:2.6483 train_time:49547ms step_avg:127.04ms
step:391/20000 train_loss:2.5298 train_time:49670ms step_avg:127.03ms
step:392/20000 train_loss:2.4649 train_time:49794ms step_avg:127.03ms
step:393/20000 train_loss:2.5247 train_time:49917ms step_avg:127.02ms
step:394/20000 train_loss:2.5886 train_time:50042ms step_avg:127.01ms
step:395/20000 train_loss:2.5148 train_time:50165ms step_avg:127.00ms
step:396/20000 train_loss:2.5474 train_time:50288ms step_avg:126.99ms
step:397/20000 train_loss:2.4727 train_time:50412ms step_avg:126.98ms
step:398/20000 train_loss:2.4894 train_time:50535ms step_avg:126.97ms
step:399/20000 train_loss:2.4673 train_time:50660ms step_avg:126.97ms
step:400/20000 train_loss:2.3332 train_time:50783ms step_avg:126.96ms
step:401/20000 train_loss:2.3851 train_time:50906ms step_avg:126.95ms
step:402/20000 train_loss:2.5411 train_time:51030ms step_avg:126.94ms
step:403/20000 train_loss:2.5421 train_time:51154ms step_avg:126.93ms
step:404/20000 train_loss:2.5068 train_time:51277ms step_avg:126.92ms
step:405/20000 train_loss:2.5405 train_time:51400ms step_avg:126.91ms
step:406/20000 train_loss:2.5534 train_time:51524ms step_avg:126.91ms
step:407/20000 train_loss:2.5755 train_time:51648ms step_avg:126.90ms
step:408/20000 train_loss:2.5941 train_time:51771ms step_avg:126.89ms
step:409/20000 train_loss:2.5460 train_time:51895ms step_avg:126.88ms
step:410/20000 train_loss:2.5678 train_time:52019ms step_avg:126.87ms
step:411/20000 train_loss:2.5746 train_time:52142ms step_avg:126.87ms
step:412/20000 train_loss:2.5340 train_time:52268ms step_avg:126.86ms
step:413/20000 train_loss:2.5634 train_time:52391ms step_avg:126.86ms
step:414/20000 train_loss:2.5864 train_time:52513ms step_avg:126.84ms
step:415/20000 train_loss:2.5770 train_time:52637ms step_avg:126.84ms
step:416/20000 train_loss:2.5449 train_time:52760ms step_avg:126.83ms
step:417/20000 train_loss:2.5329 train_time:52884ms step_avg:126.82ms
step:418/20000 train_loss:2.4992 train_time:53007ms step_avg:126.81ms
step:419/20000 train_loss:2.5424 train_time:53131ms step_avg:126.80ms
step:420/20000 train_loss:2.4671 train_time:53255ms step_avg:126.80ms
step:421/20000 train_loss:2.5317 train_time:53379ms step_avg:126.79ms
step:422/20000 train_loss:2.4896 train_time:53503ms step_avg:126.78ms
step:423/20000 train_loss:2.5781 train_time:53627ms step_avg:126.78ms
step:424/20000 train_loss:2.4594 train_time:53750ms step_avg:126.77ms
step:425/20000 train_loss:2.5349 train_time:53874ms step_avg:126.76ms
step:426/20000 train_loss:2.4559 train_time:53998ms step_avg:126.76ms
step:427/20000 train_loss:2.4712 train_time:54122ms step_avg:126.75ms
step:428/20000 train_loss:2.3596 train_time:54246ms step_avg:126.74ms
step:429/20000 train_loss:2.3727 train_time:54370ms step_avg:126.74ms
step:430/20000 train_loss:2.4298 train_time:54495ms step_avg:126.73ms
step:431/20000 train_loss:2.5053 train_time:54619ms step_avg:126.73ms
step:432/20000 train_loss:2.6700 train_time:54742ms step_avg:126.72ms
step:433/20000 train_loss:2.5917 train_time:54866ms step_avg:126.71ms
step:434/20000 train_loss:2.5071 train_time:54989ms step_avg:126.70ms
step:435/20000 train_loss:2.5353 train_time:55114ms step_avg:126.70ms
step:436/20000 train_loss:2.5431 train_time:55237ms step_avg:126.69ms
step:437/20000 train_loss:2.3715 train_time:55360ms step_avg:126.68ms
step:438/20000 train_loss:2.4927 train_time:55483ms step_avg:126.67ms
step:439/20000 train_loss:2.5417 train_time:55607ms step_avg:126.67ms
step:440/20000 train_loss:2.6238 train_time:55730ms step_avg:126.66ms
step:441/20000 train_loss:2.6447 train_time:55853ms step_avg:126.65ms
step:442/20000 train_loss:2.5869 train_time:55977ms step_avg:126.64ms
step:443/20000 train_loss:2.5281 train_time:56100ms step_avg:126.64ms
step:444/20000 train_loss:2.4715 train_time:56223ms step_avg:126.63ms
step:445/20000 train_loss:2.5351 train_time:56345ms step_avg:126.62ms
step:446/20000 train_loss:2.4098 train_time:56466ms step_avg:126.61ms
step:447/20000 train_loss:2.5729 train_time:56588ms step_avg:126.60ms
step:448/20000 train_loss:2.4035 train_time:56711ms step_avg:126.59ms
step:449/20000 train_loss:2.4697 train_time:56834ms step_avg:126.58ms
step:450/20000 train_loss:2.4992 train_time:56957ms step_avg:126.57ms
step:451/20000 train_loss:2.4478 train_time:57079ms step_avg:126.56ms
step:452/20000 train_loss:2.4488 train_time:57202ms step_avg:126.55ms
step:453/20000 train_loss:2.5191 train_time:57325ms step_avg:126.55ms
step:454/20000 train_loss:2.4146 train_time:57451ms step_avg:126.54ms
step:455/20000 train_loss:2.4562 train_time:57574ms step_avg:126.54ms
step:456/20000 train_loss:2.3788 train_time:57697ms step_avg:126.53ms
step:457/20000 train_loss:2.3121 train_time:57823ms step_avg:126.53ms
step:458/20000 train_loss:2.5230 train_time:57949ms step_avg:126.53ms
step:459/20000 train_loss:2.5920 train_time:58074ms step_avg:126.52ms
step:460/20000 train_loss:2.5517 train_time:58198ms step_avg:126.52ms
step:461/20000 train_loss:2.5088 train_time:58321ms step_avg:126.51ms
step:462/20000 train_loss:2.4818 train_time:58445ms step_avg:126.50ms
step:463/20000 train_loss:2.3093 train_time:58568ms step_avg:126.50ms
step:464/20000 train_loss:2.5682 train_time:58691ms step_avg:126.49ms
step:465/20000 train_loss:2.5565 train_time:58815ms step_avg:126.48ms
step:466/20000 train_loss:2.5630 train_time:58939ms step_avg:126.48ms
step:467/20000 train_loss:2.5464 train_time:59062ms step_avg:126.47ms
step:468/20000 train_loss:2.5578 train_time:59185ms step_avg:126.46ms
step:469/20000 train_loss:2.4992 train_time:59312ms step_avg:126.47ms
step:470/20000 train_loss:2.4698 train_time:59435ms step_avg:126.46ms
step:471/20000 train_loss:2.4180 train_time:59559ms step_avg:126.45ms
step:472/20000 train_loss:2.5528 train_time:59684ms step_avg:126.45ms
step:473/20000 train_loss:2.4979 train_time:59806ms step_avg:126.44ms
step:474/20000 train_loss:2.5516 train_time:59931ms step_avg:126.44ms
step:475/20000 train_loss:2.5272 train_time:60055ms step_avg:126.43ms
step:476/20000 train_loss:2.4086 train_time:60180ms step_avg:126.43ms
step:477/20000 train_loss:2.4814 train_time:60303ms step_avg:126.42ms
step:478/20000 train_loss:2.4558 train_time:60426ms step_avg:126.41ms
step:479/20000 train_loss:2.4476 train_time:60549ms step_avg:126.41ms
step:480/20000 train_loss:2.5001 train_time:60672ms step_avg:126.40ms
step:481/20000 train_loss:2.5355 train_time:60794ms step_avg:126.39ms
step:482/20000 train_loss:2.4933 train_time:60917ms step_avg:126.38ms
step:483/20000 train_loss:2.4043 train_time:61040ms step_avg:126.38ms
step:484/20000 train_loss:2.4235 train_time:61165ms step_avg:126.37ms
step:485/20000 train_loss:2.4014 train_time:61289ms step_avg:126.37ms
step:486/20000 train_loss:2.2682 train_time:61412ms step_avg:126.36ms
step:487/20000 train_loss:2.4055 train_time:61536ms step_avg:126.36ms
step:488/20000 train_loss:2.4459 train_time:61658ms step_avg:126.35ms
step:489/20000 train_loss:2.5700 train_time:61781ms step_avg:126.34ms
step:490/20000 train_loss:2.5580 train_time:61903ms step_avg:126.33ms
step:491/20000 train_loss:2.5329 train_time:62025ms step_avg:126.32ms
step:492/20000 train_loss:2.5216 train_time:62150ms step_avg:126.32ms
step:493/20000 train_loss:2.5554 train_time:62273ms step_avg:126.32ms
step:494/20000 train_loss:2.5110 train_time:62396ms step_avg:126.31ms
step:495/20000 train_loss:2.5142 train_time:62520ms step_avg:126.30ms
step:496/20000 train_loss:2.5598 train_time:62642ms step_avg:126.29ms
step:497/20000 train_loss:2.9161 train_time:62766ms step_avg:126.29ms
step:498/20000 train_loss:2.5878 train_time:62892ms step_avg:126.29ms
step:499/20000 train_loss:2.5439 train_time:63015ms step_avg:126.28ms
step:500/20000 train_loss:2.4267 train_time:63138ms step_avg:126.28ms
step:501/20000 train_loss:2.5274 train_time:63261ms step_avg:126.27ms
step:502/20000 train_loss:2.4976 train_time:63385ms step_avg:126.27ms
step:503/20000 train_loss:2.4592 train_time:63507ms step_avg:126.26ms
step:504/20000 train_loss:2.4476 train_time:63630ms step_avg:126.25ms
step:505/20000 train_loss:2.6577 train_time:63753ms step_avg:126.24ms
step:506/20000 train_loss:2.4572 train_time:63876ms step_avg:126.24ms
step:507/20000 train_loss:2.4835 train_time:63999ms step_avg:126.23ms
step:508/20000 train_loss:2.4621 train_time:64122ms step_avg:126.23ms
step:509/20000 train_loss:2.4730 train_time:64246ms step_avg:126.22ms
step:510/20000 train_loss:2.4483 train_time:64369ms step_avg:126.21ms
step:511/20000 train_loss:2.4664 train_time:64493ms step_avg:126.21ms
step:512/20000 train_loss:2.4208 train_time:64617ms step_avg:126.21ms
step:513/20000 train_loss:2.3265 train_time:64741ms step_avg:126.20ms
step:514/20000 train_loss:2.4545 train_time:64864ms step_avg:126.20ms
step:515/20000 train_loss:2.4260 train_time:64988ms step_avg:126.19ms
step:516/20000 train_loss:2.5018 train_time:65112ms step_avg:126.19ms
step:517/20000 train_loss:2.3496 train_time:65236ms step_avg:126.18ms
step:518/20000 train_loss:2.4543 train_time:65360ms step_avg:126.18ms
step:519/20000 train_loss:2.4315 train_time:65484ms step_avg:126.17ms
step:520/20000 train_loss:2.5122 train_time:65608ms step_avg:126.17ms
step:521/20000 train_loss:2.5232 train_time:65732ms step_avg:126.17ms
step:522/20000 train_loss:2.6110 train_time:65856ms step_avg:126.16ms
step:523/20000 train_loss:2.4926 train_time:65984ms step_avg:126.16ms
step:524/20000 train_loss:2.5414 train_time:66108ms step_avg:126.16ms
step:525/20000 train_loss:2.4969 train_time:66231ms step_avg:126.15ms
step:526/20000 train_loss:2.5813 train_time:66354ms step_avg:126.15ms
step:527/20000 train_loss:2.5091 train_time:66477ms step_avg:126.14ms
step:528/20000 train_loss:2.5523 train_time:66600ms step_avg:126.14ms
step:529/20000 train_loss:2.4541 train_time:66725ms step_avg:126.13ms
step:530/20000 train_loss:2.6648 train_time:66850ms step_avg:126.13ms
step:531/20000 train_loss:2.4550 train_time:66974ms step_avg:126.13ms
step:532/20000 train_loss:2.4561 train_time:67098ms step_avg:126.12ms
step:533/20000 train_loss:2.4031 train_time:67221ms step_avg:126.12ms
step:534/20000 train_loss:2.5339 train_time:67343ms step_avg:126.11ms
step:535/20000 train_loss:2.4467 train_time:67467ms step_avg:126.11ms
step:536/20000 train_loss:2.5200 train_time:67590ms step_avg:126.10ms
step:537/20000 train_loss:2.4696 train_time:67713ms step_avg:126.09ms
step:538/20000 train_loss:2.4122 train_time:67836ms step_avg:126.09ms
step:539/20000 train_loss:2.3336 train_time:67960ms step_avg:126.08ms
step:540/20000 train_loss:2.3124 train_time:68084ms step_avg:126.08ms
step:541/20000 train_loss:2.3887 train_time:68208ms step_avg:126.08ms
step:542/20000 train_loss:2.3867 train_time:68332ms step_avg:126.07ms
step:543/20000 train_loss:2.4387 train_time:68456ms step_avg:126.07ms
step:544/20000 train_loss:2.5917 train_time:68580ms step_avg:126.07ms
step:545/20000 train_loss:2.5197 train_time:68703ms step_avg:126.06ms
step:546/20000 train_loss:2.5329 train_time:68828ms step_avg:126.06ms
step:547/20000 train_loss:2.4770 train_time:68951ms step_avg:126.05ms
step:548/20000 train_loss:2.4640 train_time:69074ms step_avg:126.05ms
step:549/20000 train_loss:2.4986 train_time:69197ms step_avg:126.04ms
step:550/20000 train_loss:2.4395 train_time:69321ms step_avg:126.04ms
step:551/20000 train_loss:2.4874 train_time:69445ms step_avg:126.03ms
step:552/20000 train_loss:2.5018 train_time:69569ms step_avg:126.03ms
step:553/20000 train_loss:2.4959 train_time:69694ms step_avg:126.03ms
step:554/20000 train_loss:2.5087 train_time:69817ms step_avg:126.02ms
step:555/20000 train_loss:2.4833 train_time:69940ms step_avg:126.02ms
step:556/20000 train_loss:2.4968 train_time:70064ms step_avg:126.01ms
step:557/20000 train_loss:2.5552 train_time:70188ms step_avg:126.01ms
step:558/20000 train_loss:2.5467 train_time:70312ms step_avg:126.01ms
step:559/20000 train_loss:2.4820 train_time:70436ms step_avg:126.00ms
step:560/20000 train_loss:2.4734 train_time:70558ms step_avg:126.00ms
step:561/20000 train_loss:2.4416 train_time:70681ms step_avg:125.99ms
step:562/20000 train_loss:2.5240 train_time:70805ms step_avg:125.99ms
step:563/20000 train_loss:2.3974 train_time:70929ms step_avg:125.98ms
step:564/20000 train_loss:2.4260 train_time:71052ms step_avg:125.98ms
step:565/20000 train_loss:2.4610 train_time:71176ms step_avg:125.98ms
step:566/20000 train_loss:2.3894 train_time:71300ms step_avg:125.97ms
step:567/20000 train_loss:2.3205 train_time:71423ms step_avg:125.97ms
step:568/20000 train_loss:2.2592 train_time:71548ms step_avg:125.96ms
step:569/20000 train_loss:2.4223 train_time:71670ms step_avg:125.96ms
step:570/20000 train_loss:2.5277 train_time:71792ms step_avg:125.95ms
step:571/20000 train_loss:2.4456 train_time:71915ms step_avg:125.94ms
step:572/20000 train_loss:2.4284 train_time:72037ms step_avg:125.94ms
step:573/20000 train_loss:2.5103 train_time:72256ms step_avg:126.10ms
step:574/20000 train_loss:2.4893 train_time:72788ms step_avg:126.81ms
step:575/20000 train_loss:2.5017 train_time:72911ms step_avg:126.80ms
step:576/20000 train_loss:2.4112 train_time:73034ms step_avg:126.80ms
step:577/20000 train_loss:2.4622 train_time:73158ms step_avg:126.79ms
step:578/20000 train_loss:2.4503 train_time:73283ms step_avg:126.79ms
step:579/20000 train_loss:2.4461 train_time:73406ms step_avg:126.78ms
step:580/20000 train_loss:2.4311 train_time:73530ms step_avg:126.78ms
step:581/20000 train_loss:2.4624 train_time:73652ms step_avg:126.77ms
step:582/20000 train_loss:2.4743 train_time:73776ms step_avg:126.76ms
step:583/20000 train_loss:2.4894 train_time:73903ms step_avg:126.76ms
step:584/20000 train_loss:2.4504 train_time:74026ms step_avg:126.76ms
step:585/20000 train_loss:2.3740 train_time:74149ms step_avg:126.75ms
step:586/20000 train_loss:2.3492 train_time:74273ms step_avg:126.75ms
step:587/20000 train_loss:2.4365 train_time:74395ms step_avg:126.74ms
step:588/20000 train_loss:2.3778 train_time:74519ms step_avg:126.73ms
step:589/20000 train_loss:2.4224 train_time:74642ms step_avg:126.73ms
step:590/20000 train_loss:2.4173 train_time:74765ms step_avg:126.72ms
step:591/20000 train_loss:2.3866 train_time:74889ms step_avg:126.72ms
step:592/20000 train_loss:2.3748 train_time:75014ms step_avg:126.71ms
step:593/20000 train_loss:2.4733 train_time:75137ms step_avg:126.71ms
step:594/20000 train_loss:2.3338 train_time:75260ms step_avg:126.70ms
step:595/20000 train_loss:2.3375 train_time:75383ms step_avg:126.69ms
step:596/20000 train_loss:2.2874 train_time:75505ms step_avg:126.69ms
step:597/20000 train_loss:2.2657 train_time:75628ms step_avg:126.68ms
step:598/20000 train_loss:2.3107 train_time:75752ms step_avg:126.68ms
step:599/20000 train_loss:2.4394 train_time:75875ms step_avg:126.67ms
step:600/20000 train_loss:2.5199 train_time:75998ms step_avg:126.66ms
step:601/20000 train_loss:2.4050 train_time:76122ms step_avg:126.66ms
step:602/20000 train_loss:2.4341 train_time:76246ms step_avg:126.65ms
step:603/20000 train_loss:2.4721 train_time:76370ms step_avg:126.65ms
step:604/20000 train_loss:2.5124 train_time:76494ms step_avg:126.65ms
step:605/20000 train_loss:2.4945 train_time:76618ms step_avg:126.64ms
step:606/20000 train_loss:2.4507 train_time:76742ms step_avg:126.64ms
step:607/20000 train_loss:2.3630 train_time:76865ms step_avg:126.63ms
step:608/20000 train_loss:2.4377 train_time:76989ms step_avg:126.63ms
step:609/20000 train_loss:2.3731 train_time:77112ms step_avg:126.62ms
step:610/20000 train_loss:2.4630 train_time:77235ms step_avg:126.62ms
step:611/20000 train_loss:2.4245 train_time:77359ms step_avg:126.61ms
step:612/20000 train_loss:2.4597 train_time:77483ms step_avg:126.61ms
step:613/20000 train_loss:2.4680 train_time:77606ms step_avg:126.60ms
step:614/20000 train_loss:2.4433 train_time:77729ms step_avg:126.60ms
step:615/20000 train_loss:2.4039 train_time:77853ms step_avg:126.59ms
step:616/20000 train_loss:2.3972 train_time:77977ms step_avg:126.59ms
step:617/20000 train_loss:2.4903 train_time:78100ms step_avg:126.58ms
step:618/20000 train_loss:2.4928 train_time:78224ms step_avg:126.58ms
step:619/20000 train_loss:2.4570 train_time:78350ms step_avg:126.57ms
step:620/20000 train_loss:2.4851 train_time:78473ms step_avg:126.57ms
step:621/20000 train_loss:2.4101 train_time:78596ms step_avg:126.56ms
step:622/20000 train_loss:2.2608 train_time:78719ms step_avg:126.56ms
step:623/20000 train_loss:2.2781 train_time:78841ms step_avg:126.55ms
step:624/20000 train_loss:2.3605 train_time:78965ms step_avg:126.55ms
step:625/20000 train_loss:2.4116 train_time:79087ms step_avg:126.54ms
step:626/20000 train_loss:2.4489 train_time:79210ms step_avg:126.53ms
step:627/20000 train_loss:2.4435 train_time:79332ms step_avg:126.53ms
step:628/20000 train_loss:2.4614 train_time:79457ms step_avg:126.52ms
step:629/20000 train_loss:2.4424 train_time:79580ms step_avg:126.52ms
step:630/20000 train_loss:2.6771 train_time:79702ms step_avg:126.51ms
step:631/20000 train_loss:2.4797 train_time:79825ms step_avg:126.51ms
step:632/20000 train_loss:2.4977 train_time:79950ms step_avg:126.50ms
step:633/20000 train_loss:2.4762 train_time:80074ms step_avg:126.50ms
step:634/20000 train_loss:2.4547 train_time:80197ms step_avg:126.49ms
step:635/20000 train_loss:2.3882 train_time:80319ms step_avg:126.49ms
step:636/20000 train_loss:2.4213 train_time:80441ms step_avg:126.48ms
step:637/20000 train_loss:2.4391 train_time:80561ms step_avg:126.47ms
step:638/20000 train_loss:2.4367 train_time:80684ms step_avg:126.46ms
step:639/20000 train_loss:2.3996 train_time:80807ms step_avg:126.46ms
step:640/20000 train_loss:2.2431 train_time:80930ms step_avg:126.45ms
step:641/20000 train_loss:2.4469 train_time:81054ms step_avg:126.45ms
step:642/20000 train_loss:2.4003 train_time:81174ms step_avg:126.44ms
step:643/20000 train_loss:2.3838 train_time:81296ms step_avg:126.43ms
step:644/20000 train_loss:2.4336 train_time:81418ms step_avg:126.42ms
step:645/20000 train_loss:2.4041 train_time:81540ms step_avg:126.42ms
step:646/20000 train_loss:2.3605 train_time:81664ms step_avg:126.42ms
step:647/20000 train_loss:2.4477 train_time:81788ms step_avg:126.41ms
step:648/20000 train_loss:2.3290 train_time:81911ms step_avg:126.41ms
step:649/20000 train_loss:2.4037 train_time:82035ms step_avg:126.40ms
step:650/20000 train_loss:2.3624 train_time:82157ms step_avg:126.40ms
step:651/20000 train_loss:2.3280 train_time:82280ms step_avg:126.39ms
step:652/20000 train_loss:2.4714 train_time:82403ms step_avg:126.39ms
step:653/20000 train_loss:2.4029 train_time:82526ms step_avg:126.38ms
step:654/20000 train_loss:2.3271 train_time:82649ms step_avg:126.38ms
step:655/20000 train_loss:2.4404 train_time:82773ms step_avg:126.37ms
step:656/20000 train_loss:2.3289 train_time:82896ms step_avg:126.37ms
step:657/20000 train_loss:2.4135 train_time:83019ms step_avg:126.36ms
step:658/20000 train_loss:2.5032 train_time:83141ms step_avg:126.35ms
step:659/20000 train_loss:2.4134 train_time:83264ms step_avg:126.35ms
step:660/20000 train_loss:2.5549 train_time:83387ms step_avg:126.34ms
step:661/20000 train_loss:2.3076 train_time:83510ms step_avg:126.34ms
step:662/20000 train_loss:2.3635 train_time:83632ms step_avg:126.33ms
step:663/20000 train_loss:2.4831 train_time:83756ms step_avg:126.33ms
step:664/20000 train_loss:2.4767 train_time:83880ms step_avg:126.32ms
step:665/20000 train_loss:2.4111 train_time:84001ms step_avg:126.32ms
step:666/20000 train_loss:2.4365 train_time:84124ms step_avg:126.31ms
step:667/20000 train_loss:2.4220 train_time:84248ms step_avg:126.31ms
step:668/20000 train_loss:2.4104 train_time:84371ms step_avg:126.30ms
step:669/20000 train_loss:2.3879 train_time:84493ms step_avg:126.30ms
step:670/20000 train_loss:2.5394 train_time:84613ms step_avg:126.29ms
step:671/20000 train_loss:2.4080 train_time:84736ms step_avg:126.28ms
step:672/20000 train_loss:2.3448 train_time:84858ms step_avg:126.28ms
step:673/20000 train_loss:2.3738 train_time:84983ms step_avg:126.27ms
step:674/20000 train_loss:2.4083 train_time:85100ms step_avg:126.26ms
step:675/20000 train_loss:2.3011 train_time:85223ms step_avg:126.26ms
step:676/20000 train_loss:2.2910 train_time:85346ms step_avg:126.25ms
step:677/20000 train_loss:2.2893 train_time:85470ms step_avg:126.25ms
step:678/20000 train_loss:2.2724 train_time:85593ms step_avg:126.24ms
step:679/20000 train_loss:2.3926 train_time:85716ms step_avg:126.24ms
step:680/20000 train_loss:2.4562 train_time:85839ms step_avg:126.23ms
step:681/20000 train_loss:2.3522 train_time:85963ms step_avg:126.23ms
step:682/20000 train_loss:2.4259 train_time:86086ms step_avg:126.23ms
step:683/20000 train_loss:2.4883 train_time:86210ms step_avg:126.22ms
step:684/20000 train_loss:2.5035 train_time:86332ms step_avg:126.22ms
step:685/20000 train_loss:2.4342 train_time:86456ms step_avg:126.21ms
step:686/20000 train_loss:2.4341 train_time:86579ms step_avg:126.21ms
step:687/20000 train_loss:2.4211 train_time:86703ms step_avg:126.20ms
step:688/20000 train_loss:2.3859 train_time:86826ms step_avg:126.20ms
step:689/20000 train_loss:2.3950 train_time:86949ms step_avg:126.20ms
step:690/20000 train_loss:2.4047 train_time:87073ms step_avg:126.19ms
step:691/20000 train_loss:2.4001 train_time:87197ms step_avg:126.19ms
step:692/20000 train_loss:2.4052 train_time:87320ms step_avg:126.19ms
step:693/20000 train_loss:2.4020 train_time:87443ms step_avg:126.18ms
step:694/20000 train_loss:2.4421 train_time:87567ms step_avg:126.18ms
step:695/20000 train_loss:2.4076 train_time:87690ms step_avg:126.17ms
step:696/20000 train_loss:2.3431 train_time:87813ms step_avg:126.17ms
step:697/20000 train_loss:2.4143 train_time:87936ms step_avg:126.16ms
step:698/20000 train_loss:2.3435 train_time:88059ms step_avg:126.16ms
step:699/20000 train_loss:2.4171 train_time:88182ms step_avg:126.15ms
step:700/20000 train_loss:2.4042 train_time:88305ms step_avg:126.15ms
step:701/20000 train_loss:2.3755 train_time:88428ms step_avg:126.15ms
step:702/20000 train_loss:2.6046 train_time:88551ms step_avg:126.14ms
step:703/20000 train_loss:2.3628 train_time:88673ms step_avg:126.14ms
step:704/20000 train_loss:2.4503 train_time:88796ms step_avg:126.13ms
step:705/20000 train_loss:2.4767 train_time:88919ms step_avg:126.13ms
step:706/20000 train_loss:2.4454 train_time:89042ms step_avg:126.12ms
step:707/20000 train_loss:2.3853 train_time:89164ms step_avg:126.12ms
step:708/20000 train_loss:2.3517 train_time:89368ms step_avg:126.23ms
step:709/20000 train_loss:2.3021 train_time:89497ms step_avg:126.23ms
step:710/20000 train_loss:2.3098 train_time:89622ms step_avg:126.23ms
step:711/20000 train_loss:2.4141 train_time:89746ms step_avg:126.23ms
step:712/20000 train_loss:2.4124 train_time:89873ms step_avg:126.23ms
step:713/20000 train_loss:2.3581 train_time:89997ms step_avg:126.22ms
step:714/20000 train_loss:2.3736 train_time:90121ms step_avg:126.22ms
step:715/20000 train_loss:2.3745 train_time:90244ms step_avg:126.22ms
step:716/20000 train_loss:2.3250 train_time:90367ms step_avg:126.21ms
step:717/20000 train_loss:2.3985 train_time:90492ms step_avg:126.21ms
step:718/20000 train_loss:2.4672 train_time:90618ms step_avg:126.21ms
step:719/20000 train_loss:2.2677 train_time:90739ms step_avg:126.20ms
step:720/20000 train_loss:2.3263 train_time:90859ms step_avg:126.19ms
step:721/20000 train_loss:2.3794 train_time:90979ms step_avg:126.19ms
step:722/20000 train_loss:2.2563 train_time:91100ms step_avg:126.18ms
step:723/20000 train_loss:2.3455 train_time:91220ms step_avg:126.17ms
step:724/20000 train_loss:2.3269 train_time:91339ms step_avg:126.16ms
step:725/20000 train_loss:2.4034 train_time:91459ms step_avg:126.15ms
step:726/20000 train_loss:2.4043 train_time:91581ms step_avg:126.14ms
step:727/20000 train_loss:2.4478 train_time:91704ms step_avg:126.14ms
step:728/20000 train_loss:2.4124 train_time:91827ms step_avg:126.14ms
step:729/20000 train_loss:2.4756 train_time:91951ms step_avg:126.13ms
step:730/20000 train_loss:2.4559 train_time:92074ms step_avg:126.13ms
step:731/20000 train_loss:2.4249 train_time:92198ms step_avg:126.13ms
step:732/20000 train_loss:2.5524 train_time:92322ms step_avg:126.12ms
step:733/20000 train_loss:2.3520 train_time:92445ms step_avg:126.12ms
step:734/20000 train_loss:2.4046 train_time:92568ms step_avg:126.11ms
step:735/20000 train_loss:2.3915 train_time:92691ms step_avg:126.11ms
step:736/20000 train_loss:2.2146 train_time:92815ms step_avg:126.11ms
step:737/20000 train_loss:2.3865 train_time:92938ms step_avg:126.10ms
step:738/20000 train_loss:2.3862 train_time:93062ms step_avg:126.10ms
step:739/20000 train_loss:2.3374 train_time:93185ms step_avg:126.10ms
step:740/20000 train_loss:2.2725 train_time:93308ms step_avg:126.09ms
step:741/20000 train_loss:2.4408 train_time:93431ms step_avg:126.09ms
step:742/20000 train_loss:2.3791 train_time:93553ms step_avg:126.08ms
step:743/20000 train_loss:2.4257 train_time:93676ms step_avg:126.08ms
step:744/20000 train_loss:2.3934 train_time:93799ms step_avg:126.07ms
step:745/20000 train_loss:2.4062 train_time:93924ms step_avg:126.07ms
step:746/20000 train_loss:2.4953 train_time:94048ms step_avg:126.07ms
step:747/20000 train_loss:2.3330 train_time:94171ms step_avg:126.07ms
step:748/20000 train_loss:2.4391 train_time:94295ms step_avg:126.06ms
step:749/20000 train_loss:2.3857 train_time:94418ms step_avg:126.06ms
step:750/20000 train_loss:2.3373 train_time:94540ms step_avg:126.05ms
step:751/20000 train_loss:2.3092 train_time:94663ms step_avg:126.05ms
step:752/20000 train_loss:2.3808 train_time:94785ms step_avg:126.04ms
step:753/20000 train_loss:2.3771 train_time:94908ms step_avg:126.04ms
step:754/20000 train_loss:2.3499 train_time:95032ms step_avg:126.04ms
step:755/20000 train_loss:2.4272 train_time:95155ms step_avg:126.03ms
step:756/20000 train_loss:2.4033 train_time:95278ms step_avg:126.03ms
step:757/20000 train_loss:2.4377 train_time:95402ms step_avg:126.03ms
step:758/20000 train_loss:2.4644 train_time:95524ms step_avg:126.02ms
step:759/20000 train_loss:2.4198 train_time:95648ms step_avg:126.02ms
step:760/20000 train_loss:2.3291 train_time:95770ms step_avg:126.01ms
step:761/20000 train_loss:2.3711 train_time:95893ms step_avg:126.01ms
step:762/20000 train_loss:2.3462 train_time:96016ms step_avg:126.01ms
step:763/20000 train_loss:2.3078 train_time:96182ms step_avg:126.06ms
step:764/20000 train_loss:2.3005 train_time:96305ms step_avg:126.05ms
step:765/20000 train_loss:2.3607 train_time:96428ms step_avg:126.05ms
step:766/20000 train_loss:2.4170 train_time:96551ms step_avg:126.05ms
step:767/20000 train_loss:2.3834 train_time:96675ms step_avg:126.04ms
step:768/20000 train_loss:2.4229 train_time:96798ms step_avg:126.04ms
step:769/20000 train_loss:2.3550 train_time:96920ms step_avg:126.03ms
step:770/20000 train_loss:2.3810 train_time:97044ms step_avg:126.03ms
step:771/20000 train_loss:2.3230 train_time:97167ms step_avg:126.03ms
step:772/20000 train_loss:2.4890 train_time:97290ms step_avg:126.02ms
step:773/20000 train_loss:2.3202 train_time:97413ms step_avg:126.02ms
step:774/20000 train_loss:2.2958 train_time:97536ms step_avg:126.02ms
step:775/20000 train_loss:2.3449 train_time:97661ms step_avg:126.01ms
step:776/20000 train_loss:2.3817 train_time:97785ms step_avg:126.01ms
step:777/20000 train_loss:2.3721 train_time:97907ms step_avg:126.01ms
step:778/20000 train_loss:2.3610 train_time:98029ms step_avg:126.00ms
step:779/20000 train_loss:2.2735 train_time:98152ms step_avg:126.00ms
step:780/20000 train_loss:2.4242 train_time:98278ms step_avg:126.00ms
step:781/20000 train_loss:2.3580 train_time:98400ms step_avg:125.99ms
step:782/20000 train_loss:2.4334 train_time:98523ms step_avg:125.99ms
step:783/20000 train_loss:2.4130 train_time:98645ms step_avg:125.98ms
step:784/20000 train_loss:2.3866 train_time:98767ms step_avg:125.98ms
step:785/20000 train_loss:2.4263 train_time:98889ms step_avg:125.97ms
step:786/20000 train_loss:2.4961 train_time:99011ms step_avg:125.97ms
step:787/20000 train_loss:2.4194 train_time:99134ms step_avg:125.96ms
step:788/20000 train_loss:2.3618 train_time:99257ms step_avg:125.96ms
step:789/20000 train_loss:2.4288 train_time:99381ms step_avg:125.96ms
step:790/20000 train_loss:2.3259 train_time:99504ms step_avg:125.95ms
step:791/20000 train_loss:2.4095 train_time:99627ms step_avg:125.95ms
step:792/20000 train_loss:2.4301 train_time:99750ms step_avg:125.95ms
step:793/20000 train_loss:2.4166 train_time:99873ms step_avg:125.94ms
step:794/20000 train_loss:2.3478 train_time:99996ms step_avg:125.94ms
step:795/20000 train_loss:2.3401 train_time:100119ms step_avg:125.94ms
step:796/20000 train_loss:2.3901 train_time:100244ms step_avg:125.93ms
step:797/20000 train_loss:2.3336 train_time:100366ms step_avg:125.93ms
step:798/20000 train_loss:2.3319 train_time:100490ms step_avg:125.93ms
step:799/20000 train_loss:2.5444 train_time:100612ms step_avg:125.92ms
step:800/20000 train_loss:2.3000 train_time:100734ms step_avg:125.92ms
step:801/20000 train_loss:2.3875 train_time:100858ms step_avg:125.91ms
step:802/20000 train_loss:2.2963 train_time:100980ms step_avg:125.91ms
step:803/20000 train_loss:2.3740 train_time:101100ms step_avg:125.90ms
step:804/20000 train_loss:2.3474 train_time:101221ms step_avg:125.90ms
step:805/20000 train_loss:2.3567 train_time:101345ms step_avg:125.89ms
step:806/20000 train_loss:2.3197 train_time:101467ms step_avg:125.89ms
step:807/20000 train_loss:2.2714 train_time:101590ms step_avg:125.89ms
step:808/20000 train_loss:2.3564 train_time:101712ms step_avg:125.88ms
step:809/20000 train_loss:2.3759 train_time:101834ms step_avg:125.88ms
step:810/20000 train_loss:2.4479 train_time:101957ms step_avg:125.87ms
step:811/20000 train_loss:2.2943 train_time:102078ms step_avg:125.87ms
step:812/20000 train_loss:2.4740 train_time:102205ms step_avg:125.87ms
step:813/20000 train_loss:2.3601 train_time:102328ms step_avg:125.86ms
step:814/20000 train_loss:2.3246 train_time:102450ms step_avg:125.86ms
step:815/20000 train_loss:2.3843 train_time:102572ms step_avg:125.85ms
step:816/20000 train_loss:2.2489 train_time:102695ms step_avg:125.85ms
step:817/20000 train_loss:2.3645 train_time:102817ms step_avg:125.85ms
step:818/20000 train_loss:2.6516 train_time:102940ms step_avg:125.84ms
step:819/20000 train_loss:2.2515 train_time:103062ms step_avg:125.84ms
step:820/20000 train_loss:2.3372 train_time:103184ms step_avg:125.83ms
step:821/20000 train_loss:2.3486 train_time:103307ms step_avg:125.83ms
step:822/20000 train_loss:2.3857 train_time:103430ms step_avg:125.83ms
step:823/20000 train_loss:2.3172 train_time:103554ms step_avg:125.82ms
step:824/20000 train_loss:2.2590 train_time:103678ms step_avg:125.82ms
step:825/20000 train_loss:2.3662 train_time:103801ms step_avg:125.82ms
step:826/20000 train_loss:2.3925 train_time:103923ms step_avg:125.81ms
step:827/20000 train_loss:2.3924 train_time:104045ms step_avg:125.81ms
step:828/20000 train_loss:2.3617 train_time:104167ms step_avg:125.81ms
step:829/20000 train_loss:2.3835 train_time:104289ms step_avg:125.80ms
step:830/20000 train_loss:2.3308 train_time:104412ms step_avg:125.80ms
step:831/20000 train_loss:2.3725 train_time:104535ms step_avg:125.79ms
step:832/20000 train_loss:2.4044 train_time:104657ms step_avg:125.79ms
step:833/20000 train_loss:2.3702 train_time:104780ms step_avg:125.79ms
step:834/20000 train_loss:2.3031 train_time:104903ms step_avg:125.78ms
step:835/20000 train_loss:2.4458 train_time:105026ms step_avg:125.78ms
step:836/20000 train_loss:2.3517 train_time:105149ms step_avg:125.78ms
step:837/20000 train_loss:2.4575 train_time:105271ms step_avg:125.77ms
step:838/20000 train_loss:2.4186 train_time:105393ms step_avg:125.77ms
step:839/20000 train_loss:2.3714 train_time:105516ms step_avg:125.76ms
step:840/20000 train_loss:2.3975 train_time:105639ms step_avg:125.76ms
step:841/20000 train_loss:2.2734 train_time:105762ms step_avg:125.76ms
step:842/20000 train_loss:2.3316 train_time:105885ms step_avg:125.75ms
step:843/20000 train_loss:2.2922 train_time:106008ms step_avg:125.75ms
step:844/20000 train_loss:2.3119 train_time:106130ms step_avg:125.75ms
step:845/20000 train_loss:2.4173 train_time:106253ms step_avg:125.74ms
step:846/20000 train_loss:2.2436 train_time:106375ms step_avg:125.74ms
step:847/20000 train_loss:2.2770 train_time:106498ms step_avg:125.74ms
step:848/20000 train_loss:2.3827 train_time:106620ms step_avg:125.73ms
step:849/20000 train_loss:2.3584 train_time:106742ms step_avg:125.73ms
step:850/20000 train_loss:2.5753 train_time:106864ms step_avg:125.72ms
step:851/20000 train_loss:2.3731 train_time:106986ms step_avg:125.72ms
step:852/20000 train_loss:2.3208 train_time:107109ms step_avg:125.71ms
step:853/20000 train_loss:2.3101 train_time:107231ms step_avg:125.71ms
step:854/20000 train_loss:2.3814 train_time:107353ms step_avg:125.71ms
step:855/20000 train_loss:2.3321 train_time:107476ms step_avg:125.70ms
step:856/20000 train_loss:2.3361 train_time:107599ms step_avg:125.70ms
step:857/20000 train_loss:2.3531 train_time:107722ms step_avg:125.70ms
step:858/20000 train_loss:2.2843 train_time:107845ms step_avg:125.69ms
step:859/20000 train_loss:2.3477 train_time:107968ms step_avg:125.69ms
step:860/20000 train_loss:2.2901 train_time:108092ms step_avg:125.69ms
step:861/20000 train_loss:2.4182 train_time:108216ms step_avg:125.69ms
step:862/20000 train_loss:2.3967 train_time:108339ms step_avg:125.68ms
step:863/20000 train_loss:2.3481 train_time:108462ms step_avg:125.68ms
step:864/20000 train_loss:2.3165 train_time:108585ms step_avg:125.68ms
step:865/20000 train_loss:2.3580 train_time:108708ms step_avg:125.67ms
step:866/20000 train_loss:2.4331 train_time:108831ms step_avg:125.67ms
step:867/20000 train_loss:2.3508 train_time:108953ms step_avg:125.67ms
step:868/20000 train_loss:2.3744 train_time:109076ms step_avg:125.66ms
W0320 13:56:47.183000 15157 torch/distributed/elastic/agent/server/api.py:725] Received 15 death signal, shutting down workers
W0320 13:56:47.187000 15157 torch/distributed/elastic/multiprocessing/api.py:908] Sending process 15169 closing signal SIGTERM
W0320 13:56:47.190000 15157 torch/distributed/elastic/multiprocessing/api.py:908] Sending process 15170 closing signal SIGTERM
W0320 13:56:47.194000 15157 torch/distributed/elastic/multiprocessing/api.py:908] Sending process 15171 closing signal SIGTERM
W0320 13:56:47.198000 15157 torch/distributed/elastic/multiprocessing/api.py:908] Sending process 15172 closing signal SIGTERM
Traceback (most recent call last):
  File "/usr/local/bin/torchrun", line 7, in <module>
    sys.exit(main())
             ^^^^^^
  File "/usr/local/lib/python3.12/dist-packages/torch/distributed/elastic/multiprocessing/errors/__init__.py", line 357, in wrapper
    return f(*args, **kwargs)
           ^^^^^^^^^^^^^^^^^^
  File "/usr/local/lib/python3.12/dist-packages/torch/distributed/run.py", line 936, in main
    run(args)
  File "/usr/local/lib/python3.12/dist-packages/torch/distributed/run.py", line 927, in run
    elastic_launch(
  File "/usr/local/lib/python3.12/dist-packages/torch/distributed/launcher/api.py", line 156, in __call__
    return launch_agent(self._config, self._entrypoint, list(args))
           ^^^^^^^^^^^^^^^^^^^^^^^^^^^^^^^^^^^^^^^^^^^^^^^^^^^^^^^^
  File "/usr/local/lib/python3.12/dist-packages/torch/distributed/launcher/api.py", line 284, in launch_agent
    result = agent.run()
             ^^^^^^^^^^^
  File "/usr/local/lib/python3.12/dist-packages/torch/distributed/elastic/metrics/api.py", line 138, in wrapper
    result = f(*args, **kwargs)
             ^^^^^^^^^^^^^^^^^^
  File "/usr/local/lib/python3.12/dist-packages/torch/distributed/elastic/agent/server/api.py", line 717, in run
    result = self._invoke_run(role)
             ^^^^^^^^^^^^^^^^^^^^^^
  File "/usr/local/lib/python3.12/dist-packages/torch/distributed/elastic/agent/server/api.py", line 881, in _invoke_run
    time.sleep(monitor_interval)
  File "/usr/local/lib/python3.12/dist-packages/torch/distributed/elastic/multiprocessing/api.py", line 85, in _terminate_process_handler
    raise SignalException(f"Process {os.getpid()} got signal: {sigval}", sigval=sigval)
torch.distributed.elastic.multiprocessing.api.SignalException: Process 15157 got signal: 15
