logs/25836b64-dd7f-457a-9dac-1d6e0958cf21.txt
val_bpb:enabled tokenizer_kind=sentencepiece tokenizer_path=./data/tokenizers/fineweb_1024_bpe.model
train_loader:dataset:fineweb10B_sp1024 train_shards:80
val_loader:shards pattern=./data/datasets/fineweb10B_sp1024/fineweb_val_*.bin tokens:62021632
model_params:17059912
world_size:4 grad_accum_steps:2
sdp_backends:cudnn=False flash=True mem_efficient=False math=False
attention_mode:gqa num_heads:8 num_kv_heads:4
tie_embeddings:True embed_lr:0.05 head_lr:0.0 matrix_lr:0.04 scalar_lr:0.04
train_batch_tokens:524288 train_seq_len:1024 iterations:20000 warmup_steps:20 max_wallclock_seconds:600.000
seed:1337
warmup_step:1/20
warmup_step:2/20
warmup_step:3/20
warmup_step:4/20
warmup_step:5/20
warmup_step:6/20
warmup_step:7/20
warmup_step:8/20
warmup_step:9/20
warmup_step:10/20
warmup_step:11/20
warmup_step:12/20
warmup_step:13/20
warmup_step:14/20
warmup_step:15/20
warmup_step:16/20
warmup_step:17/20
warmup_step:18/20
warmup_step:19/20
warmup_step:20/20
step:1/20000 train_loss:6.9366 train_time:91ms step_avg:90.82ms
step:2/20000 train_loss:16.7156 train_time:175ms step_avg:87.42ms
step:3/20000 train_loss:8.7544 train_time:268ms step_avg:89.20ms
step:4/20000 train_loss:6.5982 train_time:361ms step_avg:90.17ms
step:5/20000 train_loss:6.6323 train_time:454ms step_avg:90.73ms
step:6/20000 train_loss:6.9497 train_time:547ms step_avg:91.09ms
step:7/20000 train_loss:6.3699 train_time:640ms step_avg:91.36ms
step:8/20000 train_loss:6.1801 train_time:732ms step_avg:91.49ms
step:9/20000 train_loss:6.0995 train_time:824ms step_avg:91.54ms
step:10/20000 train_loss:5.9797 train_time:916ms step_avg:91.58ms
step:11/20000 train_loss:5.9295 train_time:1008ms step_avg:91.65ms
step:12/20000 train_loss:5.9260 train_time:1100ms step_avg:91.64ms
step:13/20000 train_loss:5.8207 train_time:1193ms step_avg:91.75ms
step:14/20000 train_loss:5.7665 train_time:1286ms step_avg:91.82ms
step:15/20000 train_loss:5.6366 train_time:1380ms step_avg:91.97ms
step:16/20000 train_loss:5.7053 train_time:1473ms step_avg:92.05ms
step:17/20000 train_loss:5.5910 train_time:1564ms step_avg:92.00ms
step:18/20000 train_loss:5.4618 train_time:1658ms step_avg:92.09ms
step:19/20000 train_loss:5.3296 train_time:1751ms step_avg:92.15ms
step:20/20000 train_loss:5.2404 train_time:1845ms step_avg:92.25ms
step:21/20000 train_loss:5.1118 train_time:1939ms step_avg:92.36ms
step:22/20000 train_loss:5.1565 train_time:2033ms step_avg:92.41ms
step:23/20000 train_loss:5.0070 train_time:2127ms step_avg:92.48ms
step:24/20000 train_loss:4.8588 train_time:2221ms step_avg:92.55ms
step:25/20000 train_loss:4.8438 train_time:2315ms step_avg:92.59ms
step:26/20000 train_loss:4.7857 train_time:2410ms step_avg:92.68ms
step:27/20000 train_loss:4.7093 train_time:2504ms step_avg:92.74ms
step:28/20000 train_loss:4.7119 train_time:2597ms step_avg:92.74ms
step:29/20000 train_loss:4.6276 train_time:2690ms step_avg:92.77ms
step:30/20000 train_loss:4.5813 train_time:2784ms step_avg:92.79ms
step:31/20000 train_loss:4.5530 train_time:2880ms step_avg:92.89ms
step:32/20000 train_loss:4.4727 train_time:2971ms step_avg:92.84ms
step:33/20000 train_loss:4.4593 train_time:3066ms step_avg:92.90ms
step:34/20000 train_loss:4.4837 train_time:3159ms step_avg:92.91ms
step:35/20000 train_loss:4.3630 train_time:3253ms step_avg:92.94ms
step:36/20000 train_loss:4.3821 train_time:3347ms step_avg:92.96ms
step:37/20000 train_loss:4.2604 train_time:3445ms step_avg:93.10ms
step:38/20000 train_loss:4.3178 train_time:3538ms step_avg:93.09ms
step:39/20000 train_loss:4.3310 train_time:3630ms step_avg:93.08ms
step:40/20000 train_loss:4.2547 train_time:3725ms step_avg:93.14ms
step:41/20000 train_loss:4.2434 train_time:3820ms step_avg:93.17ms
step:42/20000 train_loss:4.2020 train_time:3919ms step_avg:93.31ms
step:43/20000 train_loss:4.2677 train_time:4011ms step_avg:93.29ms
step:44/20000 train_loss:4.2191 train_time:4107ms step_avg:93.34ms
step:45/20000 train_loss:4.1731 train_time:4203ms step_avg:93.39ms
step:46/20000 train_loss:4.1018 train_time:4298ms step_avg:93.44ms
step:47/20000 train_loss:4.0596 train_time:4392ms step_avg:93.45ms
step:48/20000 train_loss:4.0741 train_time:4486ms step_avg:93.45ms
step:49/20000 train_loss:4.0274 train_time:4582ms step_avg:93.51ms
step:50/20000 train_loss:4.0524 train_time:4674ms step_avg:93.48ms
step:51/20000 train_loss:3.9294 train_time:4766ms step_avg:93.44ms
step:52/20000 train_loss:3.9655 train_time:4861ms step_avg:93.48ms
step:53/20000 train_loss:3.8660 train_time:4957ms step_avg:93.53ms
step:54/20000 train_loss:3.9151 train_time:5052ms step_avg:93.55ms
step:55/20000 train_loss:3.9318 train_time:5145ms step_avg:93.55ms
step:56/20000 train_loss:3.8416 train_time:5241ms step_avg:93.59ms
step:57/20000 train_loss:3.7930 train_time:5336ms step_avg:93.61ms
step:58/20000 train_loss:3.8395 train_time:5429ms step_avg:93.60ms
step:59/20000 train_loss:3.8871 train_time:5520ms step_avg:93.55ms
step:60/20000 train_loss:3.7593 train_time:5619ms step_avg:93.65ms
step:61/20000 train_loss:3.7364 train_time:5715ms step_avg:93.68ms
step:62/20000 train_loss:3.7111 train_time:5809ms step_avg:93.69ms
step:63/20000 train_loss:3.7012 train_time:5901ms step_avg:93.66ms
step:64/20000 train_loss:3.7594 train_time:5994ms step_avg:93.66ms
step:65/20000 train_loss:3.6661 train_time:6087ms step_avg:93.65ms
step:66/20000 train_loss:3.6951 train_time:6182ms step_avg:93.67ms
step:67/20000 train_loss:3.6883 train_time:6279ms step_avg:93.71ms
step:68/20000 train_loss:3.7242 train_time:6374ms step_avg:93.74ms
step:69/20000 train_loss:3.6744 train_time:6472ms step_avg:93.79ms
step:70/20000 train_loss:3.6866 train_time:6564ms step_avg:93.77ms
step:71/20000 train_loss:3.5781 train_time:6659ms step_avg:93.79ms
step:72/20000 train_loss:3.7491 train_time:6753ms step_avg:93.80ms
step:73/20000 train_loss:3.6461 train_time:6851ms step_avg:93.84ms
step:74/20000 train_loss:3.5933 train_time:6948ms step_avg:93.89ms
step:75/20000 train_loss:3.5704 train_time:7045ms step_avg:93.93ms
step:76/20000 train_loss:3.5623 train_time:7139ms step_avg:93.94ms
step:77/20000 train_loss:3.5295 train_time:7237ms step_avg:93.98ms
step:78/20000 train_loss:3.5535 train_time:7331ms step_avg:93.99ms
step:79/20000 train_loss:3.5615 train_time:7430ms step_avg:94.05ms
step:80/20000 train_loss:3.5885 train_time:7526ms step_avg:94.07ms
step:81/20000 train_loss:3.5603 train_time:7622ms step_avg:94.10ms
step:82/20000 train_loss:3.5212 train_time:7720ms step_avg:94.15ms
step:83/20000 train_loss:3.4637 train_time:7813ms step_avg:94.13ms
step:84/20000 train_loss:3.5134 train_time:7909ms step_avg:94.16ms
step:85/20000 train_loss:3.4432 train_time:8012ms step_avg:94.25ms
step:86/20000 train_loss:3.4492 train_time:8111ms step_avg:94.31ms
step:87/20000 train_loss:3.4932 train_time:8211ms step_avg:94.38ms
step:88/20000 train_loss:3.3577 train_time:8309ms step_avg:94.42ms
step:89/20000 train_loss:3.3600 train_time:8407ms step_avg:94.46ms
step:90/20000 train_loss:3.4180 train_time:8502ms step_avg:94.46ms
step:91/20000 train_loss:3.3909 train_time:8598ms step_avg:94.49ms
step:92/20000 train_loss:3.3500 train_time:8692ms step_avg:94.48ms
step:93/20000 train_loss:3.5000 train_time:8789ms step_avg:94.51ms
step:94/20000 train_loss:3.4113 train_time:8884ms step_avg:94.51ms
step:95/20000 train_loss:3.3401 train_time:8978ms step_avg:94.51ms
step:96/20000 train_loss:3.4755 train_time:9126ms step_avg:95.07ms
step:97/20000 train_loss:3.3623 train_time:9233ms step_avg:95.19ms
step:98/20000 train_loss:3.3688 train_time:9334ms step_avg:95.24ms
step:99/20000 train_loss:3.4232 train_time:9433ms step_avg:95.28ms
step:100/20000 train_loss:3.3482 train_time:9536ms step_avg:95.36ms
step:101/20000 train_loss:3.3297 train_time:9637ms step_avg:95.41ms
step:102/20000 train_loss:3.3424 train_time:9737ms step_avg:95.46ms
step:103/20000 train_loss:3.3248 train_time:9832ms step_avg:95.46ms
step:104/20000 train_loss:3.3296 train_time:9931ms step_avg:95.49ms
step:105/20000 train_loss:3.2878 train_time:10028ms step_avg:95.51ms
step:106/20000 train_loss:3.3638 train_time:10126ms step_avg:95.52ms
step:107/20000 train_loss:3.3222 train_time:10222ms step_avg:95.53ms
step:108/20000 train_loss:3.2631 train_time:10317ms step_avg:95.52ms
step:109/20000 train_loss:3.2325 train_time:10413ms step_avg:95.53ms
step:110/20000 train_loss:3.2268 train_time:10506ms step_avg:95.51ms
step:111/20000 train_loss:3.2783 train_time:10601ms step_avg:95.51ms
step:112/20000 train_loss:3.2265 train_time:10696ms step_avg:95.50ms
step:113/20000 train_loss:3.2369 train_time:10789ms step_avg:95.48ms
step:114/20000 train_loss:3.2032 train_time:10886ms step_avg:95.49ms
step:115/20000 train_loss:3.1931 train_time:10980ms step_avg:95.48ms
step:116/20000 train_loss:3.1695 train_time:11076ms step_avg:95.48ms
step:117/20000 train_loss:3.1190 train_time:11172ms step_avg:95.48ms
step:118/20000 train_loss:3.2287 train_time:11264ms step_avg:95.46ms
step:119/20000 train_loss:3.1867 train_time:11358ms step_avg:95.45ms
step:120/20000 train_loss:3.1615 train_time:11455ms step_avg:95.46ms
step:121/20000 train_loss:3.1851 train_time:11549ms step_avg:95.44ms
step:122/20000 train_loss:3.2186 train_time:11644ms step_avg:95.44ms
step:123/20000 train_loss:3.1296 train_time:11740ms step_avg:95.45ms
step:124/20000 train_loss:3.1920 train_time:11833ms step_avg:95.43ms
step:125/20000 train_loss:3.0907 train_time:11930ms step_avg:95.44ms
step:126/20000 train_loss:3.1527 train_time:12024ms step_avg:95.43ms
step:127/20000 train_loss:3.1888 train_time:12110ms step_avg:95.36ms
step:128/20000 train_loss:3.0393 train_time:12204ms step_avg:95.34ms
step:129/20000 train_loss:3.1048 train_time:12298ms step_avg:95.33ms
step:130/20000 train_loss:3.1897 train_time:12390ms step_avg:95.31ms
step:131/20000 train_loss:3.1287 train_time:12484ms step_avg:95.30ms
step:132/20000 train_loss:3.0788 train_time:12578ms step_avg:95.28ms
step:133/20000 train_loss:3.1153 train_time:12671ms step_avg:95.27ms
step:134/20000 train_loss:3.0696 train_time:12765ms step_avg:95.26ms
step:135/20000 train_loss:3.0380 train_time:12859ms step_avg:95.25ms
step:136/20000 train_loss:3.0208 train_time:12953ms step_avg:95.24ms
step:137/20000 train_loss:2.9707 train_time:13048ms step_avg:95.24ms
step:138/20000 train_loss:2.9923 train_time:13141ms step_avg:95.23ms
step:139/20000 train_loss:3.0381 train_time:13234ms step_avg:95.21ms
step:140/20000 train_loss:3.0187 train_time:13328ms step_avg:95.20ms
step:141/20000 train_loss:2.9943 train_time:13422ms step_avg:95.19ms
step:142/20000 train_loss:3.0902 train_time:13515ms step_avg:95.18ms
step:143/20000 train_loss:3.0473 train_time:13609ms step_avg:95.17ms
step:144/20000 train_loss:2.9491 train_time:13704ms step_avg:95.17ms
step:145/20000 train_loss:3.0039 train_time:13797ms step_avg:95.15ms
step:146/20000 train_loss:3.1733 train_time:13892ms step_avg:95.15ms
step:147/20000 train_loss:3.0393 train_time:13987ms step_avg:95.15ms
step:148/20000 train_loss:2.9858 train_time:14084ms step_avg:95.16ms
step:149/20000 train_loss:3.0468 train_time:14178ms step_avg:95.15ms
step:150/20000 train_loss:3.0616 train_time:14276ms step_avg:95.18ms
step:151/20000 train_loss:2.9807 train_time:14372ms step_avg:95.18ms
step:152/20000 train_loss:3.0592 train_time:14471ms step_avg:95.20ms
step:153/20000 train_loss:3.0421 train_time:14565ms step_avg:95.19ms
step:154/20000 train_loss:3.0288 train_time:14662ms step_avg:95.20ms
step:155/20000 train_loss:2.9656 train_time:14756ms step_avg:95.20ms
step:156/20000 train_loss:2.9335 train_time:14853ms step_avg:95.21ms
step:157/20000 train_loss:2.9397 train_time:14951ms step_avg:95.23ms
step:158/20000 train_loss:3.0079 train_time:15049ms step_avg:95.25ms
step:159/20000 train_loss:2.8558 train_time:15147ms step_avg:95.27ms
step:160/20000 train_loss:2.9554 train_time:15247ms step_avg:95.29ms
step:161/20000 train_loss:2.8878 train_time:15346ms step_avg:95.32ms
step:162/20000 train_loss:2.8817 train_time:15443ms step_avg:95.33ms
step:163/20000 train_loss:2.9229 train_time:15542ms step_avg:95.35ms
step:164/20000 train_loss:2.9143 train_time:15646ms step_avg:95.40ms
step:165/20000 train_loss:3.0019 train_time:15746ms step_avg:95.43ms
step:166/20000 train_loss:2.9584 train_time:15847ms step_avg:95.46ms
step:167/20000 train_loss:2.9340 train_time:15946ms step_avg:95.48ms
step:168/20000 train_loss:2.9064 train_time:16042ms step_avg:95.49ms
step:169/20000 train_loss:2.8591 train_time:16122ms step_avg:95.40ms
step:170/20000 train_loss:3.0588 train_time:16218ms step_avg:95.40ms
step:171/20000 train_loss:2.9311 train_time:16316ms step_avg:95.41ms
step:172/20000 train_loss:2.9326 train_time:16409ms step_avg:95.40ms
step:173/20000 train_loss:2.9391 train_time:16498ms step_avg:95.36ms
step:174/20000 train_loss:2.8904 train_time:16592ms step_avg:95.36ms
step:175/20000 train_loss:2.8593 train_time:16685ms step_avg:95.34ms
step:176/20000 train_loss:2.8421 train_time:16779ms step_avg:95.33ms
step:177/20000 train_loss:2.9342 train_time:16874ms step_avg:95.33ms
step:178/20000 train_loss:2.9134 train_time:16972ms step_avg:95.35ms
step:179/20000 train_loss:2.9305 train_time:17077ms step_avg:95.40ms
step:180/20000 train_loss:2.8933 train_time:17175ms step_avg:95.41ms
step:181/20000 train_loss:2.7982 train_time:17273ms step_avg:95.43ms
step:182/20000 train_loss:2.8445 train_time:17371ms step_avg:95.44ms
step:183/20000 train_loss:2.9233 train_time:17465ms step_avg:95.44ms
step:184/20000 train_loss:2.8913 train_time:17555ms step_avg:95.41ms
step:185/20000 train_loss:2.9171 train_time:17651ms step_avg:95.41ms
step:186/20000 train_loss:2.8119 train_time:17749ms step_avg:95.42ms
step:187/20000 train_loss:2.8579 train_time:17837ms step_avg:95.39ms
step:188/20000 train_loss:2.8396 train_time:17933ms step_avg:95.39ms
step:189/20000 train_loss:2.7238 train_time:18027ms step_avg:95.38ms
step:190/20000 train_loss:2.9628 train_time:18125ms step_avg:95.40ms
step:191/20000 train_loss:2.8638 train_time:18696ms step_avg:97.88ms
step:192/20000 train_loss:2.9347 train_time:18809ms step_avg:97.96ms
step:193/20000 train_loss:2.8379 train_time:18902ms step_avg:97.94ms
step:194/20000 train_loss:2.8408 train_time:18995ms step_avg:97.91ms
step:195/20000 train_loss:2.8268 train_time:19088ms step_avg:97.89ms
step:196/20000 train_loss:2.8661 train_time:19180ms step_avg:97.86ms
step:197/20000 train_loss:2.8812 train_time:19273ms step_avg:97.83ms
step:198/20000 train_loss:2.8781 train_time:19366ms step_avg:97.81ms
step:199/20000 train_loss:2.8002 train_time:19459ms step_avg:97.79ms
step:200/20000 train_loss:2.7885 train_time:19553ms step_avg:97.76ms
step:201/20000 train_loss:2.8053 train_time:19647ms step_avg:97.75ms
step:202/20000 train_loss:2.7430 train_time:19741ms step_avg:97.73ms
step:203/20000 train_loss:2.7907 train_time:19834ms step_avg:97.70ms
step:204/20000 train_loss:2.8666 train_time:19927ms step_avg:97.68ms
step:205/20000 train_loss:2.7925 train_time:20021ms step_avg:97.67ms
step:206/20000 train_loss:2.7302 train_time:20116ms step_avg:97.65ms
step:207/20000 train_loss:2.7941 train_time:20209ms step_avg:97.63ms
step:208/20000 train_loss:2.7235 train_time:20304ms step_avg:97.62ms
step:209/20000 train_loss:2.8547 train_time:20401ms step_avg:97.61ms
step:210/20000 train_loss:2.8137 train_time:20497ms step_avg:97.61ms
step:211/20000 train_loss:2.7925 train_time:20593ms step_avg:97.60ms
step:212/20000 train_loss:2.8442 train_time:20688ms step_avg:97.58ms
step:213/20000 train_loss:2.9098 train_time:20780ms step_avg:97.56ms
step:214/20000 train_loss:2.7478 train_time:20874ms step_avg:97.54ms
step:215/20000 train_loss:2.7199 train_time:20968ms step_avg:97.53ms
step:216/20000 train_loss:2.8313 train_time:21060ms step_avg:97.50ms
step:217/20000 train_loss:2.6985 train_time:21158ms step_avg:97.50ms
step:218/20000 train_loss:2.7360 train_time:21251ms step_avg:97.48ms
step:219/20000 train_loss:2.7853 train_time:21346ms step_avg:97.47ms
step:220/20000 train_loss:3.0026 train_time:21442ms step_avg:97.46ms
step:221/20000 train_loss:2.8186 train_time:21535ms step_avg:97.45ms
step:222/20000 train_loss:2.8237 train_time:21631ms step_avg:97.44ms
step:223/20000 train_loss:2.7889 train_time:21726ms step_avg:97.43ms
step:224/20000 train_loss:2.8133 train_time:21821ms step_avg:97.42ms
step:225/20000 train_loss:2.7961 train_time:21914ms step_avg:97.39ms
step:226/20000 train_loss:2.8368 train_time:22009ms step_avg:97.39ms
step:227/20000 train_loss:2.7889 train_time:22103ms step_avg:97.37ms
step:228/20000 train_loss:2.7811 train_time:22198ms step_avg:97.36ms
step:229/20000 train_loss:2.7609 train_time:22292ms step_avg:97.35ms
step:230/20000 train_loss:2.7843 train_time:22386ms step_avg:97.33ms
step:231/20000 train_loss:2.8060 train_time:22480ms step_avg:97.32ms
step:232/20000 train_loss:2.7697 train_time:22576ms step_avg:97.31ms
step:233/20000 train_loss:2.8338 train_time:22671ms step_avg:97.30ms
step:234/20000 train_loss:2.6506 train_time:22764ms step_avg:97.28ms
step:235/20000 train_loss:2.8102 train_time:22861ms step_avg:97.28ms
step:236/20000 train_loss:2.7392 train_time:22952ms step_avg:97.26ms
step:237/20000 train_loss:2.7027 train_time:23046ms step_avg:97.24ms
step:238/20000 train_loss:2.7361 train_time:23142ms step_avg:97.24ms
step:239/20000 train_loss:2.7622 train_time:23237ms step_avg:97.23ms
step:240/20000 train_loss:2.7661 train_time:23331ms step_avg:97.21ms
step:241/20000 train_loss:2.6688 train_time:23426ms step_avg:97.20ms
step:242/20000 train_loss:2.7418 train_time:23518ms step_avg:97.18ms
step:243/20000 train_loss:2.7659 train_time:23612ms step_avg:97.17ms
step:244/20000 train_loss:2.7220 train_time:23709ms step_avg:97.17ms
step:245/20000 train_loss:2.6997 train_time:23804ms step_avg:97.16ms
step:246/20000 train_loss:2.7382 train_time:23899ms step_avg:97.15ms
step:247/20000 train_loss:2.7364 train_time:23993ms step_avg:97.14ms
step:248/20000 train_loss:2.7446 train_time:24085ms step_avg:97.12ms
step:249/20000 train_loss:2.6591 train_time:24179ms step_avg:97.11ms
step:250/20000 train_loss:2.7688 train_time:24276ms step_avg:97.10ms
step:251/20000 train_loss:2.6790 train_time:24373ms step_avg:97.10ms
step:252/20000 train_loss:2.7638 train_time:24466ms step_avg:97.09ms
step:253/20000 train_loss:2.7237 train_time:24560ms step_avg:97.07ms
step:254/20000 train_loss:2.6781 train_time:24656ms step_avg:97.07ms
step:255/20000 train_loss:2.7187 train_time:24748ms step_avg:97.05ms
step:256/20000 train_loss:2.6036 train_time:24845ms step_avg:97.05ms
step:257/20000 train_loss:2.6987 train_time:24939ms step_avg:97.04ms
step:258/20000 train_loss:2.8196 train_time:25034ms step_avg:97.03ms
step:259/20000 train_loss:2.6790 train_time:25131ms step_avg:97.03ms
step:260/20000 train_loss:2.6722 train_time:25226ms step_avg:97.02ms
step:261/20000 train_loss:2.7508 train_time:25321ms step_avg:97.01ms
step:262/20000 train_loss:2.7635 train_time:25416ms step_avg:97.01ms
step:263/20000 train_loss:2.7086 train_time:25516ms step_avg:97.02ms
step:264/20000 train_loss:2.7337 train_time:25615ms step_avg:97.03ms
step:265/20000 train_loss:2.6745 train_time:25716ms step_avg:97.04ms
step:266/20000 train_loss:2.6973 train_time:25815ms step_avg:97.05ms
step:267/20000 train_loss:2.7095 train_time:25912ms step_avg:97.05ms
step:268/20000 train_loss:2.7385 train_time:26010ms step_avg:97.05ms
step:269/20000 train_loss:2.6803 train_time:26110ms step_avg:97.06ms
step:270/20000 train_loss:2.6953 train_time:26212ms step_avg:97.08ms
step:271/20000 train_loss:2.6257 train_time:26314ms step_avg:97.10ms
step:272/20000 train_loss:2.6819 train_time:26413ms step_avg:97.11ms
step:273/20000 train_loss:2.6041 train_time:26510ms step_avg:97.10ms
step:274/20000 train_loss:2.6791 train_time:26609ms step_avg:97.11ms
step:275/20000 train_loss:2.7041 train_time:26709ms step_avg:97.12ms
step:276/20000 train_loss:2.7173 train_time:26810ms step_avg:97.14ms
step:277/20000 train_loss:2.6787 train_time:26910ms step_avg:97.15ms
step:278/20000 train_loss:2.7190 train_time:27011ms step_avg:97.16ms
step:279/20000 train_loss:2.6730 train_time:27109ms step_avg:97.16ms
step:280/20000 train_loss:2.6931 train_time:27206ms step_avg:97.16ms
step:281/20000 train_loss:2.6634 train_time:27304ms step_avg:97.17ms
step:282/20000 train_loss:2.5972 train_time:27405ms step_avg:97.18ms
step:283/20000 train_loss:2.6798 train_time:27502ms step_avg:97.18ms
step:284/20000 train_loss:2.6599 train_time:27601ms step_avg:97.19ms
step:285/20000 train_loss:2.6888 train_time:27698ms step_avg:97.19ms
step:286/20000 train_loss:2.7132 train_time:27799ms step_avg:97.20ms
step:287/20000 train_loss:2.7403 train_time:27901ms step_avg:97.22ms
step:288/20000 train_loss:2.6517 train_time:28001ms step_avg:97.22ms
step:289/20000 train_loss:2.6679 train_time:28095ms step_avg:97.21ms
step:290/20000 train_loss:2.6453 train_time:28193ms step_avg:97.22ms
step:291/20000 train_loss:2.7174 train_time:28289ms step_avg:97.21ms
step:292/20000 train_loss:2.6737 train_time:28388ms step_avg:97.22ms
step:293/20000 train_loss:2.6977 train_time:28490ms step_avg:97.23ms
step:294/20000 train_loss:2.6018 train_time:28590ms step_avg:97.24ms
step:295/20000 train_loss:2.7084 train_time:28691ms step_avg:97.26ms
step:296/20000 train_loss:2.7055 train_time:28788ms step_avg:97.26ms
step:297/20000 train_loss:2.5831 train_time:28887ms step_avg:97.26ms
step:298/20000 train_loss:2.7174 train_time:28989ms step_avg:97.28ms
step:299/20000 train_loss:2.4159 train_time:29088ms step_avg:97.28ms
step:300/20000 train_loss:2.5794 train_time:29188ms step_avg:97.29ms
step:301/20000 train_loss:2.7400 train_time:29284ms step_avg:97.29ms
step:302/20000 train_loss:2.6501 train_time:29379ms step_avg:97.28ms
step:303/20000 train_loss:2.6801 train_time:29483ms step_avg:97.31ms
step:304/20000 train_loss:2.6391 train_time:29586ms step_avg:97.32ms
step:305/20000 train_loss:2.6382 train_time:29687ms step_avg:97.33ms
step:306/20000 train_loss:2.6762 train_time:29787ms step_avg:97.34ms
step:307/20000 train_loss:2.5978 train_time:29884ms step_avg:97.34ms
step:308/20000 train_loss:2.6666 train_time:29982ms step_avg:97.34ms
step:309/20000 train_loss:2.5863 train_time:30081ms step_avg:97.35ms
step:310/20000 train_loss:2.6912 train_time:30180ms step_avg:97.36ms
step:311/20000 train_loss:2.6417 train_time:30281ms step_avg:97.37ms
step:312/20000 train_loss:2.6711 train_time:30385ms step_avg:97.39ms
step:313/20000 train_loss:2.7353 train_time:30487ms step_avg:97.40ms
step:314/20000 train_loss:2.6369 train_time:30589ms step_avg:97.42ms
step:315/20000 train_loss:2.5968 train_time:30691ms step_avg:97.43ms
step:316/20000 train_loss:2.5908 train_time:30791ms step_avg:97.44ms
step:317/20000 train_loss:2.5523 train_time:30891ms step_avg:97.45ms
step:318/20000 train_loss:2.6082 train_time:30989ms step_avg:97.45ms
step:319/20000 train_loss:2.6184 train_time:31087ms step_avg:97.45ms
step:320/20000 train_loss:2.6125 train_time:31186ms step_avg:97.45ms
step:321/20000 train_loss:2.6329 train_time:31287ms step_avg:97.47ms
step:322/20000 train_loss:2.6697 train_time:31389ms step_avg:97.48ms
step:323/20000 train_loss:2.5884 train_time:31492ms step_avg:97.50ms
step:324/20000 train_loss:2.9474 train_time:31592ms step_avg:97.51ms
step:325/20000 train_loss:2.6269 train_time:31697ms step_avg:97.53ms
step:326/20000 train_loss:2.5824 train_time:31795ms step_avg:97.53ms
step:327/20000 train_loss:2.5664 train_time:31890ms step_avg:97.52ms
step:328/20000 train_loss:2.6423 train_time:31989ms step_avg:97.53ms
step:329/20000 train_loss:2.6172 train_time:32086ms step_avg:97.53ms
step:330/20000 train_loss:2.5912 train_time:32185ms step_avg:97.53ms
step:331/20000 train_loss:2.5583 train_time:32283ms step_avg:97.53ms
step:332/20000 train_loss:2.6177 train_time:32377ms step_avg:97.52ms
step:333/20000 train_loss:2.5692 train_time:32471ms step_avg:97.51ms
step:334/20000 train_loss:2.6548 train_time:32566ms step_avg:97.50ms
step:335/20000 train_loss:2.5628 train_time:32663ms step_avg:97.50ms
step:336/20000 train_loss:2.5940 train_time:32760ms step_avg:97.50ms
step:337/20000 train_loss:2.6840 train_time:32858ms step_avg:97.50ms
step:338/20000 train_loss:2.6702 train_time:32954ms step_avg:97.50ms
step:339/20000 train_loss:2.5725 train_time:33045ms step_avg:97.48ms
step:340/20000 train_loss:2.5821 train_time:33144ms step_avg:97.48ms
step:341/20000 train_loss:2.6423 train_time:33251ms step_avg:97.51ms
step:342/20000 train_loss:2.5760 train_time:33349ms step_avg:97.51ms
step:343/20000 train_loss:2.6693 train_time:33450ms step_avg:97.52ms
step:344/20000 train_loss:2.6104 train_time:33558ms step_avg:97.55ms
step:345/20000 train_loss:2.5952 train_time:33661ms step_avg:97.57ms
step:346/20000 train_loss:2.5013 train_time:33762ms step_avg:97.58ms
step:347/20000 train_loss:2.5505 train_time:33863ms step_avg:97.59ms
step:348/20000 train_loss:2.5531 train_time:33963ms step_avg:97.60ms
step:349/20000 train_loss:2.6066 train_time:34065ms step_avg:97.61ms
step:350/20000 train_loss:2.6339 train_time:34172ms step_avg:97.63ms
step:351/20000 train_loss:2.5704 train_time:34269ms step_avg:97.63ms
step:352/20000 train_loss:2.6559 train_time:34364ms step_avg:97.62ms
step:353/20000 train_loss:2.5293 train_time:34463ms step_avg:97.63ms
step:354/20000 train_loss:2.6332 train_time:34557ms step_avg:97.62ms
step:355/20000 train_loss:2.6242 train_time:34653ms step_avg:97.61ms
step:356/20000 train_loss:2.6109 train_time:34753ms step_avg:97.62ms
step:357/20000 train_loss:2.6464 train_time:34850ms step_avg:97.62ms
step:358/20000 train_loss:2.6786 train_time:34948ms step_avg:97.62ms
step:359/20000 train_loss:2.5944 train_time:35043ms step_avg:97.61ms
step:360/20000 train_loss:2.6218 train_time:35141ms step_avg:97.61ms
step:361/20000 train_loss:2.6281 train_time:35239ms step_avg:97.62ms
step:362/20000 train_loss:2.6156 train_time:35337ms step_avg:97.62ms
step:363/20000 train_loss:2.5722 train_time:35434ms step_avg:97.61ms
step:364/20000 train_loss:2.5712 train_time:35529ms step_avg:97.61ms
step:365/20000 train_loss:2.4890 train_time:35629ms step_avg:97.61ms
step:366/20000 train_loss:2.5419 train_time:35727ms step_avg:97.62ms
step:367/20000 train_loss:2.6683 train_time:35833ms step_avg:97.64ms
step:368/20000 train_loss:2.6607 train_time:35938ms step_avg:97.66ms
step:369/20000 train_loss:2.5341 train_time:36042ms step_avg:97.68ms
step:370/20000 train_loss:2.4844 train_time:36150ms step_avg:97.70ms
step:371/20000 train_loss:2.5171 train_time:36258ms step_avg:97.73ms
step:372/20000 train_loss:2.4768 train_time:36346ms step_avg:97.70ms
step:373/20000 train_loss:2.5054 train_time:36439ms step_avg:97.69ms
step:374/20000 train_loss:2.5351 train_time:36534ms step_avg:97.69ms
step:375/20000 train_loss:2.6067 train_time:36640ms step_avg:97.71ms
step:376/20000 train_loss:2.6003 train_time:36736ms step_avg:97.70ms
step:377/20000 train_loss:2.5797 train_time:36831ms step_avg:97.69ms
step:378/20000 train_loss:2.5887 train_time:36925ms step_avg:97.68ms
step:379/20000 train_loss:2.5693 train_time:37019ms step_avg:97.68ms
step:380/20000 train_loss:2.4958 train_time:37116ms step_avg:97.67ms
step:381/20000 train_loss:2.6390 train_time:37211ms step_avg:97.67ms
step:382/20000 train_loss:2.6023 train_time:37917ms step_avg:99.26ms
step:383/20000 train_loss:2.6205 train_time:38126ms step_avg:99.54ms
step:384/20000 train_loss:2.7737 train_time:38219ms step_avg:99.53ms
step:385/20000 train_loss:2.6419 train_time:38311ms step_avg:99.51ms
step:386/20000 train_loss:2.6040 train_time:38404ms step_avg:99.49ms
step:387/20000 train_loss:2.6489 train_time:38496ms step_avg:99.47ms
step:388/20000 train_loss:2.6007 train_time:38589ms step_avg:99.46ms
step:389/20000 train_loss:2.4862 train_time:38686ms step_avg:99.45ms
step:390/20000 train_loss:2.6578 train_time:38779ms step_avg:99.43ms
step:391/20000 train_loss:2.5420 train_time:38873ms step_avg:99.42ms
step:392/20000 train_loss:2.4804 train_time:38967ms step_avg:99.40ms
step:393/20000 train_loss:2.5393 train_time:39060ms step_avg:99.39ms
step:394/20000 train_loss:2.5980 train_time:39154ms step_avg:99.38ms
step:395/20000 train_loss:2.5242 train_time:39247ms step_avg:99.36ms
step:396/20000 train_loss:2.5690 train_time:39340ms step_avg:99.34ms
step:397/20000 train_loss:2.4836 train_time:39433ms step_avg:99.33ms
step:398/20000 train_loss:2.5078 train_time:39527ms step_avg:99.31ms
step:399/20000 train_loss:2.4902 train_time:39620ms step_avg:99.30ms
step:400/20000 train_loss:2.3533 train_time:39714ms step_avg:99.29ms
step:401/20000 train_loss:2.3999 train_time:39811ms step_avg:99.28ms
step:402/20000 train_loss:2.5537 train_time:39907ms step_avg:99.27ms
step:403/20000 train_loss:2.5590 train_time:40000ms step_avg:99.26ms
step:404/20000 train_loss:2.5284 train_time:40098ms step_avg:99.25ms
step:405/20000 train_loss:2.5572 train_time:40206ms step_avg:99.27ms
step:406/20000 train_loss:2.5640 train_time:40302ms step_avg:99.27ms
step:407/20000 train_loss:2.5820 train_time:40396ms step_avg:99.25ms
step:408/20000 train_loss:2.6090 train_time:40491ms step_avg:99.24ms
step:409/20000 train_loss:2.5540 train_time:40585ms step_avg:99.23ms
step:410/20000 train_loss:2.5787 train_time:40681ms step_avg:99.22ms
step:411/20000 train_loss:2.5795 train_time:40779ms step_avg:99.22ms
step:412/20000 train_loss:2.5407 train_time:40873ms step_avg:99.21ms
step:413/20000 train_loss:2.5828 train_time:40969ms step_avg:99.20ms
step:414/20000 train_loss:2.6002 train_time:41062ms step_avg:99.18ms
step:415/20000 train_loss:2.5927 train_time:41165ms step_avg:99.19ms
step:416/20000 train_loss:2.5529 train_time:41250ms step_avg:99.16ms
step:417/20000 train_loss:2.5466 train_time:41348ms step_avg:99.16ms
step:418/20000 train_loss:2.5115 train_time:41437ms step_avg:99.13ms
step:419/20000 train_loss:2.5508 train_time:41531ms step_avg:99.12ms
step:420/20000 train_loss:2.4811 train_time:41625ms step_avg:99.11ms
step:421/20000 train_loss:2.5475 train_time:41723ms step_avg:99.10ms
step:422/20000 train_loss:2.5043 train_time:41832ms step_avg:99.13ms
step:423/20000 train_loss:2.5941 train_time:41935ms step_avg:99.14ms
step:424/20000 train_loss:2.4751 train_time:42032ms step_avg:99.13ms
step:425/20000 train_loss:2.5503 train_time:42124ms step_avg:99.12ms
step:426/20000 train_loss:2.4698 train_time:42218ms step_avg:99.10ms
step:427/20000 train_loss:2.4948 train_time:42312ms step_avg:99.09ms
step:428/20000 train_loss:2.3741 train_time:42404ms step_avg:99.07ms
step:429/20000 train_loss:2.3777 train_time:42497ms step_avg:99.06ms
step:430/20000 train_loss:2.4451 train_time:42592ms step_avg:99.05ms
step:431/20000 train_loss:2.5265 train_time:42691ms step_avg:99.05ms
step:432/20000 train_loss:2.6838 train_time:42786ms step_avg:99.04ms
step:433/20000 train_loss:2.6014 train_time:42878ms step_avg:99.03ms
step:434/20000 train_loss:2.5242 train_time:42975ms step_avg:99.02ms
step:435/20000 train_loss:2.5462 train_time:43069ms step_avg:99.01ms
step:436/20000 train_loss:2.5585 train_time:43161ms step_avg:98.99ms
step:437/20000 train_loss:2.3880 train_time:43260ms step_avg:98.99ms
step:438/20000 train_loss:2.5155 train_time:43353ms step_avg:98.98ms
step:439/20000 train_loss:2.5509 train_time:43449ms step_avg:98.97ms
step:440/20000 train_loss:2.6413 train_time:43546ms step_avg:98.97ms
step:441/20000 train_loss:2.6545 train_time:43645ms step_avg:98.97ms
step:442/20000 train_loss:2.6082 train_time:43743ms step_avg:98.97ms
step:443/20000 train_loss:2.5489 train_time:43839ms step_avg:98.96ms
step:444/20000 train_loss:2.4865 train_time:43936ms step_avg:98.96ms
step:445/20000 train_loss:2.5541 train_time:44028ms step_avg:98.94ms
step:446/20000 train_loss:2.4221 train_time:44120ms step_avg:98.92ms
step:447/20000 train_loss:2.5773 train_time:44214ms step_avg:98.91ms
step:448/20000 train_loss:2.4143 train_time:44306ms step_avg:98.90ms
step:449/20000 train_loss:2.4804 train_time:44404ms step_avg:98.89ms
step:450/20000 train_loss:2.5139 train_time:44499ms step_avg:98.89ms
step:451/20000 train_loss:2.4662 train_time:44599ms step_avg:98.89ms
step:452/20000 train_loss:2.4591 train_time:44696ms step_avg:98.88ms
step:453/20000 train_loss:2.5364 train_time:44792ms step_avg:98.88ms
step:454/20000 train_loss:2.4296 train_time:44885ms step_avg:98.86ms
step:455/20000 train_loss:2.4746 train_time:44985ms step_avg:98.87ms
step:456/20000 train_loss:2.4013 train_time:45082ms step_avg:98.86ms
step:457/20000 train_loss:2.3272 train_time:45172ms step_avg:98.85ms
step:458/20000 train_loss:2.5320 train_time:45268ms step_avg:98.84ms
step:459/20000 train_loss:2.6013 train_time:45361ms step_avg:98.83ms
step:460/20000 train_loss:2.5608 train_time:45459ms step_avg:98.82ms
step:461/20000 train_loss:2.5198 train_time:45554ms step_avg:98.81ms
step:462/20000 train_loss:2.4976 train_time:45651ms step_avg:98.81ms
step:463/20000 train_loss:2.3176 train_time:45746ms step_avg:98.80ms
step:464/20000 train_loss:2.5899 train_time:45839ms step_avg:98.79ms
step:465/20000 train_loss:2.5711 train_time:45932ms step_avg:98.78ms
step:466/20000 train_loss:2.5806 train_time:46025ms step_avg:98.77ms
step:467/20000 train_loss:2.5617 train_time:46119ms step_avg:98.76ms
step:468/20000 train_loss:2.5711 train_time:46210ms step_avg:98.74ms
step:469/20000 train_loss:2.5210 train_time:46304ms step_avg:98.73ms
step:470/20000 train_loss:2.4835 train_time:46399ms step_avg:98.72ms
step:471/20000 train_loss:2.4361 train_time:46496ms step_avg:98.72ms
step:472/20000 train_loss:2.5658 train_time:46593ms step_avg:98.71ms
step:473/20000 train_loss:2.5080 train_time:46685ms step_avg:98.70ms
step:474/20000 train_loss:2.5718 train_time:46778ms step_avg:98.69ms
step:475/20000 train_loss:2.5483 train_time:46873ms step_avg:98.68ms
step:476/20000 train_loss:2.4178 train_time:46973ms step_avg:98.68ms
step:477/20000 train_loss:2.4959 train_time:47068ms step_avg:98.68ms
step:478/20000 train_loss:2.4717 train_time:47171ms step_avg:98.68ms
step:479/20000 train_loss:2.4624 train_time:47271ms step_avg:98.69ms
step:480/20000 train_loss:2.5165 train_time:47368ms step_avg:98.68ms
step:481/20000 train_loss:2.5560 train_time:47464ms step_avg:98.68ms
step:482/20000 train_loss:2.5137 train_time:47562ms step_avg:98.68ms
step:483/20000 train_loss:2.4191 train_time:47659ms step_avg:98.67ms
step:484/20000 train_loss:2.4418 train_time:47758ms step_avg:98.67ms
step:485/20000 train_loss:2.4176 train_time:47866ms step_avg:98.69ms
step:486/20000 train_loss:2.2839 train_time:47966ms step_avg:98.70ms
step:487/20000 train_loss:2.4256 train_time:48069ms step_avg:98.70ms
step:488/20000 train_loss:2.4534 train_time:48164ms step_avg:98.70ms
step:489/20000 train_loss:2.5806 train_time:48259ms step_avg:98.69ms
step:490/20000 train_loss:2.5689 train_time:48355ms step_avg:98.68ms
step:491/20000 train_loss:2.5518 train_time:48454ms step_avg:98.68ms
step:492/20000 train_loss:2.5430 train_time:48548ms step_avg:98.67ms
step:493/20000 train_loss:2.5707 train_time:48648ms step_avg:98.68ms
step:494/20000 train_loss:2.5217 train_time:48752ms step_avg:98.69ms
step:495/20000 train_loss:2.5296 train_time:48850ms step_avg:98.69ms
step:496/20000 train_loss:2.5750 train_time:48948ms step_avg:98.69ms
step:497/20000 train_loss:2.9396 train_time:49045ms step_avg:98.68ms
step:498/20000 train_loss:2.6071 train_time:49139ms step_avg:98.67ms
step:499/20000 train_loss:2.5616 train_time:49237ms step_avg:98.67ms
step:500/20000 train_loss:2.4433 train_time:49331ms step_avg:98.66ms
step:501/20000 train_loss:2.5414 train_time:49426ms step_avg:98.65ms
step:502/20000 train_loss:2.5133 train_time:49522ms step_avg:98.65ms
step:503/20000 train_loss:2.4694 train_time:49618ms step_avg:98.64ms
step:504/20000 train_loss:2.4657 train_time:49715ms step_avg:98.64ms
step:505/20000 train_loss:2.6634 train_time:49807ms step_avg:98.63ms
step:506/20000 train_loss:2.4738 train_time:49895ms step_avg:98.61ms
step:507/20000 train_loss:2.5020 train_time:49989ms step_avg:98.60ms
step:508/20000 train_loss:2.4845 train_time:50089ms step_avg:98.60ms
step:509/20000 train_loss:2.4878 train_time:50182ms step_avg:98.59ms
step:510/20000 train_loss:2.4668 train_time:50273ms step_avg:98.57ms
step:511/20000 train_loss:2.4771 train_time:50366ms step_avg:98.56ms
step:512/20000 train_loss:2.4418 train_time:50459ms step_avg:98.55ms
step:513/20000 train_loss:2.3386 train_time:50552ms step_avg:98.54ms
step:514/20000 train_loss:2.4670 train_time:50649ms step_avg:98.54ms
step:515/20000 train_loss:2.4372 train_time:50744ms step_avg:98.53ms
step:516/20000 train_loss:2.5166 train_time:50839ms step_avg:98.52ms
step:517/20000 train_loss:2.3620 train_time:50935ms step_avg:98.52ms
step:518/20000 train_loss:2.4755 train_time:51028ms step_avg:98.51ms
step:519/20000 train_loss:2.4511 train_time:51124ms step_avg:98.50ms
step:520/20000 train_loss:2.5236 train_time:51220ms step_avg:98.50ms
step:521/20000 train_loss:2.5424 train_time:51317ms step_avg:98.50ms
step:522/20000 train_loss:2.6202 train_time:51413ms step_avg:98.49ms
step:523/20000 train_loss:2.5022 train_time:51506ms step_avg:98.48ms
step:524/20000 train_loss:2.5504 train_time:51600ms step_avg:98.47ms
step:525/20000 train_loss:2.5084 train_time:51693ms step_avg:98.46ms
step:526/20000 train_loss:2.5957 train_time:51790ms step_avg:98.46ms
step:527/20000 train_loss:2.5275 train_time:51895ms step_avg:98.47ms
step:528/20000 train_loss:2.5673 train_time:51987ms step_avg:98.46ms
step:529/20000 train_loss:2.4712 train_time:52082ms step_avg:98.45ms
step:530/20000 train_loss:2.6818 train_time:52173ms step_avg:98.44ms
step:531/20000 train_loss:2.4729 train_time:52268ms step_avg:98.43ms
step:532/20000 train_loss:2.4682 train_time:52361ms step_avg:98.42ms
step:533/20000 train_loss:2.4204 train_time:52458ms step_avg:98.42ms
step:534/20000 train_loss:2.5468 train_time:52557ms step_avg:98.42ms
step:535/20000 train_loss:2.4627 train_time:52657ms step_avg:98.42ms
step:536/20000 train_loss:2.5331 train_time:52755ms step_avg:98.42ms
step:537/20000 train_loss:2.4779 train_time:52850ms step_avg:98.42ms
step:538/20000 train_loss:2.4282 train_time:52960ms step_avg:98.44ms
step:539/20000 train_loss:2.3513 train_time:53051ms step_avg:98.43ms
step:540/20000 train_loss:2.3261 train_time:53141ms step_avg:98.41ms
step:541/20000 train_loss:2.4015 train_time:53234ms step_avg:98.40ms
step:542/20000 train_loss:2.4046 train_time:53326ms step_avg:98.39ms
step:543/20000 train_loss:2.4577 train_time:53420ms step_avg:98.38ms
step:544/20000 train_loss:2.6045 train_time:53513ms step_avg:98.37ms
step:545/20000 train_loss:2.5255 train_time:53607ms step_avg:98.36ms
step:546/20000 train_loss:2.5477 train_time:53707ms step_avg:98.36ms
step:547/20000 train_loss:2.4928 train_time:53801ms step_avg:98.36ms
step:548/20000 train_loss:2.4835 train_time:53894ms step_avg:98.35ms
step:549/20000 train_loss:2.5197 train_time:53994ms step_avg:98.35ms
step:550/20000 train_loss:2.4546 train_time:54087ms step_avg:98.34ms
step:551/20000 train_loss:2.5026 train_time:54183ms step_avg:98.34ms
step:552/20000 train_loss:2.5197 train_time:54280ms step_avg:98.33ms
step:553/20000 train_loss:2.5081 train_time:54375ms step_avg:98.33ms
step:554/20000 train_loss:2.5197 train_time:54470ms step_avg:98.32ms
step:555/20000 train_loss:2.4976 train_time:54563ms step_avg:98.31ms
step:556/20000 train_loss:2.5175 train_time:54655ms step_avg:98.30ms
step:557/20000 train_loss:2.5702 train_time:54748ms step_avg:98.29ms
step:558/20000 train_loss:2.5565 train_time:54843ms step_avg:98.28ms
step:559/20000 train_loss:2.4947 train_time:54946ms step_avg:98.29ms
step:560/20000 train_loss:2.4837 train_time:55038ms step_avg:98.28ms
step:561/20000 train_loss:2.4586 train_time:55133ms step_avg:98.28ms
step:562/20000 train_loss:2.5450 train_time:55226ms step_avg:98.27ms
step:563/20000 train_loss:2.4134 train_time:55318ms step_avg:98.26ms
step:564/20000 train_loss:2.4430 train_time:55414ms step_avg:98.25ms
step:565/20000 train_loss:2.4751 train_time:55509ms step_avg:98.25ms
step:566/20000 train_loss:2.3999 train_time:55605ms step_avg:98.24ms
step:567/20000 train_loss:2.3322 train_time:55705ms step_avg:98.25ms
step:568/20000 train_loss:2.2662 train_time:55804ms step_avg:98.25ms
step:569/20000 train_loss:2.4333 train_time:55886ms step_avg:98.22ms
step:570/20000 train_loss:2.5440 train_time:55976ms step_avg:98.20ms
step:571/20000 train_loss:2.4627 train_time:56072ms step_avg:98.20ms
step:572/20000 train_loss:2.4383 train_time:56164ms step_avg:98.19ms
step:573/20000 train_loss:2.5255 train_time:57059ms step_avg:99.58ms
step:574/20000 train_loss:2.4973 train_time:57152ms step_avg:99.57ms
step:575/20000 train_loss:2.5147 train_time:57246ms step_avg:99.56ms
step:576/20000 train_loss:2.4230 train_time:57343ms step_avg:99.55ms
step:577/20000 train_loss:2.4735 train_time:57436ms step_avg:99.54ms
step:578/20000 train_loss:2.4623 train_time:57530ms step_avg:99.53ms
step:579/20000 train_loss:2.4597 train_time:57626ms step_avg:99.53ms
step:580/20000 train_loss:2.4494 train_time:57731ms step_avg:99.54ms
step:581/20000 train_loss:2.4759 train_time:57824ms step_avg:99.52ms
step:582/20000 train_loss:2.4927 train_time:57921ms step_avg:99.52ms
step:583/20000 train_loss:2.5018 train_time:58026ms step_avg:99.53ms
step:584/20000 train_loss:2.4637 train_time:58121ms step_avg:99.52ms
step:585/20000 train_loss:2.3802 train_time:58218ms step_avg:99.52ms
step:586/20000 train_loss:2.3630 train_time:58319ms step_avg:99.52ms
step:587/20000 train_loss:2.4497 train_time:58412ms step_avg:99.51ms
step:588/20000 train_loss:2.3905 train_time:58504ms step_avg:99.50ms
step:589/20000 train_loss:2.4381 train_time:58599ms step_avg:99.49ms
step:590/20000 train_loss:2.4278 train_time:58698ms step_avg:99.49ms
step:591/20000 train_loss:2.4004 train_time:58790ms step_avg:99.48ms
step:592/20000 train_loss:2.3946 train_time:58886ms step_avg:99.47ms
step:593/20000 train_loss:2.4832 train_time:58979ms step_avg:99.46ms
step:594/20000 train_loss:2.3431 train_time:59073ms step_avg:99.45ms
step:595/20000 train_loss:2.3504 train_time:59168ms step_avg:99.44ms
step:596/20000 train_loss:2.3028 train_time:59270ms step_avg:99.45ms
step:597/20000 train_loss:2.2797 train_time:59366ms step_avg:99.44ms
step:598/20000 train_loss:2.3266 train_time:59459ms step_avg:99.43ms
step:599/20000 train_loss:2.4568 train_time:59550ms step_avg:99.41ms
step:600/20000 train_loss:2.5280 train_time:59643ms step_avg:99.41ms
step:601/20000 train_loss:2.4258 train_time:59735ms step_avg:99.39ms
step:602/20000 train_loss:2.4525 train_time:59832ms step_avg:99.39ms
step:603/20000 train_loss:2.4870 train_time:59925ms step_avg:99.38ms
step:604/20000 train_loss:2.5270 train_time:60021ms step_avg:99.37ms
step:605/20000 train_loss:2.5066 train_time:60112ms step_avg:99.36ms
step:606/20000 train_loss:2.4694 train_time:60206ms step_avg:99.35ms
step:607/20000 train_loss:2.3782 train_time:60299ms step_avg:99.34ms
step:608/20000 train_loss:2.4569 train_time:60391ms step_avg:99.33ms
step:609/20000 train_loss:2.3841 train_time:60490ms step_avg:99.33ms
step:610/20000 train_loss:2.4777 train_time:60598ms step_avg:99.34ms
step:611/20000 train_loss:2.4410 train_time:60693ms step_avg:99.33ms
step:612/20000 train_loss:2.4760 train_time:60793ms step_avg:99.33ms
step:613/20000 train_loss:2.4861 train_time:60888ms step_avg:99.33ms
step:614/20000 train_loss:2.4614 train_time:60980ms step_avg:99.32ms
step:615/20000 train_loss:2.4144 train_time:61077ms step_avg:99.31ms
step:616/20000 train_loss:2.4097 train_time:61174ms step_avg:99.31ms
step:617/20000 train_loss:2.5053 train_time:61273ms step_avg:99.31ms
step:618/20000 train_loss:2.5142 train_time:61380ms step_avg:99.32ms
step:619/20000 train_loss:2.4708 train_time:61479ms step_avg:99.32ms
step:620/20000 train_loss:2.5017 train_time:61577ms step_avg:99.32ms
step:621/20000 train_loss:2.4247 train_time:61677ms step_avg:99.32ms
step:622/20000 train_loss:2.2721 train_time:61772ms step_avg:99.31ms
step:623/20000 train_loss:2.2867 train_time:61864ms step_avg:99.30ms
step:624/20000 train_loss:2.3772 train_time:61963ms step_avg:99.30ms
step:625/20000 train_loss:2.4259 train_time:62060ms step_avg:99.30ms
step:626/20000 train_loss:2.4628 train_time:62158ms step_avg:99.29ms
step:627/20000 train_loss:2.4608 train_time:62261ms step_avg:99.30ms
step:628/20000 train_loss:2.4764 train_time:62365ms step_avg:99.31ms
step:629/20000 train_loss:2.4536 train_time:62469ms step_avg:99.31ms
step:630/20000 train_loss:2.6931 train_time:62571ms step_avg:99.32ms
step:631/20000 train_loss:2.4929 train_time:62670ms step_avg:99.32ms
step:632/20000 train_loss:2.5109 train_time:62769ms step_avg:99.32ms
step:633/20000 train_loss:2.4876 train_time:62870ms step_avg:99.32ms
step:634/20000 train_loss:2.4671 train_time:62965ms step_avg:99.31ms
step:635/20000 train_loss:2.4019 train_time:63060ms step_avg:99.31ms
step:636/20000 train_loss:2.4326 train_time:63153ms step_avg:99.30ms
step:637/20000 train_loss:2.4526 train_time:63253ms step_avg:99.30ms
step:638/20000 train_loss:2.4536 train_time:63351ms step_avg:99.30ms
step:639/20000 train_loss:2.4175 train_time:63452ms step_avg:99.30ms
step:640/20000 train_loss:2.2577 train_time:63565ms step_avg:99.32ms
step:641/20000 train_loss:2.4617 train_time:63668ms step_avg:99.33ms
step:642/20000 train_loss:2.4167 train_time:63772ms step_avg:99.33ms
step:643/20000 train_loss:2.3946 train_time:63872ms step_avg:99.33ms
step:644/20000 train_loss:2.4516 train_time:63971ms step_avg:99.33ms
step:645/20000 train_loss:2.4191 train_time:64070ms step_avg:99.33ms
step:646/20000 train_loss:2.3772 train_time:64171ms step_avg:99.34ms
step:647/20000 train_loss:2.4628 train_time:64270ms step_avg:99.34ms
step:648/20000 train_loss:2.3517 train_time:64372ms step_avg:99.34ms
step:649/20000 train_loss:2.4182 train_time:64473ms step_avg:99.34ms
step:650/20000 train_loss:2.3730 train_time:64571ms step_avg:99.34ms
step:651/20000 train_loss:2.3419 train_time:64670ms step_avg:99.34ms
step:652/20000 train_loss:2.4910 train_time:64772ms step_avg:99.34ms
step:653/20000 train_loss:2.4209 train_time:64873ms step_avg:99.35ms
step:654/20000 train_loss:2.3427 train_time:64988ms step_avg:99.37ms
step:655/20000 train_loss:2.4453 train_time:65091ms step_avg:99.38ms
step:656/20000 train_loss:2.3377 train_time:65181ms step_avg:99.36ms
step:657/20000 train_loss:2.4257 train_time:65270ms step_avg:99.35ms
step:658/20000 train_loss:2.5167 train_time:65362ms step_avg:99.33ms
step:659/20000 train_loss:2.4319 train_time:65455ms step_avg:99.32ms
step:660/20000 train_loss:2.5665 train_time:65547ms step_avg:99.31ms
step:661/20000 train_loss:2.3233 train_time:65643ms step_avg:99.31ms
step:662/20000 train_loss:2.3784 train_time:65738ms step_avg:99.30ms
step:663/20000 train_loss:2.4928 train_time:65831ms step_avg:99.29ms
step:664/20000 train_loss:2.4837 train_time:65926ms step_avg:99.29ms
step:665/20000 train_loss:2.4271 train_time:66033ms step_avg:99.30ms
step:666/20000 train_loss:2.4515 train_time:66131ms step_avg:99.30ms
step:667/20000 train_loss:2.4413 train_time:66228ms step_avg:99.29ms
step:668/20000 train_loss:2.4259 train_time:66325ms step_avg:99.29ms
step:669/20000 train_loss:2.3999 train_time:66425ms step_avg:99.29ms
step:670/20000 train_loss:2.5534 train_time:66522ms step_avg:99.29ms
step:671/20000 train_loss:2.4187 train_time:66630ms step_avg:99.30ms
step:672/20000 train_loss:2.3587 train_time:66730ms step_avg:99.30ms
step:673/20000 train_loss:2.3930 train_time:66834ms step_avg:99.31ms
step:674/20000 train_loss:2.4249 train_time:66937ms step_avg:99.31ms
step:675/20000 train_loss:2.3130 train_time:67037ms step_avg:99.31ms
step:676/20000 train_loss:2.3077 train_time:67139ms step_avg:99.32ms
step:677/20000 train_loss:2.3043 train_time:67238ms step_avg:99.32ms
step:678/20000 train_loss:2.2861 train_time:67336ms step_avg:99.32ms
step:679/20000 train_loss:2.4126 train_time:67440ms step_avg:99.32ms
step:680/20000 train_loss:2.4683 train_time:67540ms step_avg:99.32ms
step:681/20000 train_loss:2.3639 train_time:67637ms step_avg:99.32ms
step:682/20000 train_loss:2.4391 train_time:67743ms step_avg:99.33ms
step:683/20000 train_loss:2.5028 train_time:67843ms step_avg:99.33ms
step:684/20000 train_loss:2.5148 train_time:67946ms step_avg:99.34ms
step:685/20000 train_loss:2.4438 train_time:68053ms step_avg:99.35ms
step:686/20000 train_loss:2.4497 train_time:68151ms step_avg:99.35ms
step:687/20000 train_loss:2.4315 train_time:68249ms step_avg:99.34ms
step:688/20000 train_loss:2.4000 train_time:68351ms step_avg:99.35ms
step:689/20000 train_loss:2.4047 train_time:68455ms step_avg:99.35ms
step:690/20000 train_loss:2.4162 train_time:68553ms step_avg:99.35ms
step:691/20000 train_loss:2.4150 train_time:68654ms step_avg:99.35ms
step:692/20000 train_loss:2.4235 train_time:68754ms step_avg:99.36ms
step:693/20000 train_loss:2.4176 train_time:68844ms step_avg:99.34ms
step:694/20000 train_loss:2.4593 train_time:68948ms step_avg:99.35ms
step:695/20000 train_loss:2.4202 train_time:69043ms step_avg:99.34ms
step:696/20000 train_loss:2.3618 train_time:69138ms step_avg:99.34ms
step:697/20000 train_loss:2.4279 train_time:69234ms step_avg:99.33ms
step:698/20000 train_loss:2.3516 train_time:69319ms step_avg:99.31ms
step:699/20000 train_loss:2.4255 train_time:69410ms step_avg:99.30ms
step:700/20000 train_loss:2.4176 train_time:69504ms step_avg:99.29ms
step:701/20000 train_loss:2.3955 train_time:69597ms step_avg:99.28ms
step:702/20000 train_loss:2.6165 train_time:69691ms step_avg:99.28ms
step:703/20000 train_loss:2.3790 train_time:69786ms step_avg:99.27ms
step:704/20000 train_loss:2.4617 train_time:69879ms step_avg:99.26ms
step:705/20000 train_loss:2.4895 train_time:69972ms step_avg:99.25ms
step:706/20000 train_loss:2.4562 train_time:70111ms step_avg:99.31ms
step:707/20000 train_loss:2.3960 train_time:70210ms step_avg:99.31ms
step:708/20000 train_loss:2.3631 train_time:70309ms step_avg:99.31ms
step:709/20000 train_loss:2.3158 train_time:70418ms step_avg:99.32ms
step:710/20000 train_loss:2.3207 train_time:70520ms step_avg:99.32ms
step:711/20000 train_loss:2.4273 train_time:70623ms step_avg:99.33ms
step:712/20000 train_loss:2.4269 train_time:70730ms step_avg:99.34ms
step:713/20000 train_loss:2.3764 train_time:70834ms step_avg:99.35ms
step:714/20000 train_loss:2.3896 train_time:70934ms step_avg:99.35ms
step:715/20000 train_loss:2.3886 train_time:71033ms step_avg:99.35ms
step:716/20000 train_loss:2.3382 train_time:71132ms step_avg:99.35ms
step:717/20000 train_loss:2.4152 train_time:71230ms step_avg:99.34ms
step:718/20000 train_loss:2.4809 train_time:71328ms step_avg:99.34ms
step:719/20000 train_loss:2.2829 train_time:71430ms step_avg:99.35ms
step:720/20000 train_loss:2.3399 train_time:71530ms step_avg:99.35ms
step:721/20000 train_loss:2.3950 train_time:71626ms step_avg:99.34ms
step:722/20000 train_loss:2.2722 train_time:71725ms step_avg:99.34ms
step:723/20000 train_loss:2.3583 train_time:71822ms step_avg:99.34ms
step:724/20000 train_loss:2.3381 train_time:71925ms step_avg:99.34ms
step:725/20000 train_loss:2.4171 train_time:72035ms step_avg:99.36ms
step:726/20000 train_loss:2.4191 train_time:72131ms step_avg:99.35ms
step:727/20000 train_loss:2.4605 train_time:72227ms step_avg:99.35ms
step:728/20000 train_loss:2.4232 train_time:72327ms step_avg:99.35ms
step:729/20000 train_loss:2.4988 train_time:72425ms step_avg:99.35ms
step:730/20000 train_loss:2.4679 train_time:72527ms step_avg:99.35ms
step:731/20000 train_loss:2.4370 train_time:72628ms step_avg:99.35ms
step:732/20000 train_loss:2.5636 train_time:72732ms step_avg:99.36ms
step:733/20000 train_loss:2.3687 train_time:72850ms step_avg:99.39ms
step:734/20000 train_loss:2.4165 train_time:72955ms step_avg:99.39ms
step:735/20000 train_loss:2.4070 train_time:73054ms step_avg:99.39ms
step:736/20000 train_loss:2.2284 train_time:73150ms step_avg:99.39ms
step:737/20000 train_loss:2.3992 train_time:73257ms step_avg:99.40ms
step:738/20000 train_loss:2.3956 train_time:73362ms step_avg:99.41ms
step:739/20000 train_loss:2.3514 train_time:73451ms step_avg:99.39ms
step:740/20000 train_loss:2.2836 train_time:73550ms step_avg:99.39ms
step:741/20000 train_loss:2.4497 train_time:73646ms step_avg:99.39ms
step:742/20000 train_loss:2.3877 train_time:73740ms step_avg:99.38ms
step:743/20000 train_loss:2.4359 train_time:73841ms step_avg:99.38ms
step:744/20000 train_loss:2.4073 train_time:73935ms step_avg:99.38ms
step:745/20000 train_loss:2.4229 train_time:74038ms step_avg:99.38ms
step:746/20000 train_loss:2.5126 train_time:74140ms step_avg:99.38ms
step:747/20000 train_loss:2.3471 train_time:74233ms step_avg:99.37ms
step:748/20000 train_loss:2.4560 train_time:74333ms step_avg:99.38ms
step:749/20000 train_loss:2.4081 train_time:74431ms step_avg:99.37ms
step:750/20000 train_loss:2.3560 train_time:74523ms step_avg:99.36ms
step:751/20000 train_loss:2.3286 train_time:74634ms step_avg:99.38ms
step:752/20000 train_loss:2.3960 train_time:74729ms step_avg:99.37ms
step:753/20000 train_loss:2.3920 train_time:74823ms step_avg:99.37ms
step:754/20000 train_loss:2.3682 train_time:74918ms step_avg:99.36ms
step:755/20000 train_loss:2.4452 train_time:75026ms step_avg:99.37ms
step:756/20000 train_loss:2.4161 train_time:75127ms step_avg:99.37ms
step:757/20000 train_loss:2.4522 train_time:75230ms step_avg:99.38ms
step:758/20000 train_loss:2.4753 train_time:75328ms step_avg:99.38ms
step:759/20000 train_loss:2.4374 train_time:75424ms step_avg:99.37ms
step:760/20000 train_loss:2.3412 train_time:75521ms step_avg:99.37ms
step:761/20000 train_loss:2.3862 train_time:75624ms step_avg:99.38ms
step:762/20000 train_loss:2.3597 train_time:75723ms step_avg:99.37ms
step:763/20000 train_loss:2.3214 train_time:76384ms step_avg:100.11ms
step:764/20000 train_loss:2.3092 train_time:76658ms step_avg:100.34ms
step:765/20000 train_loss:2.3720 train_time:76751ms step_avg:100.33ms
step:766/20000 train_loss:2.4324 train_time:76846ms step_avg:100.32ms
step:767/20000 train_loss:2.4006 train_time:76939ms step_avg:100.31ms
step:768/20000 train_loss:2.4361 train_time:77033ms step_avg:100.30ms
step:769/20000 train_loss:2.3694 train_time:77127ms step_avg:100.30ms
step:770/20000 train_loss:2.3925 train_time:77222ms step_avg:100.29ms
step:771/20000 train_loss:2.3383 train_time:77316ms step_avg:100.28ms
step:772/20000 train_loss:2.5016 train_time:77411ms step_avg:100.27ms
step:773/20000 train_loss:2.3338 train_time:77505ms step_avg:100.27ms
step:774/20000 train_loss:2.3123 train_time:77603ms step_avg:100.26ms
step:775/20000 train_loss:2.3558 train_time:77700ms step_avg:100.26ms
step:776/20000 train_loss:2.3949 train_time:77799ms step_avg:100.26ms
step:777/20000 train_loss:2.3838 train_time:77894ms step_avg:100.25ms
step:778/20000 train_loss:2.3762 train_time:77994ms step_avg:100.25ms
step:779/20000 train_loss:2.2906 train_time:78092ms step_avg:100.25ms
step:780/20000 train_loss:2.4366 train_time:78187ms step_avg:100.24ms
step:781/20000 train_loss:2.3690 train_time:78284ms step_avg:100.24ms
step:782/20000 train_loss:2.4482 train_time:78389ms step_avg:100.24ms
step:783/20000 train_loss:2.4274 train_time:78487ms step_avg:100.24ms
step:784/20000 train_loss:2.3975 train_time:78581ms step_avg:100.23ms
step:785/20000 train_loss:2.4369 train_time:78681ms step_avg:100.23ms
step:786/20000 train_loss:2.5128 train_time:78780ms step_avg:100.23ms
step:787/20000 train_loss:2.4309 train_time:78880ms step_avg:100.23ms
step:788/20000 train_loss:2.3730 train_time:78980ms step_avg:100.23ms
step:789/20000 train_loss:2.4414 train_time:79081ms step_avg:100.23ms
step:790/20000 train_loss:2.3420 train_time:79179ms step_avg:100.23ms
step:791/20000 train_loss:2.4251 train_time:79280ms step_avg:100.23ms
step:792/20000 train_loss:2.4439 train_time:79381ms step_avg:100.23ms
step:793/20000 train_loss:2.4274 train_time:79483ms step_avg:100.23ms
step:794/20000 train_loss:2.3631 train_time:79586ms step_avg:100.23ms
step:795/20000 train_loss:2.3541 train_time:79685ms step_avg:100.23ms
step:796/20000 train_loss:2.4036 train_time:79784ms step_avg:100.23ms
step:797/20000 train_loss:2.3468 train_time:79893ms step_avg:100.24ms
step:798/20000 train_loss:2.3495 train_time:79994ms step_avg:100.24ms
step:799/20000 train_loss:2.5549 train_time:80098ms step_avg:100.25ms
step:800/20000 train_loss:2.3186 train_time:80196ms step_avg:100.25ms
step:801/20000 train_loss:2.4032 train_time:80293ms step_avg:100.24ms
step:802/20000 train_loss:2.3087 train_time:80391ms step_avg:100.24ms
step:803/20000 train_loss:2.3879 train_time:80493ms step_avg:100.24ms
step:804/20000 train_loss:2.3628 train_time:80591ms step_avg:100.24ms
step:805/20000 train_loss:2.3637 train_time:80697ms step_avg:100.24ms
step:806/20000 train_loss:2.3318 train_time:80795ms step_avg:100.24ms
step:807/20000 train_loss:2.2846 train_time:80892ms step_avg:100.24ms
step:808/20000 train_loss:2.3692 train_time:80987ms step_avg:100.23ms
step:809/20000 train_loss:2.3923 train_time:81081ms step_avg:100.22ms
step:810/20000 train_loss:2.4618 train_time:81178ms step_avg:100.22ms
step:811/20000 train_loss:2.3050 train_time:81281ms step_avg:100.22ms
step:812/20000 train_loss:2.4854 train_time:81377ms step_avg:100.22ms
step:813/20000 train_loss:2.3756 train_time:81471ms step_avg:100.21ms
step:814/20000 train_loss:2.3383 train_time:81569ms step_avg:100.21ms
step:815/20000 train_loss:2.3928 train_time:81669ms step_avg:100.21ms
step:816/20000 train_loss:2.2634 train_time:81763ms step_avg:100.20ms
step:817/20000 train_loss:2.3775 train_time:81872ms step_avg:100.21ms
step:818/20000 train_loss:2.6664 train_time:81970ms step_avg:100.21ms
step:819/20000 train_loss:2.2700 train_time:82064ms step_avg:100.20ms
step:820/20000 train_loss:2.3494 train_time:82169ms step_avg:100.21ms
step:821/20000 train_loss:2.3567 train_time:82270ms step_avg:100.21ms
step:822/20000 train_loss:2.3920 train_time:82369ms step_avg:100.21ms
step:823/20000 train_loss:2.3268 train_time:82471ms step_avg:100.21ms
step:824/20000 train_loss:2.2739 train_time:82569ms step_avg:100.21ms
step:825/20000 train_loss:2.3803 train_time:82667ms step_avg:100.20ms
step:826/20000 train_loss:2.4075 train_time:82769ms step_avg:100.20ms
step:827/20000 train_loss:2.4035 train_time:82880ms step_avg:100.22ms
step:828/20000 train_loss:2.3769 train_time:82981ms step_avg:100.22ms
step:829/20000 train_loss:2.3952 train_time:83073ms step_avg:100.21ms
step:830/20000 train_loss:2.3414 train_time:83169ms step_avg:100.20ms
step:831/20000 train_loss:2.3814 train_time:83264ms step_avg:100.20ms
step:832/20000 train_loss:2.4184 train_time:83358ms step_avg:100.19ms
step:833/20000 train_loss:2.3832 train_time:83465ms step_avg:100.20ms
step:834/20000 train_loss:2.3145 train_time:83566ms step_avg:100.20ms
step:835/20000 train_loss:2.4559 train_time:83660ms step_avg:100.19ms
step:836/20000 train_loss:2.3604 train_time:83757ms step_avg:100.19ms
step:837/20000 train_loss:2.4691 train_time:83862ms step_avg:100.19ms
step:838/20000 train_loss:2.4279 train_time:83949ms step_avg:100.18ms
step:839/20000 train_loss:2.3810 train_time:84042ms step_avg:100.17ms
step:840/20000 train_loss:2.4103 train_time:84145ms step_avg:100.17ms
step:841/20000 train_loss:2.2882 train_time:84239ms step_avg:100.16ms
step:842/20000 train_loss:2.3432 train_time:84332ms step_avg:100.16ms
step:843/20000 train_loss:2.3113 train_time:84432ms step_avg:100.16ms
step:844/20000 train_loss:2.3283 train_time:84523ms step_avg:100.15ms
step:845/20000 train_loss:2.4325 train_time:84614ms step_avg:100.14ms
step:846/20000 train_loss:2.2607 train_time:84711ms step_avg:100.13ms
step:847/20000 train_loss:2.2890 train_time:84804ms step_avg:100.12ms
step:848/20000 train_loss:2.3941 train_time:84900ms step_avg:100.12ms
step:849/20000 train_loss:2.3685 train_time:84992ms step_avg:100.11ms
step:850/20000 train_loss:2.5869 train_time:85097ms step_avg:100.11ms
step:851/20000 train_loss:2.3842 train_time:85190ms step_avg:100.11ms
step:852/20000 train_loss:2.3346 train_time:85285ms step_avg:100.10ms
step:853/20000 train_loss:2.3284 train_time:85380ms step_avg:100.09ms
step:854/20000 train_loss:2.3965 train_time:85475ms step_avg:100.09ms
step:855/20000 train_loss:2.3506 train_time:85567ms step_avg:100.08ms
step:856/20000 train_loss:2.3568 train_time:85664ms step_avg:100.07ms
step:857/20000 train_loss:2.3699 train_time:85769ms step_avg:100.08ms
step:858/20000 train_loss:2.2994 train_time:85867ms step_avg:100.08ms
step:859/20000 train_loss:2.3607 train_time:85960ms step_avg:100.07ms
step:860/20000 train_loss:2.3056 train_time:86069ms step_avg:100.08ms
step:861/20000 train_loss:2.4331 train_time:86169ms step_avg:100.08ms
step:862/20000 train_loss:2.4107 train_time:86265ms step_avg:100.08ms
step:863/20000 train_loss:2.3584 train_time:86352ms step_avg:100.06ms
step:864/20000 train_loss:2.3302 train_time:86447ms step_avg:100.05ms
step:865/20000 train_loss:2.3712 train_time:86541ms step_avg:100.05ms
step:866/20000 train_loss:2.4459 train_time:86635ms step_avg:100.04ms
step:867/20000 train_loss:2.3621 train_time:86738ms step_avg:100.04ms
step:868/20000 train_loss:2.3864 train_time:86833ms step_avg:100.04ms
step:869/20000 train_loss:2.4356 train_time:86926ms step_avg:100.03ms
step:870/20000 train_loss:2.3640 train_time:87024ms step_avg:100.03ms
step:871/20000 train_loss:2.3385 train_time:87121ms step_avg:100.02ms
step:872/20000 train_loss:2.3546 train_time:87215ms step_avg:100.02ms
step:873/20000 train_loss:2.3537 train_time:87311ms step_avg:100.01ms
step:874/20000 train_loss:2.3917 train_time:87405ms step_avg:100.01ms
step:875/20000 train_loss:2.3556 train_time:87501ms step_avg:100.00ms
step:876/20000 train_loss:2.3596 train_time:87599ms step_avg:100.00ms
step:877/20000 train_loss:2.3623 train_time:87703ms step_avg:100.00ms
step:878/20000 train_loss:2.3659 train_time:87802ms step_avg:100.00ms
step:879/20000 train_loss:2.2667 train_time:87899ms step_avg:100.00ms
step:880/20000 train_loss:2.3738 train_time:87993ms step_avg:99.99ms
step:881/20000 train_loss:2.3385 train_time:88090ms step_avg:99.99ms
step:882/20000 train_loss:2.3181 train_time:88191ms step_avg:99.99ms
step:883/20000 train_loss:2.3218 train_time:88298ms step_avg:100.00ms
step:884/20000 train_loss:2.3368 train_time:88395ms step_avg:99.99ms
step:885/20000 train_loss:2.3986 train_time:88495ms step_avg:99.99ms
step:886/20000 train_loss:2.3708 train_time:88594ms step_avg:99.99ms
step:887/20000 train_loss:2.3415 train_time:88688ms step_avg:99.99ms
step:888/20000 train_loss:2.3405 train_time:88786ms step_avg:99.98ms
step:889/20000 train_loss:2.6783 train_time:88887ms step_avg:99.99ms
step:890/20000 train_loss:2.3851 train_time:88983ms step_avg:99.98ms
step:891/20000 train_loss:2.3394 train_time:89078ms step_avg:99.98ms
step:892/20000 train_loss:2.3279 train_time:89174ms step_avg:99.97ms
step:893/20000 train_loss:2.4253 train_time:89270ms step_avg:99.97ms
step:894/20000 train_loss:2.3984 train_time:89370ms step_avg:99.97ms
step:895/20000 train_loss:2.2371 train_time:89478ms step_avg:99.98ms
step:896/20000 train_loss:2.3492 train_time:89577ms step_avg:99.97ms
step:897/20000 train_loss:2.3743 train_time:89679ms step_avg:99.98ms
step:898/20000 train_loss:2.3159 train_time:89776ms step_avg:99.97ms
step:899/20000 train_loss:2.4025 train_time:89871ms step_avg:99.97ms
step:900/20000 train_loss:2.3396 train_time:89970ms step_avg:99.97ms
step:901/20000 train_loss:2.3616 train_time:90069ms step_avg:99.97ms
step:902/20000 train_loss:2.2825 train_time:90167ms step_avg:99.96ms
step:903/20000 train_loss:2.3327 train_time:90261ms step_avg:99.96ms
step:904/20000 train_loss:2.3502 train_time:90361ms step_avg:99.96ms
step:905/20000 train_loss:2.1569 train_time:90456ms step_avg:99.95ms
step:906/20000 train_loss:2.2936 train_time:90555ms step_avg:99.95ms
step:907/20000 train_loss:2.2105 train_time:90648ms step_avg:99.94ms
step:908/20000 train_loss:2.4227 train_time:90748ms step_avg:99.94ms
step:909/20000 train_loss:2.3898 train_time:90847ms step_avg:99.94ms
step:910/20000 train_loss:2.3992 train_time:90941ms step_avg:99.94ms
step:911/20000 train_loss:2.2914 train_time:91036ms step_avg:99.93ms
step:912/20000 train_loss:2.3612 train_time:91131ms step_avg:99.92ms
step:913/20000 train_loss:2.3649 train_time:91226ms step_avg:99.92ms
step:914/20000 train_loss:2.3813 train_time:91318ms step_avg:99.91ms
step:915/20000 train_loss:2.3948 train_time:91411ms step_avg:99.90ms
step:916/20000 train_loss:2.3247 train_time:91508ms step_avg:99.90ms
step:917/20000 train_loss:2.4781 train_time:91603ms step_avg:99.89ms
step:918/20000 train_loss:2.4078 train_time:91695ms step_avg:99.89ms
step:919/20000 train_loss:2.3212 train_time:91803ms step_avg:99.89ms
step:920/20000 train_loss:2.2994 train_time:91901ms step_avg:99.89ms
step:921/20000 train_loss:2.3792 train_time:91996ms step_avg:99.89ms
step:922/20000 train_loss:2.3357 train_time:92091ms step_avg:99.88ms
step:923/20000 train_loss:2.3343 train_time:92178ms step_avg:99.87ms
step:924/20000 train_loss:2.3369 train_time:92267ms step_avg:99.86ms
step:925/20000 train_loss:2.2512 train_time:92371ms step_avg:99.86ms
step:926/20000 train_loss:2.3378 train_time:92468ms step_avg:99.86ms
step:927/20000 train_loss:2.3534 train_time:92556ms step_avg:99.84ms
step:928/20000 train_loss:2.3186 train_time:92650ms step_avg:99.84ms
step:929/20000 train_loss:2.3230 train_time:92745ms step_avg:99.83ms
step:930/20000 train_loss:2.5521 train_time:92837ms step_avg:99.83ms
step:931/20000 train_loss:2.3341 train_time:92930ms step_avg:99.82ms
step:932/20000 train_loss:2.3563 train_time:93023ms step_avg:99.81ms
step:933/20000 train_loss:2.2966 train_time:93115ms step_avg:99.80ms
step:934/20000 train_loss:2.3625 train_time:93212ms step_avg:99.80ms
step:935/20000 train_loss:2.3392 train_time:93306ms step_avg:99.79ms
step:936/20000 train_loss:2.2966 train_time:93400ms step_avg:99.79ms
W0320 13:50:44.566000 14048 torch/distributed/elastic/agent/server/api.py:725] Received 15 death signal, shutting down workers
W0320 13:50:44.569000 14048 torch/distributed/elastic/multiprocessing/api.py:908] Sending process 14060 closing signal SIGTERM
W0320 13:50:44.572000 14048 torch/distributed/elastic/multiprocessing/api.py:908] Sending process 14061 closing signal SIGTERM
W0320 13:50:44.576000 14048 torch/distributed/elastic/multiprocessing/api.py:908] Sending process 14062 closing signal SIGTERM
W0320 13:50:44.580000 14048 torch/distributed/elastic/multiprocessing/api.py:908] Sending process 14063 closing signal SIGTERM
Traceback (most recent call last):
  File "/usr/local/bin/torchrun", line 7, in <module>
    sys.exit(main())
             ^^^^^^
  File "/usr/local/lib/python3.12/dist-packages/torch/distributed/elastic/multiprocessing/errors/__init__.py", line 357, in wrapper
    return f(*args, **kwargs)
           ^^^^^^^^^^^^^^^^^^
  File "/usr/local/lib/python3.12/dist-packages/torch/distributed/run.py", line 936, in main
    run(args)
  File "/usr/local/lib/python3.12/dist-packages/torch/distributed/run.py", line 927, in run
    elastic_launch(
  File "/usr/local/lib/python3.12/dist-packages/torch/distributed/launcher/api.py", line 156, in __call__
    return launch_agent(self._config, self._entrypoint, list(args))
           ^^^^^^^^^^^^^^^^^^^^^^^^^^^^^^^^^^^^^^^^^^^^^^^^^^^^^^^^
  File "/usr/local/lib/python3.12/dist-packages/torch/distributed/launcher/api.py", line 284, in launch_agent
    result = agent.run()
             ^^^^^^^^^^^
  File "/usr/local/lib/python3.12/dist-packages/torch/distributed/elastic/metrics/api.py", line 138, in wrapper
    result = f(*args, **kwargs)
             ^^^^^^^^^^^^^^^^^^
  File "/usr/local/lib/python3.12/dist-packages/torch/distributed/elastic/agent/server/api.py", line 717, in run
    result = self._invoke_run(role)
             ^^^^^^^^^^^^^^^^^^^^^^
  File "/usr/local/lib/python3.12/dist-packages/torch/distributed/elastic/agent/server/api.py", line 881, in _invoke_run
    time.sleep(monitor_interval)
  File "/usr/local/lib/python3.12/dist-packages/torch/distributed/elastic/multiprocessing/api.py", line 85, in _terminate_process_handler
    raise SignalException(f"Process {os.getpid()} got signal: {sigval}", sigval=sigval)
torch.distributed.elastic.multiprocessing.api.SignalException: Process 14048 got signal: 15
